# JRE version: 7.0_25-b16
# Java VM: Java HotSpot(TM) Client VM (23.25-b01 mixed mode, sharing windows-x86 )
Heap
 def new generation   total 4928K, used 1948K [0x23cf0000, 0x24240000, 0x29240000)
  eden space 4416K,  41% used [0x23cf0000, 0x23eb7dd8, 0x24140000)
  from space 512K,  24% used [0x24140000, 0x2415f318, 0x241c0000)
  to   space 512K,   0% used [0x241c0000, 0x241c0000, 0x24240000)
 tenured generation   total 10944K, used 10170K [0x29240000, 0x29cf0000, 0x33cf0000)
   the space 10944K,  92% used [0x29240000, 0x29c2e880, 0x29c2ea00, 0x29cf0000)
 compacting perm gen  total 12288K, used 3148K [0x33cf0000, 0x348f0000, 0x37cf0000)
   the space 12288K,  25% used [0x33cf0000, 0x340032c8, 0x34003400, 0x348f0000)
    ro space 10240K,  45% used [0x37cf0000, 0x38179b28, 0x38179c00, 0x386f0000)
    rw space 12288K,  54% used [0x386f0000, 0x38d7d0e8, 0x38d7d200, 0x392f0000)
GC Heap History (10 events):
Event: 5.280 GC heap before
{Heap before GC invocations=61 (full 0):
 def new generation   total 4928K, used 4532K [0x23cf0000, 0x24240000, 0x29240000)
  eden space 4416K, 100% used [0x23cf0000, 0x24140000, 0x24140000)
  from space 512K,  22% used [0x241c0000, 0x241dd118, 0x24240000)
  to   space 512K,   0% used [0x24140000, 0x24140000, 0x241c0000)
 tenured generation   total 10944K, used 10131K [0x29240000, 0x29cf0000, 0x33cf0000)
   the space 10944K,  92% used [0x29240000, 0x29c24f40, 0x29c25000, 0x29cf0000)
 compacting perm gen  total 12288K, used 3126K [0x33cf0000, 0x348f0000, 0x37cf0000)
   the space 12288K,  25% used [0x33cf0000, 0x33ffd9c0, 0x33ffda00, 0x348f0000)
    ro space 10240K,  45% used [0x37cf0000, 0x38179b28, 0x38179c00, 0x386f0000)
    rw space 12288K,  54% used [0x386f0000, 0x38d7d0e8, 0x38d7d200, 0x392f0000)
Event: 5.281 GC heap after
Heap after GC invocations=62 (full 0):
 def new generation   total 4928K, used 118K [0x23cf0000, 0x24240000, 0x29240000)
  eden space 4416K,   0% used [0x23cf0000, 0x23cf0000, 0x24140000)
  from space 512K,  23% used [0x24140000, 0x2415db90, 0x241c0000)
  to   space 512K,   0% used [0x241c0000, 0x241c0000, 0x24240000)
 tenured generation   total 10944K, used 10141K [0x29240000, 0x29cf0000, 0x33cf0000)
   the space 10944K,  92% used [0x29240000, 0x29c27590, 0x29c27600, 0x29cf0000)
 compacting perm gen  total 12288K, used 3126K [0x33cf0000, 0x348f0000, 0x37cf0000)
   the space 12288K,  25% used [0x33cf0000, 0x33ffd9c0, 0x33ffda00, 0x348f0000)
    ro space 10240K,  45% used [0x37cf0000, 0x38179b28, 0x38179c00, 0x386f0000)
    rw space 12288K,  54% used [0x386f0000, 0x38d7d0e8, 0x38d7d200, 0x392f0000)
}
Event: 5.335 GC heap before
{Heap before GC invocations=62 (full 0):
 def new generation   total 4928K, used 4534K [0x23cf0000, 0x24240000, 0x29240000)
  eden space 4416K, 100% used [0x23cf0000, 0x24140000, 0x24140000)
  from space 512K,  23% used [0x24140000, 0x2415db90, 0x241c0000)
  to   space 512K,   0% used [0x241c0000, 0x241c0000, 0x24240000)
 tenured generation   total 10944K, used 10141K [0x29240000, 0x29cf0000, 0x33cf0000)
   the space 10944K,  92% used [0x29240000, 0x29c27590, 0x29c27600, 0x29cf0000)
 compacting perm gen  total 12288K, used 3126K [0x33cf0000, 0x348f0000, 0x37cf0000)
   the space 12288K,  25% used [0x33cf0000, 0x33ffd9c0, 0x33ffda00, 0x348f0000)
    ro space 10240K,  45% used [0x37cf0000, 0x38179b28, 0x38179c00, 0x386f0000)
    rw space 12288K,  54% used [0x386f0000, 0x38d7d0e8, 0x38d7d200, 0x392f0000)
Event: 5.336 GC heap after
Heap after GC invocations=63 (full 0):
 def new generation   total 4928K, used 123K [0x23cf0000, 0x24240000, 0x29240000)
  eden space 4416K,   0% used [0x23cf0000, 0x23cf0000, 0x24140000)
  from space 512K,  24% used [0x241c0000, 0x241deee8, 0x24240000)
  to   space 512K,   0% used [0x24140000, 0x24140000, 0x241c0000)
 tenured generation   total 10944K, used 10146K [0x29240000, 0x29cf0000, 0x33cf0000)
   the space 10944K,  92% used [0x29240000, 0x29c288b8, 0x29c28a00, 0x29cf0000)
 compacting perm gen  total 12288K, used 3126K [0x33cf0000, 0x348f0000, 0x37cf0000)
   the space 12288K,  25% used [0x33cf0000, 0x33ffd9c0, 0x33ffda00, 0x348f0000)
    ro space 10240K,  45% used [0x37cf0000, 0x38179b28, 0x38179c00, 0x386f0000)
    rw space 12288K,  54% used [0x386f0000, 0x38d7d0e8, 0x38d7d200, 0x392f0000)
}
Event: 5.386 GC heap before
{Heap before GC invocations=63 (full 0):
 def new generation   total 4928K, used 4539K [0x23cf0000, 0x24240000, 0x29240000)
  eden space 4416K, 100% used [0x23cf0000, 0x24140000, 0x24140000)
  from space 512K,  24% used [0x241c0000, 0x241deee8, 0x24240000)
  to   space 512K,   0% used [0x24140000, 0x24140000, 0x241c0000)
 tenured generation   total 10944K, used 10146K [0x29240000, 0x29cf0000, 0x33cf0000)
   the space 10944K,  92% used [0x29240000, 0x29c288b8, 0x29c28a00, 0x29cf0000)
 compacting perm gen  total 12288K, used 3126K [0x33cf0000, 0x348f0000, 0x37cf0000)
   the space 12288K,  25% used [0x33cf0000, 0x33ffd9d0, 0x33ffda00, 0x348f0000)
    ro space 10240K,  45% used [0x37cf0000, 0x38179b28, 0x38179c00, 0x386f0000)
    rw space 12288K,  54% used [0x386f0000, 0x38d7d0e8, 0x38d7d200, 0x392f0000)
Event: 5.387 GC heap after
Heap after GC invocations=64 (full 0):
 def new generation   total 4928K, used 124K [0x23cf0000, 0x24240000, 0x29240000)
  eden space 4416K,   0% used [0x23cf0000, 0x23cf0000, 0x24140000)
  from space 512K,  24% used [0x24140000, 0x2415f1b8, 0x241c0000)
  to   space 512K,   0% used [0x241c0000, 0x241c0000, 0x24240000)
 tenured generation   total 10944K, used 10155K [0x29240000, 0x29cf0000, 0x33cf0000)
   the space 10944K,  92% used [0x29240000, 0x29c2af08, 0x29c2b000, 0x29cf0000)
 compacting perm gen  total 12288K, used 3126K [0x33cf0000, 0x348f0000, 0x37cf0000)
   the space 12288K,  25% used [0x33cf0000, 0x33ffd9d0, 0x33ffda00, 0x348f0000)
    ro space 10240K,  45% used [0x37cf0000, 0x38179b28, 0x38179c00, 0x386f0000)
    rw space 12288K,  54% used [0x386f0000, 0x38d7d0e8, 0x38d7d200, 0x392f0000)
}
Event: 5.435 GC heap before
{Heap before GC invocations=64 (full 0):
 def new generation   total 4928K, used 4540K [0x23cf0000, 0x24240000, 0x29240000)
  eden space 4416K, 100% used [0x23cf0000, 0x24140000, 0x24140000)
  from space 512K,  24% used [0x24140000, 0x2415f1b8, 0x241c0000)
  to   space 512K,   0% used [0x241c0000, 0x241c0000, 0x24240000)
 tenured generation   total 10944K, used 10155K [0x29240000, 0x29cf0000, 0x33cf0000)
   the space 10944K,  92% used [0x29240000, 0x29c2af08, 0x29c2b000, 0x29cf0000)
 compacting perm gen  total 12288K, used 3126K [0x33cf0000, 0x348f0000, 0x37cf0000)
   the space 12288K,  25% used [0x33cf0000, 0x33ffd9e0, 0x33ffda00, 0x348f0000)
    ro space 10240K,  45% used [0x37cf0000, 0x38179b28, 0x38179c00, 0x386f0000)
    rw space 12288K,  54% used [0x386f0000, 0x38d7d0e8, 0x38d7d200, 0x392f0000)
Event: 5.435 GC heap after
Heap after GC invocations=65 (full 0):
 def new generation   total 4928K, used 119K [0x23cf0000, 0x24240000, 0x29240000)
  eden space 4416K,   0% used [0x23cf0000, 0x23cf0000, 0x24140000)
  from space 512K,  23% used [0x241c0000, 0x241ddea0, 0x24240000)
  to   space 512K,   0% used [0x24140000, 0x24140000, 0x241c0000)
 tenured generation   total 10944K, used 10165K [0x29240000, 0x29cf0000, 0x33cf0000)
   the space 10944K,  92% used [0x29240000, 0x29c2d558, 0x29c2d600, 0x29cf0000)
 compacting perm gen  total 12288K, used 3126K [0x33cf0000, 0x348f0000, 0x37cf0000)
   the space 12288K,  25% used [0x33cf0000, 0x33ffd9e0, 0x33ffda00, 0x348f0000)
    ro space 10240K,  45% used [0x37cf0000, 0x38179b28, 0x38179c00, 0x386f0000)
    rw space 12288K,  54% used [0x386f0000, 0x38d7d0e8, 0x38d7d200, 0x392f0000)
}
Event: 5.485 GC heap before
{Heap before GC invocations=65 (full 0):
 def new generation   total 4928K, used 4535K [0x23cf0000, 0x24240000, 0x29240000)
  eden space 4416K, 100% used [0x23cf0000, 0x24140000, 0x24140000)
  from space 512K,  23% used [0x241c0000, 0x241ddea0, 0x24240000)
  to   space 512K,   0% used [0x24140000, 0x24140000, 0x241c0000)
 tenured generation   total 10944K, used 10165K [0x29240000, 0x29cf0000, 0x33cf0000)
   the space 10944K,  92% used [0x29240000, 0x29c2d558, 0x29c2d600, 0x29cf0000)
 compacting perm gen  total 12288K, used 3126K [0x33cf0000, 0x348f0000, 0x37cf0000)
   the space 12288K,  25% used [0x33cf0000, 0x33ffd9e0, 0x33ffda00, 0x348f0000)
    ro space 10240K,  45% used [0x37cf0000, 0x38179b28, 0x38179c00, 0x386f0000)
    rw space 12288K,  54% used [0x386f0000, 0x38d7d0e8, 0x38d7d200, 0x392f0000)
Event: 5.486 GC heap after
Heap after GC invocations=66 (full 0):
 def new generation   total 4928K, used 124K [0x23cf0000, 0x24240000, 0x29240000)
  eden space 4416K,   0% used [0x23cf0000, 0x23cf0000, 0x24140000)
  from space 512K,  24% used [0x24140000, 0x2415f318, 0x241c0000)
  to   space 512K,   0% used [0x241c0000, 0x241c0000, 0x24240000)
 tenured generation   total 10944K, used 10170K [0x29240000, 0x29cf0000, 0x33cf0000)
   the space 10944K,  92% used [0x29240000, 0x29c2e880, 0x29c2ea00, 0x29cf0000)
 compacting perm gen  total 12288K, used 3126K [0x33cf0000, 0x348f0000, 0x37cf0000)
   the space 12288K,  25% used [0x33cf0000, 0x33ffd9e0, 0x33ffda00, 0x348f0000)
    ro space 10240K,  45% used [0x37cf0000, 0x38179b28, 0x38179c00, 0x386f0000)
    rw space 12288K,  54% used [0x386f0000, 0x38d7d0e8, 0x38d7d200, 0x392f0000)
}

