# JRE version: 7.0_25-b16
# Java VM: Java HotSpot(TM) Client VM (23.25-b01 mixed mode, sharing windows-x86 )
Heap
 def new generation   total 4928K, used 3162K [0x23cf0000, 0x24240000, 0x29240000)
  eden space 4416K,  68% used [0x23cf0000, 0x23fe3a78, 0x24140000)
  from space 512K,  27% used [0x241c0000, 0x241e2de8, 0x24240000)
  to   space 512K,   0% used [0x24140000, 0x24140000, 0x241c0000)
 tenured generation   total 10944K, used 10305K [0x29240000, 0x29cf0000, 0x33cf0000)
   the space 10944K,  94% used [0x29240000, 0x29c50478, 0x29c50600, 0x29cf0000)
 compacting perm gen  total 12288K, used 3156K [0x33cf0000, 0x348f0000, 0x37cf0000)
   the space 12288K,  25% used [0x33cf0000, 0x34005188, 0x34005200, 0x348f0000)
    ro space 10240K,  45% used [0x37cf0000, 0x38179b28, 0x38179c00, 0x386f0000)
    rw space 12288K,  54% used [0x386f0000, 0x38d7d0e8, 0x38d7d200, 0x392f0000)
GC Heap History (10 events):
Event: 13.843 GC heap before
{Heap before GC invocations=94 (full 0):
 def new generation   total 4928K, used 4530K [0x23cf0000, 0x24240000, 0x29240000)
  eden space 4416K, 100% used [0x23cf0000, 0x24140000, 0x24140000)
  from space 512K,  22% used [0x24140000, 0x2415cba8, 0x241c0000)
  to   space 512K,   0% used [0x241c0000, 0x241c0000, 0x24240000)
 tenured generation   total 10944K, used 10289K [0x29240000, 0x29cf0000, 0x33cf0000)
   the space 10944K,  94% used [0x29240000, 0x29c4c418, 0x29c4c600, 0x29cf0000)
 compacting perm gen  total 12288K, used 3134K [0x33cf0000, 0x348f0000, 0x37cf0000)
   the space 12288K,  25% used [0x33cf0000, 0x33fff8a0, 0x33fffa00, 0x348f0000)
    ro space 10240K,  45% used [0x37cf0000, 0x38179b28, 0x38179c00, 0x386f0000)
    rw space 12288K,  54% used [0x386f0000, 0x38d7d0e8, 0x38d7d200, 0x392f0000)
Event: 13.844 GC heap after
Heap after GC invocations=95 (full 0):
 def new generation   total 4928K, used 114K [0x23cf0000, 0x24240000, 0x29240000)
  eden space 4416K,   0% used [0x23cf0000, 0x23cf0000, 0x24140000)
  from space 512K,  22% used [0x241c0000, 0x241dcbb0, 0x24240000)
  to   space 512K,   0% used [0x24140000, 0x24140000, 0x241c0000)
 tenured generation   total 10944K, used 10298K [0x29240000, 0x29cf0000, 0x33cf0000)
   the space 10944K,  94% used [0x29240000, 0x29c4ebd8, 0x29c4ec00, 0x29cf0000)
 compacting perm gen  total 12288K, used 3134K [0x33cf0000, 0x348f0000, 0x37cf0000)
   the space 12288K,  25% used [0x33cf0000, 0x33fff8a0, 0x33fffa00, 0x348f0000)
    ro space 10240K,  45% used [0x37cf0000, 0x38179b28, 0x38179c00, 0x386f0000)
    rw space 12288K,  54% used [0x386f0000, 0x38d7d0e8, 0x38d7d200, 0x392f0000)
}
Event: 13.891 GC heap before
{Heap before GC invocations=95 (full 0):
 def new generation   total 4928K, used 4530K [0x23cf0000, 0x24240000, 0x29240000)
  eden space 4416K, 100% used [0x23cf0000, 0x24140000, 0x24140000)
  from space 512K,  22% used [0x241c0000, 0x241dcbb0, 0x24240000)
  to   space 512K,   0% used [0x24140000, 0x24140000, 0x241c0000)
 tenured generation   total 10944K, used 10298K [0x29240000, 0x29cf0000, 0x33cf0000)
   the space 10944K,  94% used [0x29240000, 0x29c4ebd8, 0x29c4ec00, 0x29cf0000)
 compacting perm gen  total 12288K, used 3134K [0x33cf0000, 0x348f0000, 0x37cf0000)
   the space 12288K,  25% used [0x33cf0000, 0x33fff8a0, 0x33fffa00, 0x348f0000)
    ro space 10240K,  45% used [0x37cf0000, 0x38179b28, 0x38179c00, 0x386f0000)
    rw space 12288K,  54% used [0x386f0000, 0x38d7d0e8, 0x38d7d200, 0x392f0000)
Event: 13.892 GC heap after
Heap after GC invocations=96 (full 0):
 def new generation   total 4928K, used 119K [0x23cf0000, 0x24240000, 0x29240000)
  eden space 4416K,   0% used [0x23cf0000, 0x23cf0000, 0x24140000)
  from space 512K,  23% used [0x24140000, 0x2415df88, 0x241c0000)
  to   space 512K,   0% used [0x241c0000, 0x241c0000, 0x24240000)
 tenured generation   total 10944K, used 10303K [0x29240000, 0x29cf0000, 0x33cf0000)
   the space 10944K,  94% used [0x29240000, 0x29c4ffb8, 0x29c50000, 0x29cf0000)
 compacting perm gen  total 12288K, used 3134K [0x33cf0000, 0x348f0000, 0x37cf0000)
   the space 12288K,  25% used [0x33cf0000, 0x33fff8a0, 0x33fffa00, 0x348f0000)
    ro space 10240K,  45% used [0x37cf0000, 0x38179b28, 0x38179c00, 0x386f0000)
    rw space 12288K,  54% used [0x386f0000, 0x38d7d0e8, 0x38d7d200, 0x392f0000)
}
Event: 13.938 GC heap before
{Heap before GC invocations=96 (full 0):
 def new generation   total 4928K, used 4535K [0x23cf0000, 0x24240000, 0x29240000)
  eden space 4416K, 100% used [0x23cf0000, 0x24140000, 0x24140000)
  from space 512K,  23% used [0x24140000, 0x2415df88, 0x241c0000)
  to   space 512K,   0% used [0x241c0000, 0x241c0000, 0x24240000)
 tenured generation   total 10944K, used 10303K [0x29240000, 0x29cf0000, 0x33cf0000)
   the space 10944K,  94% used [0x29240000, 0x29c4ffb8, 0x29c50000, 0x29cf0000)
 compacting perm gen  total 12288K, used 3134K [0x33cf0000, 0x348f0000, 0x37cf0000)
   the space 12288K,  25% used [0x33cf0000, 0x33fff8a0, 0x33fffa00, 0x348f0000)
    ro space 10240K,  45% used [0x37cf0000, 0x38179b28, 0x38179c00, 0x386f0000)
    rw space 12288K,  54% used [0x386f0000, 0x38d7d0e8, 0x38d7d200, 0x392f0000)
Event: 13.939 GC heap after
Heap after GC invocations=97 (full 0):
 def new generation   total 4928K, used 125K [0x23cf0000, 0x24240000, 0x29240000)
  eden space 4416K,   0% used [0x23cf0000, 0x23cf0000, 0x24140000)
  from space 512K,  24% used [0x241c0000, 0x241df6c8, 0x24240000)
  to   space 512K,   0% used [0x24140000, 0x24140000, 0x241c0000)
 tenured generation   total 10944K, used 10303K [0x29240000, 0x29cf0000, 0x33cf0000)
   the space 10944K,  94% used [0x29240000, 0x29c4ffb8, 0x29c50000, 0x29cf0000)
 compacting perm gen  total 12288K, used 3134K [0x33cf0000, 0x348f0000, 0x37cf0000)
   the space 12288K,  25% used [0x33cf0000, 0x33fff8a0, 0x33fffa00, 0x348f0000)
    ro space 10240K,  45% used [0x37cf0000, 0x38179b28, 0x38179c00, 0x386f0000)
    rw space 12288K,  54% used [0x386f0000, 0x38d7d0e8, 0x38d7d200, 0x392f0000)
}
Event: 13.987 GC heap before
{Heap before GC invocations=97 (full 0):
 def new generation   total 4928K, used 4541K [0x23cf0000, 0x24240000, 0x29240000)
  eden space 4416K, 100% used [0x23cf0000, 0x24140000, 0x24140000)
  from space 512K,  24% used [0x241c0000, 0x241df6c8, 0x24240000)
  to   space 512K,   0% used [0x24140000, 0x24140000, 0x241c0000)
 tenured generation   total 10944K, used 10303K [0x29240000, 0x29cf0000, 0x33cf0000)
   the space 10944K,  94% used [0x29240000, 0x29c4ffb8, 0x29c50000, 0x29cf0000)
 compacting perm gen  total 12288K, used 3134K [0x33cf0000, 0x348f0000, 0x37cf0000)
   the space 12288K,  25% used [0x33cf0000, 0x33fff8a0, 0x33fffa00, 0x348f0000)
    ro space 10240K,  45% used [0x37cf0000, 0x38179b28, 0x38179c00, 0x386f0000)
    rw space 12288K,  54% used [0x386f0000, 0x38d7d0e8, 0x38d7d200, 0x392f0000)
Event: 13.988 GC heap after
Heap after GC invocations=98 (full 0):
 def new generation   total 4928K, used 134K [0x23cf0000, 0x24240000, 0x29240000)
  eden space 4416K,   0% used [0x23cf0000, 0x23cf0000, 0x24140000)
  from space 512K,  26% used [0x24140000, 0x24161a08, 0x241c0000)
  to   space 512K,   0% used [0x241c0000, 0x241c0000, 0x24240000)
 tenured generation   total 10944K, used 10305K [0x29240000, 0x29cf0000, 0x33cf0000)
   the space 10944K,  94% used [0x29240000, 0x29c50478, 0x29c50600, 0x29cf0000)
 compacting perm gen  total 12288K, used 3134K [0x33cf0000, 0x348f0000, 0x37cf0000)
   the space 12288K,  25% used [0x33cf0000, 0x33fff8a0, 0x33fffa00, 0x348f0000)
    ro space 10240K,  45% used [0x37cf0000, 0x38179b28, 0x38179c00, 0x386f0000)
    rw space 12288K,  54% used [0x386f0000, 0x38d7d0e8, 0x38d7d200, 0x392f0000)
}
Event: 14.035 GC heap before
{Heap before GC invocations=98 (full 0):
 def new generation   total 4928K, used 4550K [0x23cf0000, 0x24240000, 0x29240000)
  eden space 4416K, 100% used [0x23cf0000, 0x24140000, 0x24140000)
  from space 512K,  26% used [0x24140000, 0x24161a08, 0x241c0000)
  to   space 512K,   0% used [0x241c0000, 0x241c0000, 0x24240000)
 tenured generation   total 10944K, used 10305K [0x29240000, 0x29cf0000, 0x33cf0000)
   the space 10944K,  94% used [0x29240000, 0x29c50478, 0x29c50600, 0x29cf0000)
 compacting perm gen  total 12288K, used 3134K [0x33cf0000, 0x348f0000, 0x37cf0000)
   the space 12288K,  25% used [0x33cf0000, 0x33fff8a0, 0x33fffa00, 0x348f0000)
    ro space 10240K,  45% used [0x37cf0000, 0x38179b28, 0x38179c00, 0x386f0000)
    rw space 12288K,  54% used [0x386f0000, 0x38d7d0e8, 0x38d7d200, 0x392f0000)
Event: 14.036 GC heap after
Heap after GC invocations=99 (full 0):
 def new generation   total 4928K, used 139K [0x23cf0000, 0x24240000, 0x29240000)
  eden space 4416K,   0% used [0x23cf0000, 0x23cf0000, 0x24140000)
  from space 512K,  27% used [0x241c0000, 0x241e2de8, 0x24240000)
  to   space 512K,   0% used [0x24140000, 0x24140000, 0x241c0000)
 tenured generation   total 10944K, used 10305K [0x29240000, 0x29cf0000, 0x33cf0000)
   the space 10944K,  94% used [0x29240000, 0x29c50478, 0x29c50600, 0x29cf0000)
 compacting perm gen  total 12288K, used 3134K [0x33cf0000, 0x348f0000, 0x37cf0000)
   the space 12288K,  25% used [0x33cf0000, 0x33fff8a0, 0x33fffa00, 0x348f0000)
    ro space 10240K,  45% used [0x37cf0000, 0x38179b28, 0x38179c00, 0x386f0000)
    rw space 12288K,  54% used [0x386f0000, 0x38d7d0e8, 0x38d7d200, 0x392f0000)
}

