# JRE version: 7.0_25-b16
# Java VM: Java HotSpot(TM) Client VM (23.25-b01 mixed mode, sharing windows-x86 )
Heap
 def new generation   total 13952K, used 8822K [0x23cf0000, 0x24c10000, 0x29240000)
  eden space 12416K,  62% used [0x23cf0000, 0x244877f0, 0x24910000)
  from space 1536K,  68% used [0x24a90000, 0x24b961e0, 0x24c10000)
  to   space 1536K,   0% used [0x24910000, 0x24910000, 0x24a90000)
 tenured generation   total 30928K, used 20203K [0x29240000, 0x2b074000, 0x33cf0000)
   the space 30928K,  65% used [0x29240000, 0x2a5fad58, 0x2a5fae00, 0x2b074000)
 compacting perm gen  total 12288K, used 3585K [0x33cf0000, 0x348f0000, 0x37cf0000)
   the space 12288K,  29% used [0x33cf0000, 0x34070450, 0x34070600, 0x348f0000)
    ro space 10240K,  45% used [0x37cf0000, 0x38179b28, 0x38179c00, 0x386f0000)
    rw space 12288K,  54% used [0x386f0000, 0x38d7d0e8, 0x38d7d200, 0x392f0000)
GC Heap History (10 events):
Event: 26.913 GC heap before
{Heap before GC invocations=267 (full 4):
 def new generation   total 13952K, used 12766K [0x23cf0000, 0x24c10000, 0x29240000)
  eden space 12416K, 100% used [0x23cf0000, 0x24910000, 0x24910000)
  from space 1536K,  22% used [0x24910000, 0x24967880, 0x24a90000)
  to   space 1536K,   0% used [0x24a90000, 0x24a90000, 0x24c10000)
 tenured generation   total 30928K, used 20157K [0x29240000, 0x2b074000, 0x33cf0000)
   the space 30928K,  65% used [0x29240000, 0x2a5ef6d8, 0x2a5ef800, 0x2b074000)
 compacting perm gen  total 12288K, used 3562K [0x33cf0000, 0x348f0000, 0x37cf0000)
   the space 12288K,  28% used [0x33cf0000, 0x3406ab48, 0x3406ac00, 0x348f0000)
    ro space 10240K,  45% used [0x37cf0000, 0x38179b28, 0x38179c00, 0x386f0000)
    rw space 12288K,  54% used [0x386f0000, 0x38d7d0e8, 0x38d7d200, 0x392f0000)
Event: 26.917 GC heap after
Heap after GC invocations=268 (full 4):
 def new generation   total 13952K, used 1205K [0x23cf0000, 0x24c10000, 0x29240000)
  eden space 12416K,   0% used [0x23cf0000, 0x23cf0000, 0x24910000)
  from space 1536K,  78% used [0x24a90000, 0x24bbd6b8, 0x24c10000)
  to   space 1536K,   0% used [0x24910000, 0x24910000, 0x24a90000)
 tenured generation   total 30928K, used 20157K [0x29240000, 0x2b074000, 0x33cf0000)
   the space 30928K,  65% used [0x29240000, 0x2a5ef6d8, 0x2a5ef800, 0x2b074000)
 compacting perm gen  total 12288K, used 3562K [0x33cf0000, 0x348f0000, 0x37cf0000)
   the space 12288K,  28% used [0x33cf0000, 0x3406ab48, 0x3406ac00, 0x348f0000)
    ro space 10240K,  45% used [0x37cf0000, 0x38179b28, 0x38179c00, 0x386f0000)
    rw space 12288K,  54% used [0x386f0000, 0x38d7d0e8, 0x38d7d200, 0x392f0000)
}
Event: 27.025 GC heap before
{Heap before GC invocations=268 (full 4):
 def new generation   total 13952K, used 13621K [0x23cf0000, 0x24c10000, 0x29240000)
  eden space 12416K, 100% used [0x23cf0000, 0x24910000, 0x24910000)
  from space 1536K,  78% used [0x24a90000, 0x24bbd6b8, 0x24c10000)
  to   space 1536K,   0% used [0x24910000, 0x24910000, 0x24a90000)
 tenured generation   total 30928K, used 20157K [0x29240000, 0x2b074000, 0x33cf0000)
   the space 30928K,  65% used [0x29240000, 0x2a5ef6d8, 0x2a5ef800, 0x2b074000)
 compacting perm gen  total 12288K, used 3562K [0x33cf0000, 0x348f0000, 0x37cf0000)
   the space 12288K,  28% used [0x33cf0000, 0x3406ab48, 0x3406ac00, 0x348f0000)
    ro space 10240K,  45% used [0x37cf0000, 0x38179b28, 0x38179c00, 0x386f0000)
    rw space 12288K,  54% used [0x386f0000, 0x38d7d0e8, 0x38d7d200, 0x392f0000)
Event: 27.027 GC heap after
Heap after GC invocations=269 (full 4):
 def new generation   total 13952K, used 283K [0x23cf0000, 0x24c10000, 0x29240000)
  eden space 12416K,   0% used [0x23cf0000, 0x23cf0000, 0x24910000)
  from space 1536K,  18% used [0x24910000, 0x24956c10, 0x24a90000)
  to   space 1536K,   0% used [0x24a90000, 0x24a90000, 0x24c10000)
 tenured generation   total 30928K, used 20177K [0x29240000, 0x2b074000, 0x33cf0000)
   the space 30928K,  65% used [0x29240000, 0x2a5f4670, 0x2a5f4800, 0x2b074000)
 compacting perm gen  total 12288K, used 3562K [0x33cf0000, 0x348f0000, 0x37cf0000)
   the space 12288K,  28% used [0x33cf0000, 0x3406ab48, 0x3406ac00, 0x348f0000)
    ro space 10240K,  45% used [0x37cf0000, 0x38179b28, 0x38179c00, 0x386f0000)
    rw space 12288K,  54% used [0x386f0000, 0x38d7d0e8, 0x38d7d200, 0x392f0000)
}
Event: 27.064 GC heap before
{Heap before GC invocations=269 (full 4):
 def new generation   total 13952K, used 12699K [0x23cf0000, 0x24c10000, 0x29240000)
  eden space 12416K, 100% used [0x23cf0000, 0x24910000, 0x24910000)
  from space 1536K,  18% used [0x24910000, 0x24956c10, 0x24a90000)
  to   space 1536K,   0% used [0x24a90000, 0x24a90000, 0x24c10000)
 tenured generation   total 30928K, used 20177K [0x29240000, 0x2b074000, 0x33cf0000)
   the space 30928K,  65% used [0x29240000, 0x2a5f4670, 0x2a5f4800, 0x2b074000)
 compacting perm gen  total 12288K, used 3562K [0x33cf0000, 0x348f0000, 0x37cf0000)
   the space 12288K,  28% used [0x33cf0000, 0x3406ab48, 0x3406ac00, 0x348f0000)
    ro space 10240K,  45% used [0x37cf0000, 0x38179b28, 0x38179c00, 0x386f0000)
    rw space 12288K,  54% used [0x386f0000, 0x38d7d0e8, 0x38d7d200, 0x392f0000)
Event: 27.067 GC heap after
Heap after GC invocations=270 (full 4):
 def new generation   total 13952K, used 1140K [0x23cf0000, 0x24c10000, 0x29240000)
  eden space 12416K,   0% used [0x23cf0000, 0x23cf0000, 0x24910000)
  from space 1536K,  74% used [0x24a90000, 0x24bad060, 0x24c10000)
  to   space 1536K,   0% used [0x24910000, 0x24910000, 0x24a90000)
 tenured generation   total 30928K, used 20177K [0x29240000, 0x2b074000, 0x33cf0000)
   the space 30928K,  65% used [0x29240000, 0x2a5f4670, 0x2a5f4800, 0x2b074000)
 compacting perm gen  total 12288K, used 3562K [0x33cf0000, 0x348f0000, 0x37cf0000)
   the space 12288K,  28% used [0x33cf0000, 0x3406ab48, 0x3406ac00, 0x348f0000)
    ro space 10240K,  45% used [0x37cf0000, 0x38179b28, 0x38179c00, 0x386f0000)
    rw space 12288K,  54% used [0x386f0000, 0x38d7d0e8, 0x38d7d200, 0x392f0000)
}
Event: 27.168 GC heap before
{Heap before GC invocations=270 (full 4):
 def new generation   total 13952K, used 13556K [0x23cf0000, 0x24c10000, 0x29240000)
  eden space 12416K, 100% used [0x23cf0000, 0x24910000, 0x24910000)
  from space 1536K,  74% used [0x24a90000, 0x24bad060, 0x24c10000)
  to   space 1536K,   0% used [0x24910000, 0x24910000, 0x24a90000)
 tenured generation   total 30928K, used 20177K [0x29240000, 0x2b074000, 0x33cf0000)
   the space 30928K,  65% used [0x29240000, 0x2a5f4670, 0x2a5f4800, 0x2b074000)
 compacting perm gen  total 12288K, used 3562K [0x33cf0000, 0x348f0000, 0x37cf0000)
   the space 12288K,  28% used [0x33cf0000, 0x3406ab68, 0x3406ac00, 0x348f0000)
    ro space 10240K,  45% used [0x37cf0000, 0x38179b28, 0x38179c00, 0x386f0000)
    rw space 12288K,  54% used [0x386f0000, 0x38d7d0e8, 0x38d7d200, 0x392f0000)
Event: 27.169 GC heap after
Heap after GC invocations=271 (full 4):
 def new generation   total 13952K, used 186K [0x23cf0000, 0x24c10000, 0x29240000)
  eden space 12416K,   0% used [0x23cf0000, 0x23cf0000, 0x24910000)
  from space 1536K,  12% used [0x24910000, 0x2493e998, 0x24a90000)
  to   space 1536K,   0% used [0x24a90000, 0x24a90000, 0x24c10000)
 tenured generation   total 30928K, used 20203K [0x29240000, 0x2b074000, 0x33cf0000)
   the space 30928K,  65% used [0x29240000, 0x2a5fad58, 0x2a5fae00, 0x2b074000)
 compacting perm gen  total 12288K, used 3562K [0x33cf0000, 0x348f0000, 0x37cf0000)
   the space 12288K,  28% used [0x33cf0000, 0x3406ab68, 0x3406ac00, 0x348f0000)
    ro space 10240K,  45% used [0x37cf0000, 0x38179b28, 0x38179c00, 0x386f0000)
    rw space 12288K,  54% used [0x386f0000, 0x38d7d0e8, 0x38d7d200, 0x392f0000)
}
Event: 27.222 GC heap before
{Heap before GC invocations=271 (full 4):
 def new generation   total 13952K, used 12602K [0x23cf0000, 0x24c10000, 0x29240000)
  eden space 12416K, 100% used [0x23cf0000, 0x24910000, 0x24910000)
  from space 1536K,  12% used [0x24910000, 0x2493e998, 0x24a90000)
  to   space 1536K,   0% used [0x24a90000, 0x24a90000, 0x24c10000)
 tenured generation   total 30928K, used 20203K [0x29240000, 0x2b074000, 0x33cf0000)
   the space 30928K,  65% used [0x29240000, 0x2a5fad58, 0x2a5fae00, 0x2b074000)
 compacting perm gen  total 12288K, used 3562K [0x33cf0000, 0x348f0000, 0x37cf0000)
   the space 12288K,  28% used [0x33cf0000, 0x3406ab68, 0x3406ac00, 0x348f0000)
    ro space 10240K,  45% used [0x37cf0000, 0x38179b28, 0x38179c00, 0x386f0000)
    rw space 12288K,  54% used [0x386f0000, 0x38d7d0e8, 0x38d7d200, 0x392f0000)
Event: 27.225 GC heap after
Heap after GC invocations=272 (full 4):
 def new generation   total 13952K, used 1048K [0x23cf0000, 0x24c10000, 0x29240000)
  eden space 12416K,   0% used [0x23cf0000, 0x23cf0000, 0x24910000)
  from space 1536K,  68% used [0x24a90000, 0x24b961e0, 0x24c10000)
  to   space 1536K,   0% used [0x24910000, 0x24910000, 0x24a90000)
 tenured generation   total 30928K, used 20203K [0x29240000, 0x2b074000, 0x33cf0000)
   the space 30928K,  65% used [0x29240000, 0x2a5fad58, 0x2a5fae00, 0x2b074000)
 compacting perm gen  total 12288K, used 3562K [0x33cf0000, 0x348f0000, 0x37cf0000)
   the space 12288K,  28% used [0x33cf0000, 0x3406ab68, 0x3406ac00, 0x348f0000)
    ro space 10240K,  45% used [0x37cf0000, 0x38179b28, 0x38179c00, 0x386f0000)
    rw space 12288K,  54% used [0x386f0000, 0x38d7d0e8, 0x38d7d200, 0x392f0000)
}

