# JRE version: 7.0_25-b16
# Java VM: Java HotSpot(TM) Client VM (23.25-b01 mixed mode, sharing windows-x86 )
Heap
 def new generation   total 9216K, used 6048K [0x23cf0000, 0x246f0000, 0x29240000)
  eden space 8192K,  71% used [0x23cf0000, 0x242aa728, 0x244f0000)
  from space 1024K,  17% used [0x245f0000, 0x2461dcb8, 0x246f0000)
  to   space 1024K,   0% used [0x244f0000, 0x244f0000, 0x245f0000)
 tenured generation   total 20408K, used 14031K [0x29240000, 0x2a62e000, 0x33cf0000)
   the space 20408K,  68% used [0x29240000, 0x29ff3fa0, 0x29ff4000, 0x2a62e000)
 compacting perm gen  total 12288K, used 3590K [0x33cf0000, 0x348f0000, 0x37cf0000)
   the space 12288K,  29% used [0x33cf0000, 0x340719a8, 0x34071a00, 0x348f0000)
    ro space 10240K,  45% used [0x37cf0000, 0x38179b28, 0x38179c00, 0x386f0000)
    rw space 12288K,  54% used [0x386f0000, 0x38d7d0e8, 0x38d7d200, 0x392f0000)
GC Heap History (10 events):
Event: 12.397 GC heap before
{Heap before GC invocations=169 (full 1):
 def new generation   total 9216K, used 8356K [0x23cf0000, 0x246f0000, 0x29240000)
  eden space 8192K, 100% used [0x23cf0000, 0x244f0000, 0x244f0000)
  from space 1024K,  16% used [0x244f0000, 0x245193d0, 0x245f0000)
  to   space 1024K,   0% used [0x245f0000, 0x245f0000, 0x246f0000)
 tenured generation   total 20408K, used 13995K [0x29240000, 0x2a62e000, 0x33cf0000)
   the space 20408K,  68% used [0x29240000, 0x29feae80, 0x29feb000, 0x2a62e000)
 compacting perm gen  total 12288K, used 3568K [0x33cf0000, 0x348f0000, 0x37cf0000)
   the space 12288K,  29% used [0x33cf0000, 0x3406c0c0, 0x3406c200, 0x348f0000)
    ro space 10240K,  45% used [0x37cf0000, 0x38179b28, 0x38179c00, 0x386f0000)
    rw space 12288K,  54% used [0x386f0000, 0x38d7d0e8, 0x38d7d200, 0x392f0000)
Event: 12.398 GC heap after
Heap after GC invocations=170 (full 1):
 def new generation   total 9216K, used 267K [0x23cf0000, 0x246f0000, 0x29240000)
  eden space 8192K,   0% used [0x23cf0000, 0x23cf0000, 0x244f0000)
  from space 1024K,  26% used [0x245f0000, 0x24632d98, 0x246f0000)
  to   space 1024K,   0% used [0x244f0000, 0x244f0000, 0x245f0000)
 tenured generation   total 20408K, used 14006K [0x29240000, 0x2a62e000, 0x33cf0000)
   the space 20408K,  68% used [0x29240000, 0x29fed840, 0x29feda00, 0x2a62e000)
 compacting perm gen  total 12288K, used 3568K [0x33cf0000, 0x348f0000, 0x37cf0000)
   the space 12288K,  29% used [0x33cf0000, 0x3406c0c0, 0x3406c200, 0x348f0000)
    ro space 10240K,  45% used [0x37cf0000, 0x38179b28, 0x38179c00, 0x386f0000)
    rw space 12288K,  54% used [0x386f0000, 0x38d7d0e8, 0x38d7d200, 0x392f0000)
}
Event: 12.451 GC heap before
{Heap before GC invocations=170 (full 1):
 def new generation   total 9216K, used 8459K [0x23cf0000, 0x246f0000, 0x29240000)
  eden space 8192K, 100% used [0x23cf0000, 0x244f0000, 0x244f0000)
  from space 1024K,  26% used [0x245f0000, 0x24632d98, 0x246f0000)
  to   space 1024K,   0% used [0x244f0000, 0x244f0000, 0x245f0000)
 tenured generation   total 20408K, used 14006K [0x29240000, 0x2a62e000, 0x33cf0000)
   the space 20408K,  68% used [0x29240000, 0x29fed840, 0x29feda00, 0x2a62e000)
 compacting perm gen  total 12288K, used 3568K [0x33cf0000, 0x348f0000, 0x37cf0000)
   the space 12288K,  29% used [0x33cf0000, 0x3406c0c0, 0x3406c200, 0x348f0000)
    ro space 10240K,  45% used [0x37cf0000, 0x38179b28, 0x38179c00, 0x386f0000)
    rw space 12288K,  54% used [0x386f0000, 0x38d7d0e8, 0x38d7d200, 0x392f0000)
Event: 12.453 GC heap after
Heap after GC invocations=171 (full 1):
 def new generation   total 9216K, used 355K [0x23cf0000, 0x246f0000, 0x29240000)
  eden space 8192K,   0% used [0x23cf0000, 0x23cf0000, 0x244f0000)
  from space 1024K,  34% used [0x244f0000, 0x24548fc0, 0x245f0000)
  to   space 1024K,   0% used [0x245f0000, 0x245f0000, 0x246f0000)
 tenured generation   total 20408K, used 14011K [0x29240000, 0x2a62e000, 0x33cf0000)
   the space 20408K,  68% used [0x29240000, 0x29feec38, 0x29feee00, 0x2a62e000)
 compacting perm gen  total 12288K, used 3568K [0x33cf0000, 0x348f0000, 0x37cf0000)
   the space 12288K,  29% used [0x33cf0000, 0x3406c0c0, 0x3406c200, 0x348f0000)
    ro space 10240K,  45% used [0x37cf0000, 0x38179b28, 0x38179c00, 0x386f0000)
    rw space 12288K,  54% used [0x386f0000, 0x38d7d0e8, 0x38d7d200, 0x392f0000)
}
Event: 12.517 GC heap before
{Heap before GC invocations=171 (full 1):
 def new generation   total 9216K, used 8547K [0x23cf0000, 0x246f0000, 0x29240000)
  eden space 8192K, 100% used [0x23cf0000, 0x244f0000, 0x244f0000)
  from space 1024K,  34% used [0x244f0000, 0x24548fc0, 0x245f0000)
  to   space 1024K,   0% used [0x245f0000, 0x245f0000, 0x246f0000)
 tenured generation   total 20408K, used 14011K [0x29240000, 0x2a62e000, 0x33cf0000)
   the space 20408K,  68% used [0x29240000, 0x29feec38, 0x29feee00, 0x2a62e000)
 compacting perm gen  total 12288K, used 3568K [0x33cf0000, 0x348f0000, 0x37cf0000)
   the space 12288K,  29% used [0x33cf0000, 0x3406c0c0, 0x3406c200, 0x348f0000)
    ro space 10240K,  45% used [0x37cf0000, 0x38179b28, 0x38179c00, 0x386f0000)
    rw space 12288K,  54% used [0x386f0000, 0x38d7d0e8, 0x38d7d200, 0x392f0000)
Event: 12.517 GC heap after
Heap after GC invocations=172 (full 1):
 def new generation   total 9216K, used 172K [0x23cf0000, 0x246f0000, 0x29240000)
  eden space 8192K,   0% used [0x23cf0000, 0x23cf0000, 0x244f0000)
  from space 1024K,  16% used [0x245f0000, 0x2461b3b0, 0x246f0000)
  to   space 1024K,   0% used [0x244f0000, 0x244f0000, 0x245f0000)
 tenured generation   total 20408K, used 14021K [0x29240000, 0x2a62e000, 0x33cf0000)
   the space 20408K,  68% used [0x29240000, 0x29ff15f8, 0x29ff1600, 0x2a62e000)
 compacting perm gen  total 12288K, used 3568K [0x33cf0000, 0x348f0000, 0x37cf0000)
   the space 12288K,  29% used [0x33cf0000, 0x3406c0c0, 0x3406c200, 0x348f0000)
    ro space 10240K,  45% used [0x37cf0000, 0x38179b28, 0x38179c00, 0x386f0000)
    rw space 12288K,  54% used [0x386f0000, 0x38d7d0e8, 0x38d7d200, 0x392f0000)
}
Event: 12.570 GC heap before
{Heap before GC invocations=172 (full 1):
 def new generation   total 9216K, used 8364K [0x23cf0000, 0x246f0000, 0x29240000)
  eden space 8192K, 100% used [0x23cf0000, 0x244f0000, 0x244f0000)
  from space 1024K,  16% used [0x245f0000, 0x2461b3b0, 0x246f0000)
  to   space 1024K,   0% used [0x244f0000, 0x244f0000, 0x245f0000)
 tenured generation   total 20408K, used 14021K [0x29240000, 0x2a62e000, 0x33cf0000)
   the space 20408K,  68% used [0x29240000, 0x29ff15f8, 0x29ff1600, 0x2a62e000)
 compacting perm gen  total 12288K, used 3568K [0x33cf0000, 0x348f0000, 0x37cf0000)
   the space 12288K,  29% used [0x33cf0000, 0x3406c0c0, 0x3406c200, 0x348f0000)
    ro space 10240K,  45% used [0x37cf0000, 0x38179b28, 0x38179c00, 0x386f0000)
    rw space 12288K,  54% used [0x386f0000, 0x38d7d0e8, 0x38d7d200, 0x392f0000)
Event: 12.571 GC heap after
Heap after GC invocations=173 (full 1):
 def new generation   total 9216K, used 264K [0x23cf0000, 0x246f0000, 0x29240000)
  eden space 8192K,   0% used [0x23cf0000, 0x23cf0000, 0x244f0000)
  from space 1024K,  25% used [0x244f0000, 0x24532198, 0x245f0000)
  to   space 1024K,   0% used [0x245f0000, 0x245f0000, 0x246f0000)
 tenured generation   total 20408K, used 14021K [0x29240000, 0x2a62e000, 0x33cf0000)
   the space 20408K,  68% used [0x29240000, 0x29ff15f8, 0x29ff1600, 0x2a62e000)
 compacting perm gen  total 12288K, used 3568K [0x33cf0000, 0x348f0000, 0x37cf0000)
   the space 12288K,  29% used [0x33cf0000, 0x3406c0c0, 0x3406c200, 0x348f0000)
    ro space 10240K,  45% used [0x37cf0000, 0x38179b28, 0x38179c00, 0x386f0000)
    rw space 12288K,  54% used [0x386f0000, 0x38d7d0e8, 0x38d7d200, 0x392f0000)
}
Event: 12.640 GC heap before
{Heap before GC invocations=173 (full 1):
 def new generation   total 9216K, used 8456K [0x23cf0000, 0x246f0000, 0x29240000)
  eden space 8192K, 100% used [0x23cf0000, 0x244f0000, 0x244f0000)
  from space 1024K,  25% used [0x244f0000, 0x24532198, 0x245f0000)
  to   space 1024K,   0% used [0x245f0000, 0x245f0000, 0x246f0000)
 tenured generation   total 20408K, used 14021K [0x29240000, 0x2a62e000, 0x33cf0000)
   the space 20408K,  68% used [0x29240000, 0x29ff15f8, 0x29ff1600, 0x2a62e000)
 compacting perm gen  total 12288K, used 3568K [0x33cf0000, 0x348f0000, 0x37cf0000)
   the space 12288K,  29% used [0x33cf0000, 0x3406c0c0, 0x3406c200, 0x348f0000)
    ro space 10240K,  45% used [0x37cf0000, 0x38179b28, 0x38179c00, 0x386f0000)
    rw space 12288K,  54% used [0x386f0000, 0x38d7d0e8, 0x38d7d200, 0x392f0000)
Event: 12.641 GC heap after
Heap after GC invocations=174 (full 1):
 def new generation   total 9216K, used 183K [0x23cf0000, 0x246f0000, 0x29240000)
  eden space 8192K,   0% used [0x23cf0000, 0x23cf0000, 0x244f0000)
  from space 1024K,  17% used [0x245f0000, 0x2461dcb8, 0x246f0000)
  to   space 1024K,   0% used [0x244f0000, 0x244f0000, 0x245f0000)
 tenured generation   total 20408K, used 14031K [0x29240000, 0x2a62e000, 0x33cf0000)
   the space 20408K,  68% used [0x29240000, 0x29ff3fa0, 0x29ff4000, 0x2a62e000)
 compacting perm gen  total 12288K, used 3568K [0x33cf0000, 0x348f0000, 0x37cf0000)
   the space 12288K,  29% used [0x33cf0000, 0x3406c0c0, 0x3406c200, 0x348f0000)
    ro space 10240K,  45% used [0x37cf0000, 0x38179b28, 0x38179c00, 0x386f0000)
    rw space 12288K,  54% used [0x386f0000, 0x38d7d0e8, 0x38d7d200, 0x392f0000)
}

