# JRE version: 7.0_25-b16
# Java VM: Java HotSpot(TM) Client VM (23.25-b01 mixed mode, sharing windows-x86 )
Heap
 def new generation   total 8704K, used 4490K [0x23cf0000, 0x24660000, 0x29240000)
  eden space 7744K,  53% used [0x23cf0000, 0x240f5668, 0x24480000)
  from space 960K,  38% used [0x24480000, 0x244dd1d8, 0x24570000)
  to   space 960K,   0% used [0x24570000, 0x24570000, 0x24660000)
 tenured generation   total 19304K, used 12108K [0x29240000, 0x2a51a000, 0x33cf0000)
   the space 19304K,  62% used [0x29240000, 0x29e13258, 0x29e13400, 0x2a51a000)
 compacting perm gen  total 12288K, used 3583K [0x33cf0000, 0x348f0000, 0x37cf0000)
   the space 12288K,  29% used [0x33cf0000, 0x3406fd00, 0x3406fe00, 0x348f0000)
    ro space 10240K,  45% used [0x37cf0000, 0x38179b28, 0x38179c00, 0x386f0000)
    rw space 12288K,  54% used [0x386f0000, 0x38d7d0e8, 0x38d7d200, 0x392f0000)
GC Heap History (10 events):
Event: 6.250 GC heap before
{Heap before GC invocations=43 (full 1):
 def new generation   total 8704K, used 8138K [0x23cf0000, 0x24660000, 0x29240000)
  eden space 7744K, 100% used [0x23cf0000, 0x24480000, 0x24480000)
  from space 960K,  41% used [0x24570000, 0x245d29c0, 0x24660000)
  to   space 960K,   0% used [0x24480000, 0x24480000, 0x24570000)
 tenured generation   total 19304K, used 12031K [0x29240000, 0x2a51a000, 0x33cf0000)
   the space 19304K,  62% used [0x29240000, 0x29dffdb8, 0x29dffe00, 0x2a51a000)
 compacting perm gen  total 12288K, used 3561K [0x33cf0000, 0x348f0000, 0x37cf0000)
   the space 12288K,  28% used [0x33cf0000, 0x3406a418, 0x3406a600, 0x348f0000)
    ro space 10240K,  45% used [0x37cf0000, 0x38179b28, 0x38179c00, 0x386f0000)
    rw space 12288K,  54% used [0x386f0000, 0x38d7d0e8, 0x38d7d200, 0x392f0000)
Event: 6.252 GC heap after
Heap after GC invocations=44 (full 1):
 def new generation   total 8704K, used 389K [0x23cf0000, 0x24660000, 0x29240000)
  eden space 7744K,   0% used [0x23cf0000, 0x23cf0000, 0x24480000)
  from space 960K,  40% used [0x24480000, 0x244e1450, 0x24570000)
  to   space 960K,   0% used [0x24570000, 0x24570000, 0x24660000)
 tenured generation   total 19304K, used 12046K [0x29240000, 0x2a51a000, 0x33cf0000)
   the space 19304K,  62% used [0x29240000, 0x29e03b10, 0x29e03c00, 0x2a51a000)
 compacting perm gen  total 12288K, used 3561K [0x33cf0000, 0x348f0000, 0x37cf0000)
   the space 12288K,  28% used [0x33cf0000, 0x3406a418, 0x3406a600, 0x348f0000)
    ro space 10240K,  45% used [0x37cf0000, 0x38179b28, 0x38179c00, 0x386f0000)
    rw space 12288K,  54% used [0x386f0000, 0x38d7d0e8, 0x38d7d200, 0x392f0000)
}
Event: 6.325 GC heap before
{Heap before GC invocations=44 (full 1):
 def new generation   total 8704K, used 8133K [0x23cf0000, 0x24660000, 0x29240000)
  eden space 7744K, 100% used [0x23cf0000, 0x24480000, 0x24480000)
  from space 960K,  40% used [0x24480000, 0x244e1450, 0x24570000)
  to   space 960K,   0% used [0x24570000, 0x24570000, 0x24660000)
 tenured generation   total 19304K, used 12046K [0x29240000, 0x2a51a000, 0x33cf0000)
   the space 19304K,  62% used [0x29240000, 0x29e03b10, 0x29e03c00, 0x2a51a000)
 compacting perm gen  total 12288K, used 3561K [0x33cf0000, 0x348f0000, 0x37cf0000)
   the space 12288K,  28% used [0x33cf0000, 0x3406a418, 0x3406a600, 0x348f0000)
    ro space 10240K,  45% used [0x37cf0000, 0x38179b28, 0x38179c00, 0x386f0000)
    rw space 12288K,  54% used [0x386f0000, 0x38d7d0e8, 0x38d7d200, 0x392f0000)
Event: 6.326 GC heap after
Heap after GC invocations=45 (full 1):
 def new generation   total 8704K, used 388K [0x23cf0000, 0x24660000, 0x29240000)
  eden space 7744K,   0% used [0x23cf0000, 0x23cf0000, 0x24480000)
  from space 960K,  40% used [0x24570000, 0x245d1330, 0x24660000)
  to   space 960K,   0% used [0x24480000, 0x24480000, 0x24570000)
 tenured generation   total 19304K, used 12062K [0x29240000, 0x2a51a000, 0x33cf0000)
   the space 19304K,  62% used [0x29240000, 0x29e07868, 0x29e07a00, 0x2a51a000)
 compacting perm gen  total 12288K, used 3561K [0x33cf0000, 0x348f0000, 0x37cf0000)
   the space 12288K,  28% used [0x33cf0000, 0x3406a418, 0x3406a600, 0x348f0000)
    ro space 10240K,  45% used [0x37cf0000, 0x38179b28, 0x38179c00, 0x386f0000)
    rw space 12288K,  54% used [0x386f0000, 0x38d7d0e8, 0x38d7d200, 0x392f0000)
}
Event: 6.387 GC heap before
{Heap before GC invocations=45 (full 1):
 def new generation   total 8704K, used 8132K [0x23cf0000, 0x24660000, 0x29240000)
  eden space 7744K, 100% used [0x23cf0000, 0x24480000, 0x24480000)
  from space 960K,  40% used [0x24570000, 0x245d1330, 0x24660000)
  to   space 960K,   0% used [0x24480000, 0x24480000, 0x24570000)
 tenured generation   total 19304K, used 12062K [0x29240000, 0x2a51a000, 0x33cf0000)
   the space 19304K,  62% used [0x29240000, 0x29e07868, 0x29e07a00, 0x2a51a000)
 compacting perm gen  total 12288K, used 3561K [0x33cf0000, 0x348f0000, 0x37cf0000)
   the space 12288K,  28% used [0x33cf0000, 0x3406a418, 0x3406a600, 0x348f0000)
    ro space 10240K,  45% used [0x37cf0000, 0x38179b28, 0x38179c00, 0x386f0000)
    rw space 12288K,  54% used [0x386f0000, 0x38d7d0e8, 0x38d7d200, 0x392f0000)
Event: 6.388 GC heap after
Heap after GC invocations=46 (full 1):
 def new generation   total 8704K, used 383K [0x23cf0000, 0x24660000, 0x29240000)
  eden space 7744K,   0% used [0x23cf0000, 0x23cf0000, 0x24480000)
  from space 960K,  39% used [0x24480000, 0x244dfd78, 0x24570000)
  to   space 960K,   0% used [0x24570000, 0x24570000, 0x24660000)
 tenured generation   total 19304K, used 12077K [0x29240000, 0x2a51a000, 0x33cf0000)
   the space 19304K,  62% used [0x29240000, 0x29e0b5c0, 0x29e0b600, 0x2a51a000)
 compacting perm gen  total 12288K, used 3561K [0x33cf0000, 0x348f0000, 0x37cf0000)
   the space 12288K,  28% used [0x33cf0000, 0x3406a418, 0x3406a600, 0x348f0000)
    ro space 10240K,  45% used [0x37cf0000, 0x38179b28, 0x38179c00, 0x386f0000)
    rw space 12288K,  54% used [0x386f0000, 0x38d7d0e8, 0x38d7d200, 0x392f0000)
}
Event: 6.447 GC heap before
{Heap before GC invocations=46 (full 1):
 def new generation   total 8704K, used 8127K [0x23cf0000, 0x24660000, 0x29240000)
  eden space 7744K, 100% used [0x23cf0000, 0x24480000, 0x24480000)
  from space 960K,  39% used [0x24480000, 0x244dfd78, 0x24570000)
  to   space 960K,   0% used [0x24570000, 0x24570000, 0x24660000)
 tenured generation   total 19304K, used 12077K [0x29240000, 0x2a51a000, 0x33cf0000)
   the space 19304K,  62% used [0x29240000, 0x29e0b5c0, 0x29e0b600, 0x2a51a000)
 compacting perm gen  total 12288K, used 3561K [0x33cf0000, 0x348f0000, 0x37cf0000)
   the space 12288K,  28% used [0x33cf0000, 0x3406a418, 0x3406a600, 0x348f0000)
    ro space 10240K,  45% used [0x37cf0000, 0x38179b28, 0x38179c00, 0x386f0000)
    rw space 12288K,  54% used [0x386f0000, 0x38d7d0e8, 0x38d7d200, 0x392f0000)
Event: 6.448 GC heap after
Heap after GC invocations=47 (full 1):
 def new generation   total 8704K, used 378K [0x23cf0000, 0x24660000, 0x29240000)
  eden space 7744K,   0% used [0x23cf0000, 0x23cf0000, 0x24480000)
  from space 960K,  39% used [0x24570000, 0x245ce820, 0x24660000)
  to   space 960K,   0% used [0x24480000, 0x24480000, 0x24570000)
 tenured generation   total 19304K, used 12093K [0x29240000, 0x2a51a000, 0x33cf0000)
   the space 19304K,  62% used [0x29240000, 0x29e0f4f0, 0x29e0f600, 0x2a51a000)
 compacting perm gen  total 12288K, used 3561K [0x33cf0000, 0x348f0000, 0x37cf0000)
   the space 12288K,  28% used [0x33cf0000, 0x3406a418, 0x3406a600, 0x348f0000)
    ro space 10240K,  45% used [0x37cf0000, 0x38179b28, 0x38179c00, 0x386f0000)
    rw space 12288K,  54% used [0x386f0000, 0x38d7d0e8, 0x38d7d200, 0x392f0000)
}
Event: 6.516 GC heap before
{Heap before GC invocations=47 (full 1):
 def new generation   total 8704K, used 8122K [0x23cf0000, 0x24660000, 0x29240000)
  eden space 7744K, 100% used [0x23cf0000, 0x24480000, 0x24480000)
  from space 960K,  39% used [0x24570000, 0x245ce820, 0x24660000)
  to   space 960K,   0% used [0x24480000, 0x24480000, 0x24570000)
 tenured generation   total 19304K, used 12093K [0x29240000, 0x2a51a000, 0x33cf0000)
   the space 19304K,  62% used [0x29240000, 0x29e0f4f0, 0x29e0f600, 0x2a51a000)
 compacting perm gen  total 12288K, used 3561K [0x33cf0000, 0x348f0000, 0x37cf0000)
   the space 12288K,  28% used [0x33cf0000, 0x3406a418, 0x3406a600, 0x348f0000)
    ro space 10240K,  45% used [0x37cf0000, 0x38179b28, 0x38179c00, 0x386f0000)
    rw space 12288K,  54% used [0x386f0000, 0x38d7d0e8, 0x38d7d200, 0x392f0000)
Event: 6.517 GC heap after
Heap after GC invocations=48 (full 1):
 def new generation   total 8704K, used 372K [0x23cf0000, 0x24660000, 0x29240000)
  eden space 7744K,   0% used [0x23cf0000, 0x23cf0000, 0x24480000)
  from space 960K,  38% used [0x24480000, 0x244dd1d8, 0x24570000)
  to   space 960K,   0% used [0x24570000, 0x24570000, 0x24660000)
 tenured generation   total 19304K, used 12108K [0x29240000, 0x2a51a000, 0x33cf0000)
   the space 19304K,  62% used [0x29240000, 0x29e13258, 0x29e13400, 0x2a51a000)
 compacting perm gen  total 12288K, used 3561K [0x33cf0000, 0x348f0000, 0x37cf0000)
   the space 12288K,  28% used [0x33cf0000, 0x3406a418, 0x3406a600, 0x348f0000)
    ro space 10240K,  45% used [0x37cf0000, 0x38179b28, 0x38179c00, 0x386f0000)
    rw space 12288K,  54% used [0x386f0000, 0x38d7d0e8, 0x38d7d200, 0x392f0000)
}

