# JRE version: 7.0_25-b16
# Java VM: Java HotSpot(TM) Client VM (23.25-b01 mixed mode, sharing windows-x86 )
Heap
 def new generation   total 17856K, used 13595K [0x23cf0000, 0x25050000, 0x29240000)
  eden space 15872K,  80% used [0x23cf0000, 0x2496ef20, 0x24c70000)
  from space 1984K,  40% used [0x24c70000, 0x24d37d38, 0x24e60000)
  to   space 1984K,   0% used [0x24e60000, 0x24e60000, 0x25050000)
 tenured generation   total 39640K, used 25044K [0x29240000, 0x2b8f6000, 0x33cf0000)
   the space 39640K,  63% used [0x29240000, 0x2aab5248, 0x2aab5400, 0x2b8f6000)
 compacting perm gen  total 12288K, used 3607K [0x33cf0000, 0x348f0000, 0x37cf0000)
   the space 12288K,  29% used [0x33cf0000, 0x34075d58, 0x34075e00, 0x348f0000)
    ro space 10240K,  45% used [0x37cf0000, 0x38179b28, 0x38179c00, 0x386f0000)
    rw space 12288K,  54% used [0x386f0000, 0x38d7d0e8, 0x38d7d200, 0x392f0000)
GC Heap History (10 events):
Event: 84.354 GC heap before
{Heap before GC invocations=1401 (full 7):
 def new generation   total 17856K, used 17145K [0x23cf0000, 0x25050000, 0x29240000)
  eden space 15872K, 100% used [0x23cf0000, 0x24c70000, 0x24c70000)
  from space 1984K,  64% used [0x24e60000, 0x24f9e548, 0x25050000)
  to   space 1984K,   0% used [0x24c70000, 0x24c70000, 0x24e60000)
 tenured generation   total 39640K, used 24920K [0x29240000, 0x2b8f6000, 0x33cf0000)
   the space 39640K,  62% used [0x29240000, 0x2aa96020, 0x2aa96200, 0x2b8f6000)
 compacting perm gen  total 12288K, used 3585K [0x33cf0000, 0x348f0000, 0x37cf0000)
   the space 12288K,  29% used [0x33cf0000, 0x34070470, 0x34070600, 0x348f0000)
    ro space 10240K,  45% used [0x37cf0000, 0x38179b28, 0x38179c00, 0x386f0000)
    rw space 12288K,  54% used [0x386f0000, 0x38d7d0e8, 0x38d7d200, 0x392f0000)
Event: 84.355 GC heap after
Heap after GC invocations=1402 (full 7):
 def new generation   total 17856K, used 377K [0x23cf0000, 0x25050000, 0x29240000)
  eden space 15872K,   0% used [0x23cf0000, 0x23cf0000, 0x24c70000)
  from space 1984K,  19% used [0x24c70000, 0x24cce668, 0x24e60000)
  to   space 1984K,   0% used [0x24e60000, 0x24e60000, 0x25050000)
 tenured generation   total 39640K, used 25019K [0x29240000, 0x2b8f6000, 0x33cf0000)
   the space 39640K,  63% used [0x29240000, 0x2aaaeed0, 0x2aaaf000, 0x2b8f6000)
 compacting perm gen  total 12288K, used 3585K [0x33cf0000, 0x348f0000, 0x37cf0000)
   the space 12288K,  29% used [0x33cf0000, 0x34070470, 0x34070600, 0x348f0000)
    ro space 10240K,  45% used [0x37cf0000, 0x38179b28, 0x38179c00, 0x386f0000)
    rw space 12288K,  54% used [0x386f0000, 0x38d7d0e8, 0x38d7d200, 0x392f0000)
}
Event: 84.407 GC heap before
{Heap before GC invocations=1402 (full 7):
 def new generation   total 17856K, used 16249K [0x23cf0000, 0x25050000, 0x29240000)
  eden space 15872K, 100% used [0x23cf0000, 0x24c70000, 0x24c70000)
  from space 1984K,  19% used [0x24c70000, 0x24cce668, 0x24e60000)
  to   space 1984K,   0% used [0x24e60000, 0x24e60000, 0x25050000)
 tenured generation   total 39640K, used 25019K [0x29240000, 0x2b8f6000, 0x33cf0000)
   the space 39640K,  63% used [0x29240000, 0x2aaaeed0, 0x2aaaf000, 0x2b8f6000)
 compacting perm gen  total 12288K, used 3585K [0x33cf0000, 0x348f0000, 0x37cf0000)
   the space 12288K,  29% used [0x33cf0000, 0x34070470, 0x34070600, 0x348f0000)
    ro space 10240K,  45% used [0x37cf0000, 0x38179b28, 0x38179c00, 0x386f0000)
    rw space 12288K,  54% used [0x386f0000, 0x38d7d0e8, 0x38d7d200, 0x392f0000)
Event: 84.411 GC heap after
Heap after GC invocations=1403 (full 7):
 def new generation   total 17856K, used 1433K [0x23cf0000, 0x25050000, 0x29240000)
  eden space 15872K,   0% used [0x23cf0000, 0x23cf0000, 0x24c70000)
  from space 1984K,  72% used [0x24e60000, 0x24fc67d0, 0x25050000)
  to   space 1984K,   0% used [0x24c70000, 0x24c70000, 0x24e60000)
 tenured generation   total 39640K, used 25019K [0x29240000, 0x2b8f6000, 0x33cf0000)
   the space 39640K,  63% used [0x29240000, 0x2aaaeed0, 0x2aaaf000, 0x2b8f6000)
 compacting perm gen  total 12288K, used 3585K [0x33cf0000, 0x348f0000, 0x37cf0000)
   the space 12288K,  29% used [0x33cf0000, 0x34070470, 0x34070600, 0x348f0000)
    ro space 10240K,  45% used [0x37cf0000, 0x38179b28, 0x38179c00, 0x386f0000)
    rw space 12288K,  54% used [0x386f0000, 0x38d7d0e8, 0x38d7d200, 0x392f0000)
}
Event: 84.501 GC heap before
{Heap before GC invocations=1403 (full 7):
 def new generation   total 17856K, used 17305K [0x23cf0000, 0x25050000, 0x29240000)
  eden space 15872K, 100% used [0x23cf0000, 0x24c70000, 0x24c70000)
  from space 1984K,  72% used [0x24e60000, 0x24fc67d0, 0x25050000)
  to   space 1984K,   0% used [0x24c70000, 0x24c70000, 0x24e60000)
 tenured generation   total 39640K, used 25019K [0x29240000, 0x2b8f6000, 0x33cf0000)
   the space 39640K,  63% used [0x29240000, 0x2aaaeed0, 0x2aaaf000, 0x2b8f6000)
 compacting perm gen  total 12288K, used 3585K [0x33cf0000, 0x348f0000, 0x37cf0000)
   the space 12288K,  29% used [0x33cf0000, 0x34070470, 0x34070600, 0x348f0000)
    ro space 10240K,  45% used [0x37cf0000, 0x38179b28, 0x38179c00, 0x386f0000)
    rw space 12288K,  54% used [0x386f0000, 0x38d7d0e8, 0x38d7d200, 0x392f0000)
Event: 84.503 GC heap after
Heap after GC invocations=1404 (full 7):
 def new generation   total 17856K, used 588K [0x23cf0000, 0x25050000, 0x29240000)
  eden space 15872K,   0% used [0x23cf0000, 0x23cf0000, 0x24c70000)
  from space 1984K,  29% used [0x24c70000, 0x24d03038, 0x24e60000)
  to   space 1984K,   0% used [0x24e60000, 0x24e60000, 0x25050000)
 tenured generation   total 39640K, used 25044K [0x29240000, 0x2b8f6000, 0x33cf0000)
   the space 39640K,  63% used [0x29240000, 0x2aab5248, 0x2aab5400, 0x2b8f6000)
 compacting perm gen  total 12288K, used 3585K [0x33cf0000, 0x348f0000, 0x37cf0000)
   the space 12288K,  29% used [0x33cf0000, 0x34070470, 0x34070600, 0x348f0000)
    ro space 10240K,  45% used [0x37cf0000, 0x38179b28, 0x38179c00, 0x386f0000)
    rw space 12288K,  54% used [0x386f0000, 0x38d7d0e8, 0x38d7d200, 0x392f0000)
}
Event: 84.567 GC heap before
{Heap before GC invocations=1404 (full 7):
 def new generation   total 17856K, used 16460K [0x23cf0000, 0x25050000, 0x29240000)
  eden space 15872K, 100% used [0x23cf0000, 0x24c70000, 0x24c70000)
  from space 1984K,  29% used [0x24c70000, 0x24d03038, 0x24e60000)
  to   space 1984K,   0% used [0x24e60000, 0x24e60000, 0x25050000)
 tenured generation   total 39640K, used 25044K [0x29240000, 0x2b8f6000, 0x33cf0000)
   the space 39640K,  63% used [0x29240000, 0x2aab5248, 0x2aab5400, 0x2b8f6000)
 compacting perm gen  total 12288K, used 3585K [0x33cf0000, 0x348f0000, 0x37cf0000)
   the space 12288K,  29% used [0x33cf0000, 0x34070470, 0x34070600, 0x348f0000)
    ro space 10240K,  45% used [0x37cf0000, 0x38179b28, 0x38179c00, 0x386f0000)
    rw space 12288K,  54% used [0x386f0000, 0x38d7d0e8, 0x38d7d200, 0x392f0000)
Event: 84.568 GC heap after
Heap after GC invocations=1405 (full 7):
 def new generation   total 17856K, used 39K [0x23cf0000, 0x25050000, 0x29240000)
  eden space 15872K,   0% used [0x23cf0000, 0x23cf0000, 0x24c70000)
  from space 1984K,   1% used [0x24e60000, 0x24e69d90, 0x25050000)
  to   space 1984K,   0% used [0x24c70000, 0x24c70000, 0x24e60000)
 tenured generation   total 39640K, used 25044K [0x29240000, 0x2b8f6000, 0x33cf0000)
   the space 39640K,  63% used [0x29240000, 0x2aab5248, 0x2aab5400, 0x2b8f6000)
 compacting perm gen  total 12288K, used 3585K [0x33cf0000, 0x348f0000, 0x37cf0000)
   the space 12288K,  29% used [0x33cf0000, 0x34070470, 0x34070600, 0x348f0000)
    ro space 10240K,  45% used [0x37cf0000, 0x38179b28, 0x38179c00, 0x386f0000)
    rw space 12288K,  54% used [0x386f0000, 0x38d7d0e8, 0x38d7d200, 0x392f0000)
}
Event: 84.644 GC heap before
{Heap before GC invocations=1405 (full 7):
 def new generation   total 17856K, used 15911K [0x23cf0000, 0x25050000, 0x29240000)
  eden space 15872K, 100% used [0x23cf0000, 0x24c70000, 0x24c70000)
  from space 1984K,   1% used [0x24e60000, 0x24e69d90, 0x25050000)
  to   space 1984K,   0% used [0x24c70000, 0x24c70000, 0x24e60000)
 tenured generation   total 39640K, used 25044K [0x29240000, 0x2b8f6000, 0x33cf0000)
   the space 39640K,  63% used [0x29240000, 0x2aab5248, 0x2aab5400, 0x2b8f6000)
 compacting perm gen  total 12288K, used 3585K [0x33cf0000, 0x348f0000, 0x37cf0000)
   the space 12288K,  29% used [0x33cf0000, 0x34070470, 0x34070600, 0x348f0000)
    ro space 10240K,  45% used [0x37cf0000, 0x38179b28, 0x38179c00, 0x386f0000)
    rw space 12288K,  54% used [0x386f0000, 0x38d7d0e8, 0x38d7d200, 0x392f0000)
Event: 84.646 GC heap after
Heap after GC invocations=1406 (full 7):
 def new generation   total 17856K, used 799K [0x23cf0000, 0x25050000, 0x29240000)
  eden space 15872K,   0% used [0x23cf0000, 0x23cf0000, 0x24c70000)
  from space 1984K,  40% used [0x24c70000, 0x24d37d38, 0x24e60000)
  to   space 1984K,   0% used [0x24e60000, 0x24e60000, 0x25050000)
 tenured generation   total 39640K, used 25044K [0x29240000, 0x2b8f6000, 0x33cf0000)
   the space 39640K,  63% used [0x29240000, 0x2aab5248, 0x2aab5400, 0x2b8f6000)
 compacting perm gen  total 12288K, used 3585K [0x33cf0000, 0x348f0000, 0x37cf0000)
   the space 12288K,  29% used [0x33cf0000, 0x34070470, 0x34070600, 0x348f0000)
    ro space 10240K,  45% used [0x37cf0000, 0x38179b28, 0x38179c00, 0x386f0000)
    rw space 12288K,  54% used [0x386f0000, 0x38d7d0e8, 0x38d7d200, 0x392f0000)
}

