# JRE version: 7.0_25-b16
# Java VM: Java HotSpot(TM) Client VM (23.25-b01 mixed mode, sharing windows-x86 )
Heap
 def new generation   total 12352K, used 6906K [0x23cf0000, 0x24a50000, 0x29240000)
  eden space 11008K,  57% used [0x23cf0000, 0x2432b268, 0x247b0000)
  from space 1344K,  39% used [0x247b0000, 0x24833978, 0x24900000)
  to   space 1344K,   0% used [0x24900000, 0x24900000, 0x24a50000)
 tenured generation   total 27288K, used 22699K [0x29240000, 0x2ace6000, 0x33cf0000)
   the space 27288K,  83% used [0x29240000, 0x2a86ac08, 0x2a86ae00, 0x2ace6000)
 compacting perm gen  total 12288K, used 3603K [0x33cf0000, 0x348f0000, 0x37cf0000)
   the space 12288K,  29% used [0x33cf0000, 0x34074d20, 0x34074e00, 0x348f0000)
    ro space 10240K,  45% used [0x37cf0000, 0x38179b28, 0x38179c00, 0x386f0000)
    rw space 12288K,  54% used [0x386f0000, 0x38d7d0e8, 0x38d7d200, 0x392f0000)
GC Heap History (10 events):
Event: 193.690 GC heap before
{Heap before GC invocations=556 (full 3):
 def new generation   total 12352K, used 11543K [0x23cf0000, 0x24a50000, 0x29240000)
  eden space 11008K, 100% used [0x23cf0000, 0x247b0000, 0x247b0000)
  from space 1344K,  39% used [0x24900000, 0x24985ec8, 0x24a50000)
  to   space 1344K,   0% used [0x247b0000, 0x247b0000, 0x24900000)
 tenured generation   total 27288K, used 22561K [0x29240000, 0x2ace6000, 0x33cf0000)
   the space 27288K,  82% used [0x29240000, 0x2a848780, 0x2a848800, 0x2ace6000)
 compacting perm gen  total 12288K, used 3581K [0x33cf0000, 0x348f0000, 0x37cf0000)
   the space 12288K,  29% used [0x33cf0000, 0x3406f408, 0x3406f600, 0x348f0000)
    ro space 10240K,  45% used [0x37cf0000, 0x38179b28, 0x38179c00, 0x386f0000)
    rw space 12288K,  54% used [0x386f0000, 0x38d7d0e8, 0x38d7d200, 0x392f0000)
Event: 193.692 GC heap after
Heap after GC invocations=557 (full 3):
 def new generation   total 12352K, used 542K [0x23cf0000, 0x24a50000, 0x29240000)
  eden space 11008K,   0% used [0x23cf0000, 0x23cf0000, 0x247b0000)
  from space 1344K,  40% used [0x247b0000, 0x248378b8, 0x24900000)
  to   space 1344K,   0% used [0x24900000, 0x24900000, 0x24a50000)
 tenured generation   total 27288K, used 22582K [0x29240000, 0x2ace6000, 0x33cf0000)
   the space 27288K,  82% used [0x29240000, 0x2a84d8c0, 0x2a84da00, 0x2ace6000)
 compacting perm gen  total 12288K, used 3581K [0x33cf0000, 0x348f0000, 0x37cf0000)
   the space 12288K,  29% used [0x33cf0000, 0x3406f408, 0x3406f600, 0x348f0000)
    ro space 10240K,  45% used [0x37cf0000, 0x38179b28, 0x38179c00, 0x386f0000)
    rw space 12288K,  54% used [0x386f0000, 0x38d7d0e8, 0x38d7d200, 0x392f0000)
}
Event: 193.845 GC heap before
{Heap before GC invocations=557 (full 3):
 def new generation   total 12352K, used 11550K [0x23cf0000, 0x24a50000, 0x29240000)
  eden space 11008K, 100% used [0x23cf0000, 0x247b0000, 0x247b0000)
  from space 1344K,  40% used [0x247b0000, 0x248378b8, 0x24900000)
  to   space 1344K,   0% used [0x24900000, 0x24900000, 0x24a50000)
 tenured generation   total 27288K, used 22582K [0x29240000, 0x2ace6000, 0x33cf0000)
   the space 27288K,  82% used [0x29240000, 0x2a84d8c0, 0x2a84da00, 0x2ace6000)
 compacting perm gen  total 12288K, used 3581K [0x33cf0000, 0x348f0000, 0x37cf0000)
   the space 12288K,  29% used [0x33cf0000, 0x3406f408, 0x3406f600, 0x348f0000)
    ro space 10240K,  45% used [0x37cf0000, 0x38179b28, 0x38179c00, 0x386f0000)
    rw space 12288K,  54% used [0x386f0000, 0x38d7d0e8, 0x38d7d200, 0x392f0000)
Event: 193.846 GC heap after
Heap after GC invocations=558 (full 3):
 def new generation   total 12352K, used 540K [0x23cf0000, 0x24a50000, 0x29240000)
  eden space 11008K,   0% used [0x23cf0000, 0x23cf0000, 0x247b0000)
  from space 1344K,  40% used [0x24900000, 0x249872e0, 0x24a50000)
  to   space 1344K,   0% used [0x247b0000, 0x247b0000, 0x24900000)
 tenured generation   total 27288K, used 22608K [0x29240000, 0x2ace6000, 0x33cf0000)
   the space 27288K,  82% used [0x29240000, 0x2a854160, 0x2a854200, 0x2ace6000)
 compacting perm gen  total 12288K, used 3581K [0x33cf0000, 0x348f0000, 0x37cf0000)
   the space 12288K,  29% used [0x33cf0000, 0x3406f408, 0x3406f600, 0x348f0000)
    ro space 10240K,  45% used [0x37cf0000, 0x38179b28, 0x38179c00, 0x386f0000)
    rw space 12288K,  54% used [0x386f0000, 0x38d7d0e8, 0x38d7d200, 0x392f0000)
}
Event: 193.995 GC heap before
{Heap before GC invocations=558 (full 3):
 def new generation   total 12352K, used 11548K [0x23cf0000, 0x24a50000, 0x29240000)
  eden space 11008K, 100% used [0x23cf0000, 0x247b0000, 0x247b0000)
  from space 1344K,  40% used [0x24900000, 0x249872e0, 0x24a50000)
  to   space 1344K,   0% used [0x247b0000, 0x247b0000, 0x24900000)
 tenured generation   total 27288K, used 22608K [0x29240000, 0x2ace6000, 0x33cf0000)
   the space 27288K,  82% used [0x29240000, 0x2a854160, 0x2a854200, 0x2ace6000)
 compacting perm gen  total 12288K, used 3581K [0x33cf0000, 0x348f0000, 0x37cf0000)
   the space 12288K,  29% used [0x33cf0000, 0x3406f408, 0x3406f600, 0x348f0000)
    ro space 10240K,  45% used [0x37cf0000, 0x38179b28, 0x38179c00, 0x386f0000)
    rw space 12288K,  54% used [0x386f0000, 0x38d7d0e8, 0x38d7d200, 0x392f0000)
Event: 193.996 GC heap after
Heap after GC invocations=559 (full 3):
 def new generation   total 12352K, used 535K [0x23cf0000, 0x24a50000, 0x29240000)
  eden space 11008K,   0% used [0x23cf0000, 0x23cf0000, 0x247b0000)
  from space 1344K,  39% used [0x247b0000, 0x24835f08, 0x24900000)
  to   space 1344K,   0% used [0x24900000, 0x24900000, 0x24a50000)
 tenured generation   total 27288K, used 22638K [0x29240000, 0x2ace6000, 0x33cf0000)
   the space 27288K,  82% used [0x29240000, 0x2a85ba60, 0x2a85bc00, 0x2ace6000)
 compacting perm gen  total 12288K, used 3581K [0x33cf0000, 0x348f0000, 0x37cf0000)
   the space 12288K,  29% used [0x33cf0000, 0x3406f408, 0x3406f600, 0x348f0000)
    ro space 10240K,  45% used [0x37cf0000, 0x38179b28, 0x38179c00, 0x386f0000)
    rw space 12288K,  54% used [0x386f0000, 0x38d7d0e8, 0x38d7d200, 0x392f0000)
}
Event: 194.149 GC heap before
{Heap before GC invocations=559 (full 3):
 def new generation   total 12352K, used 11543K [0x23cf0000, 0x24a50000, 0x29240000)
  eden space 11008K, 100% used [0x23cf0000, 0x247b0000, 0x247b0000)
  from space 1344K,  39% used [0x247b0000, 0x24835f08, 0x24900000)
  to   space 1344K,   0% used [0x24900000, 0x24900000, 0x24a50000)
 tenured generation   total 27288K, used 22638K [0x29240000, 0x2ace6000, 0x33cf0000)
   the space 27288K,  82% used [0x29240000, 0x2a85ba60, 0x2a85bc00, 0x2ace6000)
 compacting perm gen  total 12288K, used 3581K [0x33cf0000, 0x348f0000, 0x37cf0000)
   the space 12288K,  29% used [0x33cf0000, 0x3406f418, 0x3406f600, 0x348f0000)
    ro space 10240K,  45% used [0x37cf0000, 0x38179b28, 0x38179c00, 0x386f0000)
    rw space 12288K,  54% used [0x386f0000, 0x38d7d0e8, 0x38d7d200, 0x392f0000)
Event: 194.150 GC heap after
Heap after GC invocations=560 (full 3):
 def new generation   total 12352K, used 521K [0x23cf0000, 0x24a50000, 0x29240000)
  eden space 11008K,   0% used [0x23cf0000, 0x23cf0000, 0x247b0000)
  from space 1344K,  38% used [0x24900000, 0x24982740, 0x24a50000)
  to   space 1344K,   0% used [0x247b0000, 0x247b0000, 0x24900000)
 tenured generation   total 27288K, used 22678K [0x29240000, 0x2ace6000, 0x33cf0000)
   the space 27288K,  83% used [0x29240000, 0x2a865918, 0x2a865a00, 0x2ace6000)
 compacting perm gen  total 12288K, used 3581K [0x33cf0000, 0x348f0000, 0x37cf0000)
   the space 12288K,  29% used [0x33cf0000, 0x3406f418, 0x3406f600, 0x348f0000)
    ro space 10240K,  45% used [0x37cf0000, 0x38179b28, 0x38179c00, 0x386f0000)
    rw space 12288K,  54% used [0x386f0000, 0x38d7d0e8, 0x38d7d200, 0x392f0000)
}
Event: 194.311 GC heap before
{Heap before GC invocations=560 (full 3):
 def new generation   total 12352K, used 11529K [0x23cf0000, 0x24a50000, 0x29240000)
  eden space 11008K, 100% used [0x23cf0000, 0x247b0000, 0x247b0000)
  from space 1344K,  38% used [0x24900000, 0x24982740, 0x24a50000)
  to   space 1344K,   0% used [0x247b0000, 0x247b0000, 0x24900000)
 tenured generation   total 27288K, used 22678K [0x29240000, 0x2ace6000, 0x33cf0000)
   the space 27288K,  83% used [0x29240000, 0x2a865918, 0x2a865a00, 0x2ace6000)
 compacting perm gen  total 12288K, used 3581K [0x33cf0000, 0x348f0000, 0x37cf0000)
   the space 12288K,  29% used [0x33cf0000, 0x3406f418, 0x3406f600, 0x348f0000)
    ro space 10240K,  45% used [0x37cf0000, 0x38179b28, 0x38179c00, 0x386f0000)
    rw space 12288K,  54% used [0x386f0000, 0x38d7d0e8, 0x38d7d200, 0x392f0000)
Event: 194.312 GC heap after
Heap after GC invocations=561 (full 3):
 def new generation   total 12352K, used 526K [0x23cf0000, 0x24a50000, 0x29240000)
  eden space 11008K,   0% used [0x23cf0000, 0x23cf0000, 0x247b0000)
  from space 1344K,  39% used [0x247b0000, 0x24833978, 0x24900000)
  to   space 1344K,   0% used [0x24900000, 0x24900000, 0x24a50000)
 tenured generation   total 27288K, used 22699K [0x29240000, 0x2ace6000, 0x33cf0000)
   the space 27288K,  83% used [0x29240000, 0x2a86ac08, 0x2a86ae00, 0x2ace6000)
 compacting perm gen  total 12288K, used 3581K [0x33cf0000, 0x348f0000, 0x37cf0000)
   the space 12288K,  29% used [0x33cf0000, 0x3406f418, 0x3406f600, 0x348f0000)
    ro space 10240K,  45% used [0x37cf0000, 0x38179b28, 0x38179c00, 0x386f0000)
    rw space 12288K,  54% used [0x386f0000, 0x38d7d0e8, 0x38d7d200, 0x392f0000)
}

