# JRE version: 7.0_25-b16
# Java VM: Java HotSpot(TM) Client VM (23.25-b01 mixed mode, sharing windows-x86 )
Heap
 def new generation   total 7808K, used 5402K [0x23cf0000, 0x24560000, 0x29240000)
  eden space 6976K,  74% used [0x23cf0000, 0x24209c58, 0x243c0000)
  from space 832K,  21% used [0x24490000, 0x244bcea0, 0x24560000)
  to   space 832K,   0% used [0x243c0000, 0x243c0000, 0x24490000)
 tenured generation   total 17152K, used 10845K [0x29240000, 0x2a300000, 0x33cf0000)
   the space 17152K,  63% used [0x29240000, 0x29cd7738, 0x29cd7800, 0x2a300000)
 compacting perm gen  total 12288K, used 3152K [0x33cf0000, 0x348f0000, 0x37cf0000)
   the space 12288K,  25% used [0x33cf0000, 0x34004090, 0x34004200, 0x348f0000)
    ro space 10240K,  45% used [0x37cf0000, 0x38179b28, 0x38179c00, 0x386f0000)
    rw space 12288K,  54% used [0x386f0000, 0x38d7d0e8, 0x38d7d200, 0x392f0000)
GC Heap History (10 events):
Event: 13.107 GC heap before
{Heap before GC invocations=199 (full 1):
 def new generation   total 7808K, used 7171K [0x23cf0000, 0x24560000, 0x29240000)
  eden space 6976K, 100% used [0x23cf0000, 0x243c0000, 0x243c0000)
  from space 832K,  23% used [0x243c0000, 0x243f0da0, 0x24490000)
  to   space 832K,   0% used [0x24490000, 0x24490000, 0x24560000)
 tenured generation   total 17152K, used 10778K [0x29240000, 0x2a300000, 0x33cf0000)
   the space 17152K,  62% used [0x29240000, 0x29cc6bf0, 0x29cc6c00, 0x2a300000)
 compacting perm gen  total 12288K, used 3129K [0x33cf0000, 0x348f0000, 0x37cf0000)
   the space 12288K,  25% used [0x33cf0000, 0x33ffe7a8, 0x33ffe800, 0x348f0000)
    ro space 10240K,  45% used [0x37cf0000, 0x38179b28, 0x38179c00, 0x386f0000)
    rw space 12288K,  54% used [0x386f0000, 0x38d7d0e8, 0x38d7d200, 0x392f0000)
Event: 13.108 GC heap after
Heap after GC invocations=200 (full 1):
 def new generation   total 7808K, used 190K [0x23cf0000, 0x24560000, 0x29240000)
  eden space 6976K,   0% used [0x23cf0000, 0x23cf0000, 0x243c0000)
  from space 832K,  22% used [0x24490000, 0x244bfba0, 0x24560000)
  to   space 832K,   0% used [0x243c0000, 0x243c0000, 0x24490000)
 tenured generation   total 17152K, used 10793K [0x29240000, 0x2a300000, 0x33cf0000)
   the space 17152K,  62% used [0x29240000, 0x29cca7a8, 0x29cca800, 0x2a300000)
 compacting perm gen  total 12288K, used 3129K [0x33cf0000, 0x348f0000, 0x37cf0000)
   the space 12288K,  25% used [0x33cf0000, 0x33ffe7a8, 0x33ffe800, 0x348f0000)
    ro space 10240K,  45% used [0x37cf0000, 0x38179b28, 0x38179c00, 0x386f0000)
    rw space 12288K,  54% used [0x386f0000, 0x38d7d0e8, 0x38d7d200, 0x392f0000)
}
Event: 13.183 GC heap before
{Heap before GC invocations=200 (full 1):
 def new generation   total 7808K, used 7166K [0x23cf0000, 0x24560000, 0x29240000)
  eden space 6976K, 100% used [0x23cf0000, 0x243c0000, 0x243c0000)
  from space 832K,  22% used [0x24490000, 0x244bfba0, 0x24560000)
  to   space 832K,   0% used [0x243c0000, 0x243c0000, 0x24490000)
 tenured generation   total 17152K, used 10793K [0x29240000, 0x2a300000, 0x33cf0000)
   the space 17152K,  62% used [0x29240000, 0x29cca7a8, 0x29cca800, 0x2a300000)
 compacting perm gen  total 12288K, used 3129K [0x33cf0000, 0x348f0000, 0x37cf0000)
   the space 12288K,  25% used [0x33cf0000, 0x33ffe7a8, 0x33ffe800, 0x348f0000)
    ro space 10240K,  45% used [0x37cf0000, 0x38179b28, 0x38179c00, 0x386f0000)
    rw space 12288K,  54% used [0x386f0000, 0x38d7d0e8, 0x38d7d200, 0x392f0000)
Event: 13.184 GC heap after
Heap after GC invocations=201 (full 1):
 def new generation   total 7808K, used 195K [0x23cf0000, 0x24560000, 0x29240000)
  eden space 6976K,   0% used [0x23cf0000, 0x23cf0000, 0x243c0000)
  from space 832K,  23% used [0x243c0000, 0x243f0c10, 0x24490000)
  to   space 832K,   0% used [0x24490000, 0x24490000, 0x24560000)
 tenured generation   total 17152K, used 10804K [0x29240000, 0x2a300000, 0x33cf0000)
   the space 17152K,  62% used [0x29240000, 0x29ccd308, 0x29ccd400, 0x2a300000)
 compacting perm gen  total 12288K, used 3129K [0x33cf0000, 0x348f0000, 0x37cf0000)
   the space 12288K,  25% used [0x33cf0000, 0x33ffe7a8, 0x33ffe800, 0x348f0000)
    ro space 10240K,  45% used [0x37cf0000, 0x38179b28, 0x38179c00, 0x386f0000)
    rw space 12288K,  54% used [0x386f0000, 0x38d7d0e8, 0x38d7d200, 0x392f0000)
}
Event: 13.260 GC heap before
{Heap before GC invocations=201 (full 1):
 def new generation   total 7808K, used 7171K [0x23cf0000, 0x24560000, 0x29240000)
  eden space 6976K, 100% used [0x23cf0000, 0x243c0000, 0x243c0000)
  from space 832K,  23% used [0x243c0000, 0x243f0c10, 0x24490000)
  to   space 832K,   0% used [0x24490000, 0x24490000, 0x24560000)
 tenured generation   total 17152K, used 10804K [0x29240000, 0x2a300000, 0x33cf0000)
   the space 17152K,  62% used [0x29240000, 0x29ccd308, 0x29ccd400, 0x2a300000)
 compacting perm gen  total 12288K, used 3129K [0x33cf0000, 0x348f0000, 0x37cf0000)
   the space 12288K,  25% used [0x33cf0000, 0x33ffe7a8, 0x33ffe800, 0x348f0000)
    ro space 10240K,  45% used [0x37cf0000, 0x38179b28, 0x38179c00, 0x386f0000)
    rw space 12288K,  54% used [0x386f0000, 0x38d7d0e8, 0x38d7d200, 0x392f0000)
Event: 13.261 GC heap after
Heap after GC invocations=202 (full 1):
 def new generation   total 7808K, used 190K [0x23cf0000, 0x24560000, 0x29240000)
  eden space 6976K,   0% used [0x23cf0000, 0x23cf0000, 0x243c0000)
  from space 832K,  22% used [0x24490000, 0x244bf830, 0x24560000)
  to   space 832K,   0% used [0x243c0000, 0x243c0000, 0x24490000)
 tenured generation   total 17152K, used 10820K [0x29240000, 0x2a300000, 0x33cf0000)
   the space 17152K,  63% used [0x29240000, 0x29cd1078, 0x29cd1200, 0x2a300000)
 compacting perm gen  total 12288K, used 3129K [0x33cf0000, 0x348f0000, 0x37cf0000)
   the space 12288K,  25% used [0x33cf0000, 0x33ffe7a8, 0x33ffe800, 0x348f0000)
    ro space 10240K,  45% used [0x37cf0000, 0x38179b28, 0x38179c00, 0x386f0000)
    rw space 12288K,  54% used [0x386f0000, 0x38d7d0e8, 0x38d7d200, 0x392f0000)
}
Event: 13.338 GC heap before
{Heap before GC invocations=202 (full 1):
 def new generation   total 7808K, used 7166K [0x23cf0000, 0x24560000, 0x29240000)
  eden space 6976K, 100% used [0x23cf0000, 0x243c0000, 0x243c0000)
  from space 832K,  22% used [0x24490000, 0x244bf830, 0x24560000)
  to   space 832K,   0% used [0x243c0000, 0x243c0000, 0x24490000)
 tenured generation   total 17152K, used 10820K [0x29240000, 0x2a300000, 0x33cf0000)
   the space 17152K,  63% used [0x29240000, 0x29cd1078, 0x29cd1200, 0x2a300000)
 compacting perm gen  total 12288K, used 3129K [0x33cf0000, 0x348f0000, 0x37cf0000)
   the space 12288K,  25% used [0x33cf0000, 0x33ffe7a8, 0x33ffe800, 0x348f0000)
    ro space 10240K,  45% used [0x37cf0000, 0x38179b28, 0x38179c00, 0x386f0000)
    rw space 12288K,  54% used [0x386f0000, 0x38d7d0e8, 0x38d7d200, 0x392f0000)
Event: 13.338 GC heap after
Heap after GC invocations=203 (full 1):
 def new generation   total 7808K, used 195K [0x23cf0000, 0x24560000, 0x29240000)
  eden space 6976K,   0% used [0x23cf0000, 0x23cf0000, 0x243c0000)
  from space 832K,  23% used [0x243c0000, 0x243f0c40, 0x24490000)
  to   space 832K,   0% used [0x24490000, 0x24490000, 0x24560000)
 tenured generation   total 17152K, used 10830K [0x29240000, 0x2a300000, 0x33cf0000)
   the space 17152K,  63% used [0x29240000, 0x29cd39c8, 0x29cd3a00, 0x2a300000)
 compacting perm gen  total 12288K, used 3129K [0x33cf0000, 0x348f0000, 0x37cf0000)
   the space 12288K,  25% used [0x33cf0000, 0x33ffe7a8, 0x33ffe800, 0x348f0000)
    ro space 10240K,  45% used [0x37cf0000, 0x38179b28, 0x38179c00, 0x386f0000)
    rw space 12288K,  54% used [0x386f0000, 0x38d7d0e8, 0x38d7d200, 0x392f0000)
}
Event: 13.412 GC heap before
{Heap before GC invocations=203 (full 1):
 def new generation   total 7808K, used 7171K [0x23cf0000, 0x24560000, 0x29240000)
  eden space 6976K, 100% used [0x23cf0000, 0x243c0000, 0x243c0000)
  from space 832K,  23% used [0x243c0000, 0x243f0c40, 0x24490000)
  to   space 832K,   0% used [0x24490000, 0x24490000, 0x24560000)
 tenured generation   total 17152K, used 10830K [0x29240000, 0x2a300000, 0x33cf0000)
   the space 17152K,  63% used [0x29240000, 0x29cd39c8, 0x29cd3a00, 0x2a300000)
 compacting perm gen  total 12288K, used 3129K [0x33cf0000, 0x348f0000, 0x37cf0000)
   the space 12288K,  25% used [0x33cf0000, 0x33ffe7a8, 0x33ffe800, 0x348f0000)
    ro space 10240K,  45% used [0x37cf0000, 0x38179b28, 0x38179c00, 0x386f0000)
    rw space 12288K,  54% used [0x386f0000, 0x38d7d0e8, 0x38d7d200, 0x392f0000)
Event: 13.412 GC heap after
Heap after GC invocations=204 (full 1):
 def new generation   total 7808K, used 179K [0x23cf0000, 0x24560000, 0x29240000)
  eden space 6976K,   0% used [0x23cf0000, 0x23cf0000, 0x243c0000)
  from space 832K,  21% used [0x24490000, 0x244bcea0, 0x24560000)
  to   space 832K,   0% used [0x243c0000, 0x243c0000, 0x24490000)
 tenured generation   total 17152K, used 10845K [0x29240000, 0x2a300000, 0x33cf0000)
   the space 17152K,  63% used [0x29240000, 0x29cd7738, 0x29cd7800, 0x2a300000)
 compacting perm gen  total 12288K, used 3129K [0x33cf0000, 0x348f0000, 0x37cf0000)
   the space 12288K,  25% used [0x33cf0000, 0x33ffe7a8, 0x33ffe800, 0x348f0000)
    ro space 10240K,  45% used [0x37cf0000, 0x38179b28, 0x38179c00, 0x386f0000)
    rw space 12288K,  54% used [0x386f0000, 0x38d7d0e8, 0x38d7d200, 0x392f0000)
}

