# JRE version: 7.0_25-b16
# Java VM: Java HotSpot(TM) Client VM (23.25-b01 mixed mode, sharing windows-x86 )
Heap
 def new generation   total 9216K, used 804K [0x23cf0000, 0x246e0000, 0x29240000)
  eden space 8256K,   5% used [0x23cf0000, 0x23d62da8, 0x24500000)
  from space 960K,  35% used [0x24500000, 0x24556538, 0x245f0000)
  to   space 960K,   0% used [0x245f0000, 0x245f0000, 0x246e0000)
 tenured generation   total 20304K, used 12566K [0x29240000, 0x2a614000, 0x33cf0000)
   the space 20304K,  61% used [0x29240000, 0x29e85b18, 0x29e85c00, 0x2a614000)
 compacting perm gen  total 12288K, used 3585K [0x33cf0000, 0x348f0000, 0x37cf0000)
   the space 12288K,  29% used [0x33cf0000, 0x34070598, 0x34070600, 0x348f0000)
    ro space 10240K,  45% used [0x37cf0000, 0x38179b28, 0x38179c00, 0x386f0000)
    rw space 12288K,  54% used [0x386f0000, 0x38d7d0e8, 0x38d7d200, 0x392f0000)
GC Heap History (10 events):
Event: 5.077 GC heap before
{Heap before GC invocations=11 (full 1):
 def new generation   total 9216K, used 8735K [0x23cf0000, 0x246e0000, 0x29240000)
  eden space 8256K, 100% used [0x23cf0000, 0x24500000, 0x24500000)
  from space 960K,  49% used [0x245f0000, 0x24667f90, 0x246e0000)
  to   space 960K,   0% used [0x24500000, 0x24500000, 0x245f0000)
 tenured generation   total 20304K, used 12180K [0x29240000, 0x2a614000, 0x33cf0000)
   the space 20304K,  59% used [0x29240000, 0x29e25100, 0x29e25200, 0x2a614000)
 compacting perm gen  total 12288K, used 3562K [0x33cf0000, 0x348f0000, 0x37cf0000)
   the space 12288K,  28% used [0x33cf0000, 0x3406ab40, 0x3406ac00, 0x348f0000)
    ro space 10240K,  45% used [0x37cf0000, 0x38179b28, 0x38179c00, 0x386f0000)
    rw space 12288K,  54% used [0x386f0000, 0x38d7d0e8, 0x38d7d200, 0x392f0000)
Event: 5.080 GC heap after
Heap after GC invocations=12 (full 1):
 def new generation   total 9216K, used 525K [0x23cf0000, 0x246e0000, 0x29240000)
  eden space 8256K,   0% used [0x23cf0000, 0x23cf0000, 0x24500000)
  from space 960K,  54% used [0x24500000, 0x24583730, 0x245f0000)
  to   space 960K,   0% used [0x245f0000, 0x245f0000, 0x246e0000)
 tenured generation   total 20304K, used 12180K [0x29240000, 0x2a614000, 0x33cf0000)
   the space 20304K,  59% used [0x29240000, 0x29e25100, 0x29e25200, 0x2a614000)
 compacting perm gen  total 12288K, used 3562K [0x33cf0000, 0x348f0000, 0x37cf0000)
   the space 12288K,  28% used [0x33cf0000, 0x3406ab40, 0x3406ac00, 0x348f0000)
    ro space 10240K,  45% used [0x37cf0000, 0x38179b28, 0x38179c00, 0x386f0000)
    rw space 12288K,  54% used [0x386f0000, 0x38d7d0e8, 0x38d7d200, 0x392f0000)
}
Event: 5.420 GC heap before
{Heap before GC invocations=12 (full 1):
 def new generation   total 9216K, used 8781K [0x23cf0000, 0x246e0000, 0x29240000)
  eden space 8256K, 100% used [0x23cf0000, 0x24500000, 0x24500000)
  from space 960K,  54% used [0x24500000, 0x24583730, 0x245f0000)
  to   space 960K,   0% used [0x245f0000, 0x245f0000, 0x246e0000)
 tenured generation   total 20304K, used 12180K [0x29240000, 0x2a614000, 0x33cf0000)
   the space 20304K,  59% used [0x29240000, 0x29e25100, 0x29e25200, 0x2a614000)
 compacting perm gen  total 12288K, used 3562K [0x33cf0000, 0x348f0000, 0x37cf0000)
   the space 12288K,  28% used [0x33cf0000, 0x3406ab40, 0x3406ac00, 0x348f0000)
    ro space 10240K,  45% used [0x37cf0000, 0x38179b28, 0x38179c00, 0x386f0000)
    rw space 12288K,  54% used [0x386f0000, 0x38d7d0e8, 0x38d7d200, 0x392f0000)
Event: 5.423 GC heap after
Heap after GC invocations=13 (full 1):
 def new generation   total 9216K, used 195K [0x23cf0000, 0x246e0000, 0x29240000)
  eden space 8256K,   0% used [0x23cf0000, 0x23cf0000, 0x24500000)
  from space 960K,  20% used [0x245f0000, 0x24620ce0, 0x246e0000)
  to   space 960K,   0% used [0x24500000, 0x24500000, 0x245f0000)
 tenured generation   total 20304K, used 12566K [0x29240000, 0x2a614000, 0x33cf0000)
   the space 20304K,  61% used [0x29240000, 0x29e85b18, 0x29e85c00, 0x2a614000)
 compacting perm gen  total 12288K, used 3562K [0x33cf0000, 0x348f0000, 0x37cf0000)
   the space 12288K,  28% used [0x33cf0000, 0x3406ab40, 0x3406ac00, 0x348f0000)
    ro space 10240K,  45% used [0x37cf0000, 0x38179b28, 0x38179c00, 0x386f0000)
    rw space 12288K,  54% used [0x386f0000, 0x38d7d0e8, 0x38d7d200, 0x392f0000)
}
Event: 5.647 GC heap before
{Heap before GC invocations=13 (full 1):
 def new generation   total 9216K, used 8451K [0x23cf0000, 0x246e0000, 0x29240000)
  eden space 8256K, 100% used [0x23cf0000, 0x24500000, 0x24500000)
  from space 960K,  20% used [0x245f0000, 0x24620ce0, 0x246e0000)
  to   space 960K,   0% used [0x24500000, 0x24500000, 0x245f0000)
 tenured generation   total 20304K, used 12566K [0x29240000, 0x2a614000, 0x33cf0000)
   the space 20304K,  61% used [0x29240000, 0x29e85b18, 0x29e85c00, 0x2a614000)
 compacting perm gen  total 12288K, used 3562K [0x33cf0000, 0x348f0000, 0x37cf0000)
   the space 12288K,  28% used [0x33cf0000, 0x3406ab40, 0x3406ac00, 0x348f0000)
    ro space 10240K,  45% used [0x37cf0000, 0x38179b28, 0x38179c00, 0x386f0000)
    rw space 12288K,  54% used [0x386f0000, 0x38d7d0e8, 0x38d7d200, 0x392f0000)
Event: 5.649 GC heap after
Heap after GC invocations=14 (full 1):
 def new generation   total 9216K, used 247K [0x23cf0000, 0x246e0000, 0x29240000)
  eden space 8256K,   0% used [0x23cf0000, 0x23cf0000, 0x24500000)
  from space 960K,  25% used [0x24500000, 0x2453de58, 0x245f0000)
  to   space 960K,   0% used [0x245f0000, 0x245f0000, 0x246e0000)
 tenured generation   total 20304K, used 12566K [0x29240000, 0x2a614000, 0x33cf0000)
   the space 20304K,  61% used [0x29240000, 0x29e85b18, 0x29e85c00, 0x2a614000)
 compacting perm gen  total 12288K, used 3562K [0x33cf0000, 0x348f0000, 0x37cf0000)
   the space 12288K,  28% used [0x33cf0000, 0x3406ab40, 0x3406ac00, 0x348f0000)
    ro space 10240K,  45% used [0x37cf0000, 0x38179b28, 0x38179c00, 0x386f0000)
    rw space 12288K,  54% used [0x386f0000, 0x38d7d0e8, 0x38d7d200, 0x392f0000)
}
Event: 5.897 GC heap before
{Heap before GC invocations=14 (full 1):
 def new generation   total 9216K, used 8503K [0x23cf0000, 0x246e0000, 0x29240000)
  eden space 8256K, 100% used [0x23cf0000, 0x24500000, 0x24500000)
  from space 960K,  25% used [0x24500000, 0x2453de70, 0x245f0000)
  to   space 960K,   0% used [0x245f0000, 0x245f0000, 0x246e0000)
 tenured generation   total 20304K, used 12566K [0x29240000, 0x2a614000, 0x33cf0000)
   the space 20304K,  61% used [0x29240000, 0x29e85b18, 0x29e85c00, 0x2a614000)
 compacting perm gen  total 12288K, used 3563K [0x33cf0000, 0x348f0000, 0x37cf0000)
   the space 12288K,  28% used [0x33cf0000, 0x3406acb0, 0x3406ae00, 0x348f0000)
    ro space 10240K,  45% used [0x37cf0000, 0x38179b28, 0x38179c00, 0x386f0000)
    rw space 12288K,  54% used [0x386f0000, 0x38d7d0e8, 0x38d7d200, 0x392f0000)
Event: 5.900 GC heap after
Heap after GC invocations=15 (full 1):
 def new generation   total 9216K, used 290K [0x23cf0000, 0x246e0000, 0x29240000)
  eden space 8256K,   0% used [0x23cf0000, 0x23cf0000, 0x24500000)
  from space 960K,  30% used [0x245f0000, 0x246389e0, 0x246e0000)
  to   space 960K,   0% used [0x24500000, 0x24500000, 0x245f0000)
 tenured generation   total 20304K, used 12566K [0x29240000, 0x2a614000, 0x33cf0000)
   the space 20304K,  61% used [0x29240000, 0x29e85b18, 0x29e85c00, 0x2a614000)
 compacting perm gen  total 12288K, used 3563K [0x33cf0000, 0x348f0000, 0x37cf0000)
   the space 12288K,  28% used [0x33cf0000, 0x3406acb0, 0x3406ae00, 0x348f0000)
    ro space 10240K,  45% used [0x37cf0000, 0x38179b28, 0x38179c00, 0x386f0000)
    rw space 12288K,  54% used [0x386f0000, 0x38d7d0e8, 0x38d7d200, 0x392f0000)
}
Event: 6.237 GC heap before
{Heap before GC invocations=15 (full 1):
 def new generation   total 9216K, used 8546K [0x23cf0000, 0x246e0000, 0x29240000)
  eden space 8256K, 100% used [0x23cf0000, 0x24500000, 0x24500000)
  from space 960K,  30% used [0x245f0000, 0x246389e0, 0x246e0000)
  to   space 960K,   0% used [0x24500000, 0x24500000, 0x245f0000)
 tenured generation   total 20304K, used 12566K [0x29240000, 0x2a614000, 0x33cf0000)
   the space 20304K,  61% used [0x29240000, 0x29e85b18, 0x29e85c00, 0x2a614000)
 compacting perm gen  total 12288K, used 3563K [0x33cf0000, 0x348f0000, 0x37cf0000)
   the space 12288K,  28% used [0x33cf0000, 0x3406acb0, 0x3406ae00, 0x348f0000)
    ro space 10240K,  45% used [0x37cf0000, 0x38179b28, 0x38179c00, 0x386f0000)
    rw space 12288K,  54% used [0x386f0000, 0x38d7d0e8, 0x38d7d200, 0x392f0000)
Event: 6.239 GC heap after
Heap after GC invocations=16 (full 1):
 def new generation   total 9216K, used 345K [0x23cf0000, 0x246e0000, 0x29240000)
  eden space 8256K,   0% used [0x23cf0000, 0x23cf0000, 0x24500000)
  from space 960K,  35% used [0x24500000, 0x24556538, 0x245f0000)
  to   space 960K,   0% used [0x245f0000, 0x245f0000, 0x246e0000)
 tenured generation   total 20304K, used 12566K [0x29240000, 0x2a614000, 0x33cf0000)
   the space 20304K,  61% used [0x29240000, 0x29e85b18, 0x29e85c00, 0x2a614000)
 compacting perm gen  total 12288K, used 3563K [0x33cf0000, 0x348f0000, 0x37cf0000)
   the space 12288K,  28% used [0x33cf0000, 0x3406acb0, 0x3406ae00, 0x348f0000)
    ro space 10240K,  45% used [0x37cf0000, 0x38179b28, 0x38179c00, 0x386f0000)
    rw space 12288K,  54% used [0x386f0000, 0x38d7d0e8, 0x38d7d200, 0x392f0000)
}

