# JRE version: 7.0_25-b16
# Java VM: Java HotSpot(TM) Client VM (23.25-b01 mixed mode, sharing windows-x86 )
Heap
 def new generation   total 12352K, used 4003K [0x23cf0000, 0x24a50000, 0x29240000)
  eden space 11008K,  30% used [0x23cf0000, 0x2402b090, 0x247b0000)
  from space 1344K,  51% used [0x24900000, 0x249ade18, 0x24a50000)
  to   space 1344K,   0% used [0x247b0000, 0x247b0000, 0x24900000)
 tenured generation   total 27332K, used 22732K [0x29240000, 0x2acf1000, 0x33cf0000)
   the space 27332K,  83% used [0x29240000, 0x2a8730b8, 0x2a873200, 0x2acf1000)
 compacting perm gen  total 12288K, used 3611K [0x33cf0000, 0x348f0000, 0x37cf0000)
   the space 12288K,  29% used [0x33cf0000, 0x34076cf8, 0x34076e00, 0x348f0000)
    ro space 10240K,  45% used [0x37cf0000, 0x38179b28, 0x38179c00, 0x386f0000)
    rw space 12288K,  54% used [0x386f0000, 0x38d7d0e8, 0x38d7d200, 0x392f0000)
GC Heap History (10 events):
Event: 18.860 GC heap before
{Heap before GC invocations=33 (full 2):
 def new generation   total 12352K, used 9757K [0x23cf0000, 0x24a50000, 0x29240000)
  eden space 11008K,  83% used [0x23cf0000, 0x245efda0, 0x247b0000)
  from space 1344K,  40% used [0x247b0000, 0x248378f0, 0x24900000)
  to   space 1344K,   0% used [0x24900000, 0x24900000, 0x24a50000)
 tenured generation   total 27332K, used 20066K [0x29240000, 0x2acf1000, 0x33cf0000)
   the space 27332K,  73% used [0x29240000, 0x2a5d8838, 0x2a5d8a00, 0x2acf1000)
 compacting perm gen  total 12288K, used 3590K [0x33cf0000, 0x348f0000, 0x37cf0000)
   the space 12288K,  29% used [0x33cf0000, 0x34071ae0, 0x34071c00, 0x348f0000)
    ro space 10240K,  45% used [0x37cf0000, 0x38179b28, 0x38179c00, 0x386f0000)
    rw space 12288K,  54% used [0x386f0000, 0x38d7d0e8, 0x38d7d200, 0x392f0000)
Event: 18.864 GC heap after
Heap after GC invocations=34 (full 2):
 def new generation   total 12352K, used 582K [0x23cf0000, 0x24a50000, 0x29240000)
  eden space 11008K,   0% used [0x23cf0000, 0x23cf0000, 0x247b0000)
  from space 1344K,  43% used [0x24900000, 0x24991b18, 0x24a50000)
  to   space 1344K,   0% used [0x247b0000, 0x247b0000, 0x24900000)
 tenured generation   total 27332K, used 20066K [0x29240000, 0x2acf1000, 0x33cf0000)
   the space 27332K,  73% used [0x29240000, 0x2a5d8838, 0x2a5d8a00, 0x2acf1000)
 compacting perm gen  total 12288K, used 3590K [0x33cf0000, 0x348f0000, 0x37cf0000)
   the space 12288K,  29% used [0x33cf0000, 0x34071ae0, 0x34071c00, 0x348f0000)
    ro space 10240K,  45% used [0x37cf0000, 0x38179b28, 0x38179c00, 0x386f0000)
    rw space 12288K,  54% used [0x386f0000, 0x38d7d0e8, 0x38d7d200, 0x392f0000)
}
Event: 19.043 GC heap before
{Heap before GC invocations=34 (full 2):
 def new generation   total 12352K, used 11651K [0x23cf0000, 0x24a50000, 0x29240000)
  eden space 11008K, 100% used [0x23cf0000, 0x247b0000, 0x247b0000)
  from space 1344K,  47% used [0x24900000, 0x249a0f78, 0x24a50000)
  to   space 1344K,   0% used [0x247b0000, 0x247b0000, 0x24900000)
 tenured generation   total 27332K, used 20066K [0x29240000, 0x2acf1000, 0x33cf0000)
   the space 27332K,  73% used [0x29240000, 0x2a5d8838, 0x2a5d8a00, 0x2acf1000)
 compacting perm gen  total 12288K, used 3590K [0x33cf0000, 0x348f0000, 0x37cf0000)
   the space 12288K,  29% used [0x33cf0000, 0x34071b90, 0x34071c00, 0x348f0000)
    ro space 10240K,  45% used [0x37cf0000, 0x38179b28, 0x38179c00, 0x386f0000)
    rw space 12288K,  54% used [0x386f0000, 0x38d7d0e8, 0x38d7d200, 0x392f0000)
Event: 19.054 GC heap after
Heap after GC invocations=35 (full 2):
 def new generation   total 12352K, used 877K [0x23cf0000, 0x24a50000, 0x29240000)
  eden space 11008K,   0% used [0x23cf0000, 0x23cf0000, 0x247b0000)
  from space 1344K,  65% used [0x247b0000, 0x2488b7f0, 0x24900000)
  to   space 1344K,   0% used [0x24900000, 0x24900000, 0x24a50000)
 tenured generation   total 27332K, used 22464K [0x29240000, 0x2acf1000, 0x33cf0000)
   the space 27332K,  82% used [0x29240000, 0x2a830398, 0x2a830400, 0x2acf1000)
 compacting perm gen  total 12288K, used 3590K [0x33cf0000, 0x348f0000, 0x37cf0000)
   the space 12288K,  29% used [0x33cf0000, 0x34071b90, 0x34071c00, 0x348f0000)
    ro space 10240K,  45% used [0x37cf0000, 0x38179b28, 0x38179c00, 0x386f0000)
    rw space 12288K,  54% used [0x386f0000, 0x38d7d0e8, 0x38d7d200, 0x392f0000)
}
Event: 19.055 GC heap before
{Heap before GC invocations=35 (full 2):
 def new generation   total 12352K, used 1985K [0x23cf0000, 0x24a50000, 0x29240000)
  eden space 11008K,  10% used [0x23cf0000, 0x23e04ff8, 0x247b0000)
  from space 1344K,  65% used [0x247b0000, 0x2488b7f0, 0x24900000)
  to   space 1344K,   0% used [0x24900000, 0x24900000, 0x24a50000)
 tenured generation   total 27332K, used 22464K [0x29240000, 0x2acf1000, 0x33cf0000)
   the space 27332K,  82% used [0x29240000, 0x2a830398, 0x2a830400, 0x2acf1000)
 compacting perm gen  total 12288K, used 3590K [0x33cf0000, 0x348f0000, 0x37cf0000)
   the space 12288K,  29% used [0x33cf0000, 0x34071b90, 0x34071c00, 0x348f0000)
    ro space 10240K,  45% used [0x37cf0000, 0x38179b28, 0x38179c00, 0x386f0000)
    rw space 12288K,  54% used [0x386f0000, 0x38d7d0e8, 0x38d7d200, 0x392f0000)
Event: 19.062 GC heap after
Heap after GC invocations=36 (full 2):
 def new generation   total 12352K, used 651K [0x23cf0000, 0x24a50000, 0x29240000)
  eden space 11008K,   0% used [0x23cf0000, 0x23cf0000, 0x247b0000)
  from space 1344K,  48% used [0x24900000, 0x249a2ed8, 0x24a50000)
  to   space 1344K,   0% used [0x247b0000, 0x247b0000, 0x24900000)
 tenured generation   total 27332K, used 22692K [0x29240000, 0x2acf1000, 0x33cf0000)
   the space 27332K,  83% used [0x29240000, 0x2a8691b8, 0x2a869200, 0x2acf1000)
 compacting perm gen  total 12288K, used 3590K [0x33cf0000, 0x348f0000, 0x37cf0000)
   the space 12288K,  29% used [0x33cf0000, 0x34071b90, 0x34071c00, 0x348f0000)
    ro space 10240K,  45% used [0x37cf0000, 0x38179b28, 0x38179c00, 0x386f0000)
    rw space 12288K,  54% used [0x386f0000, 0x38d7d0e8, 0x38d7d200, 0x392f0000)
}
Event: 19.316 GC heap before
{Heap before GC invocations=36 (full 2):
 def new generation   total 12352K, used 11659K [0x23cf0000, 0x24a50000, 0x29240000)
  eden space 11008K, 100% used [0x23cf0000, 0x247b0000, 0x247b0000)
  from space 1344K,  48% used [0x24900000, 0x249a2ed8, 0x24a50000)
  to   space 1344K,   0% used [0x247b0000, 0x247b0000, 0x24900000)
 tenured generation   total 27332K, used 22692K [0x29240000, 0x2acf1000, 0x33cf0000)
   the space 27332K,  83% used [0x29240000, 0x2a8691b8, 0x2a869200, 0x2acf1000)
 compacting perm gen  total 12288K, used 3590K [0x33cf0000, 0x348f0000, 0x37cf0000)
   the space 12288K,  29% used [0x33cf0000, 0x34071bc0, 0x34071c00, 0x348f0000)
    ro space 10240K,  45% used [0x37cf0000, 0x38179b28, 0x38179c00, 0x386f0000)
    rw space 12288K,  54% used [0x386f0000, 0x38d7d0e8, 0x38d7d200, 0x392f0000)
Event: 19.320 GC heap after
Heap after GC invocations=37 (full 2):
 def new generation   total 12352K, used 699K [0x23cf0000, 0x24a50000, 0x29240000)
  eden space 11008K,   0% used [0x23cf0000, 0x23cf0000, 0x247b0000)
  from space 1344K,  52% used [0x247b0000, 0x2485ee68, 0x24900000)
  to   space 1344K,   0% used [0x24900000, 0x24900000, 0x24a50000)
 tenured generation   total 27332K, used 22692K [0x29240000, 0x2acf1000, 0x33cf0000)
   the space 27332K,  83% used [0x29240000, 0x2a8691b8, 0x2a869200, 0x2acf1000)
 compacting perm gen  total 12288K, used 3590K [0x33cf0000, 0x348f0000, 0x37cf0000)
   the space 12288K,  29% used [0x33cf0000, 0x34071bc0, 0x34071c00, 0x348f0000)
    ro space 10240K,  45% used [0x37cf0000, 0x38179b28, 0x38179c00, 0x386f0000)
    rw space 12288K,  54% used [0x386f0000, 0x38d7d0e8, 0x38d7d200, 0x392f0000)
}
Event: 19.551 GC heap before
{Heap before GC invocations=37 (full 2):
 def new generation   total 12352K, used 11707K [0x23cf0000, 0x24a50000, 0x29240000)
  eden space 11008K, 100% used [0x23cf0000, 0x247b0000, 0x247b0000)
  from space 1344K,  52% used [0x247b0000, 0x2485ee68, 0x24900000)
  to   space 1344K,   0% used [0x24900000, 0x24900000, 0x24a50000)
 tenured generation   total 27332K, used 22692K [0x29240000, 0x2acf1000, 0x33cf0000)
   the space 27332K,  83% used [0x29240000, 0x2a8691b8, 0x2a869200, 0x2acf1000)
 compacting perm gen  total 12288K, used 3590K [0x33cf0000, 0x348f0000, 0x37cf0000)
   the space 12288K,  29% used [0x33cf0000, 0x34071bc0, 0x34071c00, 0x348f0000)
    ro space 10240K,  45% used [0x37cf0000, 0x38179b28, 0x38179c00, 0x386f0000)
    rw space 12288K,  54% used [0x386f0000, 0x38d7d0e8, 0x38d7d200, 0x392f0000)
Event: 19.556 GC heap after
Heap after GC invocations=38 (full 2):
 def new generation   total 12352K, used 695K [0x23cf0000, 0x24a50000, 0x29240000)
  eden space 11008K,   0% used [0x23cf0000, 0x23cf0000, 0x247b0000)
  from space 1344K,  51% used [0x24900000, 0x249ade18, 0x24a50000)
  to   space 1344K,   0% used [0x247b0000, 0x247b0000, 0x24900000)
 tenured generation   total 27332K, used 22732K [0x29240000, 0x2acf1000, 0x33cf0000)
   the space 27332K,  83% used [0x29240000, 0x2a8730b8, 0x2a873200, 0x2acf1000)
 compacting perm gen  total 12288K, used 3590K [0x33cf0000, 0x348f0000, 0x37cf0000)
   the space 12288K,  29% used [0x33cf0000, 0x34071bc0, 0x34071c00, 0x348f0000)
    ro space 10240K,  45% used [0x37cf0000, 0x38179b28, 0x38179c00, 0x386f0000)
    rw space 12288K,  54% used [0x386f0000, 0x38d7d0e8, 0x38d7d200, 0x392f0000)
}

