# JRE version: 7.0_25-b16
# Java VM: Java HotSpot(TM) Client VM (23.25-b01 mixed mode, sharing windows-x86 )
Heap
 def new generation   total 12672K, used 4322K [0x23cf0000, 0x24aa0000, 0x29240000)
  eden space 11328K,  32% used [0x23cf0000, 0x240914e8, 0x24800000)
  from space 1344K,  45% used [0x24800000, 0x24897558, 0x24950000)
  to   space 1344K,   0% used [0x24950000, 0x24950000, 0x24aa0000)
 tenured generation   total 27968K, used 23856K [0x29240000, 0x2ad90000, 0x33cf0000)
   the space 27968K,  85% used [0x29240000, 0x2a98c2b0, 0x2a98c400, 0x2ad90000)
 compacting perm gen  total 12288K, used 3608K [0x33cf0000, 0x348f0000, 0x37cf0000)
   the space 12288K,  29% used [0x33cf0000, 0x340762c8, 0x34076400, 0x348f0000)
    ro space 10240K,  45% used [0x37cf0000, 0x38179b28, 0x38179c00, 0x386f0000)
    rw space 12288K,  54% used [0x386f0000, 0x38d7d0e8, 0x38d7d200, 0x392f0000)
GC Heap History (10 events):
Event: 83.145 GC heap before
{Heap before GC invocations=629 (full 2):
 def new generation   total 12672K, used 11939K [0x23cf0000, 0x24aa0000, 0x29240000)
  eden space 11328K, 100% used [0x23cf0000, 0x24800000, 0x24800000)
  from space 1344K,  45% used [0x24950000, 0x249e8e48, 0x24aa0000)
  to   space 1344K,   0% used [0x24800000, 0x24800000, 0x24950000)
 tenured generation   total 27968K, used 23721K [0x29240000, 0x2ad90000, 0x33cf0000)
   the space 27968K,  84% used [0x29240000, 0x2a96a448, 0x2a96a600, 0x2ad90000)
 compacting perm gen  total 12288K, used 3586K [0x33cf0000, 0x348f0000, 0x37cf0000)
   the space 12288K,  29% used [0x33cf0000, 0x34070888, 0x34070a00, 0x348f0000)
    ro space 10240K,  45% used [0x37cf0000, 0x38179b28, 0x38179c00, 0x386f0000)
    rw space 12288K,  54% used [0x386f0000, 0x38d7d0e8, 0x38d7d200, 0x392f0000)
Event: 83.146 GC heap after
Heap after GC invocations=630 (full 2):
 def new generation   total 12672K, used 612K [0x23cf0000, 0x24aa0000, 0x29240000)
  eden space 11328K,   0% used [0x23cf0000, 0x23cf0000, 0x24800000)
  from space 1344K,  45% used [0x24800000, 0x24899090, 0x24950000)
  to   space 1344K,   0% used [0x24950000, 0x24950000, 0x24aa0000)
 tenured generation   total 27968K, used 23746K [0x29240000, 0x2ad90000, 0x33cf0000)
   the space 27968K,  84% used [0x29240000, 0x2a970960, 0x2a970a00, 0x2ad90000)
 compacting perm gen  total 12288K, used 3586K [0x33cf0000, 0x348f0000, 0x37cf0000)
   the space 12288K,  29% used [0x33cf0000, 0x34070888, 0x34070a00, 0x348f0000)
    ro space 10240K,  45% used [0x37cf0000, 0x38179b28, 0x38179c00, 0x386f0000)
    rw space 12288K,  54% used [0x386f0000, 0x38d7d0e8, 0x38d7d200, 0x392f0000)
}
Event: 83.295 GC heap before
{Heap before GC invocations=630 (full 2):
 def new generation   total 12672K, used 11940K [0x23cf0000, 0x24aa0000, 0x29240000)
  eden space 11328K, 100% used [0x23cf0000, 0x24800000, 0x24800000)
  from space 1344K,  45% used [0x24800000, 0x24899090, 0x24950000)
  to   space 1344K,   0% used [0x24950000, 0x24950000, 0x24aa0000)
 tenured generation   total 27968K, used 23746K [0x29240000, 0x2ad90000, 0x33cf0000)
   the space 27968K,  84% used [0x29240000, 0x2a970960, 0x2a970a00, 0x2ad90000)
 compacting perm gen  total 12288K, used 3586K [0x33cf0000, 0x348f0000, 0x37cf0000)
   the space 12288K,  29% used [0x33cf0000, 0x34070888, 0x34070a00, 0x348f0000)
    ro space 10240K,  45% used [0x37cf0000, 0x38179b28, 0x38179c00, 0x386f0000)
    rw space 12288K,  54% used [0x386f0000, 0x38d7d0e8, 0x38d7d200, 0x392f0000)
Event: 83.296 GC heap after
Heap after GC invocations=631 (full 2):
 def new generation   total 12672K, used 609K [0x23cf0000, 0x24aa0000, 0x29240000)
  eden space 11328K,   0% used [0x23cf0000, 0x23cf0000, 0x24800000)
  from space 1344K,  45% used [0x24950000, 0x249e85f8, 0x24aa0000)
  to   space 1344K,   0% used [0x24800000, 0x24800000, 0x24950000)
 tenured generation   total 27968K, used 23774K [0x29240000, 0x2ad90000, 0x33cf0000)
   the space 27968K,  85% used [0x29240000, 0x2a977a90, 0x2a977c00, 0x2ad90000)
 compacting perm gen  total 12288K, used 3586K [0x33cf0000, 0x348f0000, 0x37cf0000)
   the space 12288K,  29% used [0x33cf0000, 0x34070888, 0x34070a00, 0x348f0000)
    ro space 10240K,  45% used [0x37cf0000, 0x38179b28, 0x38179c00, 0x386f0000)
    rw space 12288K,  54% used [0x386f0000, 0x38d7d0e8, 0x38d7d200, 0x392f0000)
}
Event: 83.434 GC heap before
{Heap before GC invocations=631 (full 2):
 def new generation   total 12672K, used 11937K [0x23cf0000, 0x24aa0000, 0x29240000)
  eden space 11328K, 100% used [0x23cf0000, 0x24800000, 0x24800000)
  from space 1344K,  45% used [0x24950000, 0x249e85f8, 0x24aa0000)
  to   space 1344K,   0% used [0x24800000, 0x24800000, 0x24950000)
 tenured generation   total 27968K, used 23774K [0x29240000, 0x2ad90000, 0x33cf0000)
   the space 27968K,  85% used [0x29240000, 0x2a977a90, 0x2a977c00, 0x2ad90000)
 compacting perm gen  total 12288K, used 3586K [0x33cf0000, 0x348f0000, 0x37cf0000)
   the space 12288K,  29% used [0x33cf0000, 0x34070888, 0x34070a00, 0x348f0000)
    ro space 10240K,  45% used [0x37cf0000, 0x38179b28, 0x38179c00, 0x386f0000)
    rw space 12288K,  54% used [0x386f0000, 0x38d7d0e8, 0x38d7d200, 0x392f0000)
Event: 83.435 GC heap after
Heap after GC invocations=632 (full 2):
 def new generation   total 12672K, used 599K [0x23cf0000, 0x24aa0000, 0x29240000)
  eden space 11328K,   0% used [0x23cf0000, 0x23cf0000, 0x24800000)
  from space 1344K,  44% used [0x24800000, 0x24895c60, 0x24950000)
  to   space 1344K,   0% used [0x24950000, 0x24950000, 0x24aa0000)
 tenured generation   total 27968K, used 23805K [0x29240000, 0x2ad90000, 0x33cf0000)
   the space 27968K,  85% used [0x29240000, 0x2a97f540, 0x2a97f600, 0x2ad90000)
 compacting perm gen  total 12288K, used 3586K [0x33cf0000, 0x348f0000, 0x37cf0000)
   the space 12288K,  29% used [0x33cf0000, 0x34070888, 0x34070a00, 0x348f0000)
    ro space 10240K,  45% used [0x37cf0000, 0x38179b28, 0x38179c00, 0x386f0000)
    rw space 12288K,  54% used [0x386f0000, 0x38d7d0e8, 0x38d7d200, 0x392f0000)
}
Event: 83.590 GC heap before
{Heap before GC invocations=632 (full 2):
 def new generation   total 12672K, used 11927K [0x23cf0000, 0x24aa0000, 0x29240000)
  eden space 11328K, 100% used [0x23cf0000, 0x24800000, 0x24800000)
  from space 1344K,  44% used [0x24800000, 0x24895c60, 0x24950000)
  to   space 1344K,   0% used [0x24950000, 0x24950000, 0x24aa0000)
 tenured generation   total 27968K, used 23805K [0x29240000, 0x2ad90000, 0x33cf0000)
   the space 27968K,  85% used [0x29240000, 0x2a97f540, 0x2a97f600, 0x2ad90000)
 compacting perm gen  total 12288K, used 3586K [0x33cf0000, 0x348f0000, 0x37cf0000)
   the space 12288K,  29% used [0x33cf0000, 0x34070898, 0x34070a00, 0x348f0000)
    ro space 10240K,  45% used [0x37cf0000, 0x38179b28, 0x38179c00, 0x386f0000)
    rw space 12288K,  54% used [0x386f0000, 0x38d7d0e8, 0x38d7d200, 0x392f0000)
Event: 83.591 GC heap after
Heap after GC invocations=633 (full 2):
 def new generation   total 12672K, used 605K [0x23cf0000, 0x24aa0000, 0x29240000)
  eden space 11328K,   0% used [0x23cf0000, 0x23cf0000, 0x24800000)
  from space 1344K,  45% used [0x24950000, 0x249e7700, 0x24aa0000)
  to   space 1344K,   0% used [0x24800000, 0x24800000, 0x24950000)
 tenured generation   total 27968K, used 23831K [0x29240000, 0x2ad90000, 0x33cf0000)
   the space 27968K,  85% used [0x29240000, 0x2a985c10, 0x2a985e00, 0x2ad90000)
 compacting perm gen  total 12288K, used 3586K [0x33cf0000, 0x348f0000, 0x37cf0000)
   the space 12288K,  29% used [0x33cf0000, 0x34070898, 0x34070a00, 0x348f0000)
    ro space 10240K,  45% used [0x37cf0000, 0x38179b28, 0x38179c00, 0x386f0000)
    rw space 12288K,  54% used [0x386f0000, 0x38d7d0e8, 0x38d7d200, 0x392f0000)
}
Event: 83.740 GC heap before
{Heap before GC invocations=633 (full 2):
 def new generation   total 12672K, used 11933K [0x23cf0000, 0x24aa0000, 0x29240000)
  eden space 11328K, 100% used [0x23cf0000, 0x24800000, 0x24800000)
  from space 1344K,  45% used [0x24950000, 0x249e7700, 0x24aa0000)
  to   space 1344K,   0% used [0x24800000, 0x24800000, 0x24950000)
 tenured generation   total 27968K, used 23831K [0x29240000, 0x2ad90000, 0x33cf0000)
   the space 27968K,  85% used [0x29240000, 0x2a985c10, 0x2a985e00, 0x2ad90000)
 compacting perm gen  total 12288K, used 3586K [0x33cf0000, 0x348f0000, 0x37cf0000)
   the space 12288K,  29% used [0x33cf0000, 0x34070898, 0x34070a00, 0x348f0000)
    ro space 10240K,  45% used [0x37cf0000, 0x38179b28, 0x38179c00, 0x386f0000)
    rw space 12288K,  54% used [0x386f0000, 0x38d7d0e8, 0x38d7d200, 0x392f0000)
Event: 83.742 GC heap after
Heap after GC invocations=634 (full 2):
 def new generation   total 12672K, used 605K [0x23cf0000, 0x24aa0000, 0x29240000)
  eden space 11328K,   0% used [0x23cf0000, 0x23cf0000, 0x24800000)
  from space 1344K,  45% used [0x24800000, 0x24897558, 0x24950000)
  to   space 1344K,   0% used [0x24950000, 0x24950000, 0x24aa0000)
 tenured generation   total 27968K, used 23856K [0x29240000, 0x2ad90000, 0x33cf0000)
   the space 27968K,  85% used [0x29240000, 0x2a98c2b0, 0x2a98c400, 0x2ad90000)
 compacting perm gen  total 12288K, used 3586K [0x33cf0000, 0x348f0000, 0x37cf0000)
   the space 12288K,  29% used [0x33cf0000, 0x34070898, 0x34070a00, 0x348f0000)
    ro space 10240K,  45% used [0x37cf0000, 0x38179b28, 0x38179c00, 0x386f0000)
    rw space 12288K,  54% used [0x386f0000, 0x38d7d0e8, 0x38d7d200, 0x392f0000)
}

