# JRE version: 7.0_25-b16
# Java VM: Java HotSpot(TM) Client VM (23.25-b01 mixed mode, sharing windows-x86 )
Heap
 def new generation   total 8384K, used 3714K [0x23cf0000, 0x24600000, 0x29240000)
  eden space 7488K,  49% used [0x23cf0000, 0x240905f0, 0x24440000)
  from space 896K,   0% used [0x24520000, 0x24520460, 0x24600000)
  to   space 896K,   0% used [0x24440000, 0x24440000, 0x24520000)
 tenured generation   total 18420K, used 14219K [0x29240000, 0x2a43d000, 0x33cf0000)
   the space 18420K,  77% used [0x29240000, 0x2a022df8, 0x2a022e00, 0x2a43d000)
 compacting perm gen  total 12288K, used 3549K [0x33cf0000, 0x348f0000, 0x37cf0000)
   the space 12288K,  28% used [0x33cf0000, 0x34067650, 0x34067800, 0x348f0000)
    ro space 10240K,  45% used [0x37cf0000, 0x38179b28, 0x38179c00, 0x386f0000)
    rw space 12288K,  54% used [0x386f0000, 0x38d7d0e8, 0x38d7d200, 0x392f0000)
GC Heap History (10 events):
Event: 60.112 GC heap before
{Heap before GC invocations=116 (full 2):
 def new generation   total 8384K, used 7490K [0x23cf0000, 0x24600000, 0x29240000)
  eden space 7488K, 100% used [0x23cf0000, 0x24440000, 0x24440000)
  from space 896K,   0% used [0x24440000, 0x24440a00, 0x24520000)
  to   space 896K,   0% used [0x24520000, 0x24520000, 0x24600000)
 tenured generation   total 18420K, used 14218K [0x29240000, 0x2a43d000, 0x33cf0000)
   the space 18420K,  77% used [0x29240000, 0x2a022a48, 0x2a022c00, 0x2a43d000)
 compacting perm gen  total 12288K, used 3549K [0x33cf0000, 0x348f0000, 0x37cf0000)
   the space 12288K,  28% used [0x33cf0000, 0x34067650, 0x34067800, 0x348f0000)
    ro space 10240K,  45% used [0x37cf0000, 0x38179b28, 0x38179c00, 0x386f0000)
    rw space 12288K,  54% used [0x386f0000, 0x38d7d0e8, 0x38d7d200, 0x392f0000)
Event: 60.112 GC heap after
Heap after GC invocations=117 (full 2):
 def new generation   total 8384K, used 2K [0x23cf0000, 0x24600000, 0x29240000)
  eden space 7488K,   0% used [0x23cf0000, 0x23cf0000, 0x24440000)
  from space 896K,   0% used [0x24520000, 0x24520890, 0x24600000)
  to   space 896K,   0% used [0x24440000, 0x24440000, 0x24520000)
 tenured generation   total 18420K, used 14218K [0x29240000, 0x2a43d000, 0x33cf0000)
   the space 18420K,  77% used [0x29240000, 0x2a022ba8, 0x2a022c00, 0x2a43d000)
 compacting perm gen  total 12288K, used 3549K [0x33cf0000, 0x348f0000, 0x37cf0000)
   the space 12288K,  28% used [0x33cf0000, 0x34067650, 0x34067800, 0x348f0000)
    ro space 10240K,  45% used [0x37cf0000, 0x38179b28, 0x38179c00, 0x386f0000)
    rw space 12288K,  54% used [0x386f0000, 0x38d7d0e8, 0x38d7d200, 0x392f0000)
}
Event: 60.316 GC heap before
{Heap before GC invocations=117 (full 2):
 def new generation   total 8384K, used 7490K [0x23cf0000, 0x24600000, 0x29240000)
  eden space 7488K, 100% used [0x23cf0000, 0x24440000, 0x24440000)
  from space 896K,   0% used [0x24520000, 0x24520890, 0x24600000)
  to   space 896K,   0% used [0x24440000, 0x24440000, 0x24520000)
 tenured generation   total 18420K, used 14218K [0x29240000, 0x2a43d000, 0x33cf0000)
   the space 18420K,  77% used [0x29240000, 0x2a022ba8, 0x2a022c00, 0x2a43d000)
 compacting perm gen  total 12288K, used 3549K [0x33cf0000, 0x348f0000, 0x37cf0000)
   the space 12288K,  28% used [0x33cf0000, 0x34067650, 0x34067800, 0x348f0000)
    ro space 10240K,  45% used [0x37cf0000, 0x38179b28, 0x38179c00, 0x386f0000)
    rw space 12288K,  54% used [0x386f0000, 0x38d7d0e8, 0x38d7d200, 0x392f0000)
Event: 60.316 GC heap after
Heap after GC invocations=118 (full 2):
 def new generation   total 8384K, used 2K [0x23cf0000, 0x24600000, 0x29240000)
  eden space 7488K,   0% used [0x23cf0000, 0x23cf0000, 0x24440000)
  from space 896K,   0% used [0x24440000, 0x24440890, 0x24520000)
  to   space 896K,   0% used [0x24520000, 0x24520000, 0x24600000)
 tenured generation   total 18420K, used 14218K [0x29240000, 0x2a43d000, 0x33cf0000)
   the space 18420K,  77% used [0x29240000, 0x2a022ba8, 0x2a022c00, 0x2a43d000)
 compacting perm gen  total 12288K, used 3549K [0x33cf0000, 0x348f0000, 0x37cf0000)
   the space 12288K,  28% used [0x33cf0000, 0x34067650, 0x34067800, 0x348f0000)
    ro space 10240K,  45% used [0x37cf0000, 0x38179b28, 0x38179c00, 0x386f0000)
    rw space 12288K,  54% used [0x386f0000, 0x38d7d0e8, 0x38d7d200, 0x392f0000)
}
Event: 60.524 GC heap before
{Heap before GC invocations=118 (full 2):
 def new generation   total 8384K, used 7490K [0x23cf0000, 0x24600000, 0x29240000)
  eden space 7488K, 100% used [0x23cf0000, 0x24440000, 0x24440000)
  from space 896K,   0% used [0x24440000, 0x24440890, 0x24520000)
  to   space 896K,   0% used [0x24520000, 0x24520000, 0x24600000)
 tenured generation   total 18420K, used 14218K [0x29240000, 0x2a43d000, 0x33cf0000)
   the space 18420K,  77% used [0x29240000, 0x2a022ba8, 0x2a022c00, 0x2a43d000)
 compacting perm gen  total 12288K, used 3549K [0x33cf0000, 0x348f0000, 0x37cf0000)
   the space 12288K,  28% used [0x33cf0000, 0x34067650, 0x34067800, 0x348f0000)
    ro space 10240K,  45% used [0x37cf0000, 0x38179b28, 0x38179c00, 0x386f0000)
    rw space 12288K,  54% used [0x386f0000, 0x38d7d0e8, 0x38d7d200, 0x392f0000)
Event: 60.525 GC heap after
Heap after GC invocations=119 (full 2):
 def new generation   total 8384K, used 2K [0x23cf0000, 0x24600000, 0x29240000)
  eden space 7488K,   0% used [0x23cf0000, 0x23cf0000, 0x24440000)
  from space 896K,   0% used [0x24520000, 0x245208b0, 0x24600000)
  to   space 896K,   0% used [0x24440000, 0x24440000, 0x24520000)
 tenured generation   total 18420K, used 14218K [0x29240000, 0x2a43d000, 0x33cf0000)
   the space 18420K,  77% used [0x29240000, 0x2a022ba8, 0x2a022c00, 0x2a43d000)
 compacting perm gen  total 12288K, used 3549K [0x33cf0000, 0x348f0000, 0x37cf0000)
   the space 12288K,  28% used [0x33cf0000, 0x34067650, 0x34067800, 0x348f0000)
    ro space 10240K,  45% used [0x37cf0000, 0x38179b28, 0x38179c00, 0x386f0000)
    rw space 12288K,  54% used [0x386f0000, 0x38d7d0e8, 0x38d7d200, 0x392f0000)
}
Event: 60.731 GC heap before
{Heap before GC invocations=119 (full 2):
 def new generation   total 8384K, used 7490K [0x23cf0000, 0x24600000, 0x29240000)
  eden space 7488K, 100% used [0x23cf0000, 0x24440000, 0x24440000)
  from space 896K,   0% used [0x24520000, 0x245208b0, 0x24600000)
  to   space 896K,   0% used [0x24440000, 0x24440000, 0x24520000)
 tenured generation   total 18420K, used 14218K [0x29240000, 0x2a43d000, 0x33cf0000)
   the space 18420K,  77% used [0x29240000, 0x2a022ba8, 0x2a022c00, 0x2a43d000)
 compacting perm gen  total 12288K, used 3549K [0x33cf0000, 0x348f0000, 0x37cf0000)
   the space 12288K,  28% used [0x33cf0000, 0x34067650, 0x34067800, 0x348f0000)
    ro space 10240K,  45% used [0x37cf0000, 0x38179b28, 0x38179c00, 0x386f0000)
    rw space 12288K,  54% used [0x386f0000, 0x38d7d0e8, 0x38d7d200, 0x392f0000)
Event: 60.731 GC heap after
Heap after GC invocations=120 (full 2):
 def new generation   total 8384K, used 1K [0x23cf0000, 0x24600000, 0x29240000)
  eden space 7488K,   0% used [0x23cf0000, 0x23cf0000, 0x24440000)
  from space 896K,   0% used [0x24440000, 0x24440690, 0x24520000)
  to   space 896K,   0% used [0x24520000, 0x24520000, 0x24600000)
 tenured generation   total 18420K, used 14218K [0x29240000, 0x2a43d000, 0x33cf0000)
   the space 18420K,  77% used [0x29240000, 0x2a022ba8, 0x2a022c00, 0x2a43d000)
 compacting perm gen  total 12288K, used 3549K [0x33cf0000, 0x348f0000, 0x37cf0000)
   the space 12288K,  28% used [0x33cf0000, 0x34067650, 0x34067800, 0x348f0000)
    ro space 10240K,  45% used [0x37cf0000, 0x38179b28, 0x38179c00, 0x386f0000)
    rw space 12288K,  54% used [0x386f0000, 0x38d7d0e8, 0x38d7d200, 0x392f0000)
}
Event: 60.935 GC heap before
{Heap before GC invocations=120 (full 2):
 def new generation   total 8384K, used 7489K [0x23cf0000, 0x24600000, 0x29240000)
  eden space 7488K, 100% used [0x23cf0000, 0x24440000, 0x24440000)
  from space 896K,   0% used [0x24440000, 0x24440690, 0x24520000)
  to   space 896K,   0% used [0x24520000, 0x24520000, 0x24600000)
 tenured generation   total 18420K, used 14218K [0x29240000, 0x2a43d000, 0x33cf0000)
   the space 18420K,  77% used [0x29240000, 0x2a022ba8, 0x2a022c00, 0x2a43d000)
 compacting perm gen  total 12288K, used 3549K [0x33cf0000, 0x348f0000, 0x37cf0000)
   the space 12288K,  28% used [0x33cf0000, 0x34067650, 0x34067800, 0x348f0000)
    ro space 10240K,  45% used [0x37cf0000, 0x38179b28, 0x38179c00, 0x386f0000)
    rw space 12288K,  54% used [0x386f0000, 0x38d7d0e8, 0x38d7d200, 0x392f0000)
Event: 60.936 GC heap after
Heap after GC invocations=121 (full 2):
 def new generation   total 8384K, used 1K [0x23cf0000, 0x24600000, 0x29240000)
  eden space 7488K,   0% used [0x23cf0000, 0x23cf0000, 0x24440000)
  from space 896K,   0% used [0x24520000, 0x24520460, 0x24600000)
  to   space 896K,   0% used [0x24440000, 0x24440000, 0x24520000)
 tenured generation   total 18420K, used 14219K [0x29240000, 0x2a43d000, 0x33cf0000)
   the space 18420K,  77% used [0x29240000, 0x2a022df8, 0x2a022e00, 0x2a43d000)
 compacting perm gen  total 12288K, used 3549K [0x33cf0000, 0x348f0000, 0x37cf0000)
   the space 12288K,  28% used [0x33cf0000, 0x34067650, 0x34067800, 0x348f0000)
    ro space 10240K,  45% used [0x37cf0000, 0x38179b28, 0x38179c00, 0x386f0000)
    rw space 12288K,  54% used [0x386f0000, 0x38d7d0e8, 0x38d7d200, 0x392f0000)
}

