# JRE version: 7.0_25-b16
# Java VM: Java HotSpot(TM) Client VM (23.25-b01 mixed mode, sharing windows-x86 )
Heap
 def new generation   total 9216K, used 8040K [0x23cf0000, 0x246e0000, 0x29240000)
  eden space 8256K,  94% used [0x23cf0000, 0x2448b2d0, 0x24500000)
  from space 960K,  26% used [0x24500000, 0x2453edc8, 0x245f0000)
  to   space 960K,   0% used [0x245f0000, 0x245f0000, 0x246e0000)
 tenured generation   total 20260K, used 15330K [0x29240000, 0x2a609000, 0x33cf0000)
   the space 20260K,  75% used [0x29240000, 0x2a138a20, 0x2a138c00, 0x2a609000)
 compacting perm gen  total 12288K, used 3590K [0x33cf0000, 0x348f0000, 0x37cf0000)
   the space 12288K,  29% used [0x33cf0000, 0x34071840, 0x34071a00, 0x348f0000)
    ro space 10240K,  45% used [0x37cf0000, 0x38179b28, 0x38179c00, 0x386f0000)
    rw space 12288K,  54% used [0x386f0000, 0x38d7d0e8, 0x38d7d200, 0x392f0000)
GC Heap History (10 events):
Event: 21.149 GC heap before
{Heap before GC invocations=345 (full 1):
 def new generation   total 9216K, used 8581K [0x23cf0000, 0x246e0000, 0x29240000)
  eden space 8256K, 100% used [0x23cf0000, 0x24500000, 0x24500000)
  from space 960K,  33% used [0x245f0000, 0x24641588, 0x246e0000)
  to   space 960K,   0% used [0x24500000, 0x24500000, 0x245f0000)
 tenured generation   total 20260K, used 15285K [0x29240000, 0x2a609000, 0x33cf0000)
   the space 20260K,  75% used [0x29240000, 0x2a12d4e8, 0x2a12d600, 0x2a609000)
 compacting perm gen  total 12288K, used 3567K [0x33cf0000, 0x348f0000, 0x37cf0000)
   the space 12288K,  29% used [0x33cf0000, 0x3406bf58, 0x3406c000, 0x348f0000)
    ro space 10240K,  45% used [0x37cf0000, 0x38179b28, 0x38179c00, 0x386f0000)
    rw space 12288K,  54% used [0x386f0000, 0x38d7d0e8, 0x38d7d200, 0x392f0000)
Event: 21.150 GC heap after
Heap after GC invocations=346 (full 1):
 def new generation   total 9216K, used 138K [0x23cf0000, 0x246e0000, 0x29240000)
  eden space 8256K,   0% used [0x23cf0000, 0x23cf0000, 0x24500000)
  from space 960K,  14% used [0x24500000, 0x24522a80, 0x245f0000)
  to   space 960K,   0% used [0x245f0000, 0x245f0000, 0x246e0000)
 tenured generation   total 20260K, used 15295K [0x29240000, 0x2a609000, 0x33cf0000)
   the space 20260K,  75% used [0x29240000, 0x2a12fe88, 0x2a130000, 0x2a609000)
 compacting perm gen  total 12288K, used 3567K [0x33cf0000, 0x348f0000, 0x37cf0000)
   the space 12288K,  29% used [0x33cf0000, 0x3406bf58, 0x3406c000, 0x348f0000)
    ro space 10240K,  45% used [0x37cf0000, 0x38179b28, 0x38179c00, 0x386f0000)
    rw space 12288K,  54% used [0x386f0000, 0x38d7d0e8, 0x38d7d200, 0x392f0000)
}
Event: 21.205 GC heap before
{Heap before GC invocations=346 (full 1):
 def new generation   total 9216K, used 8394K [0x23cf0000, 0x246e0000, 0x29240000)
  eden space 8256K, 100% used [0x23cf0000, 0x24500000, 0x24500000)
  from space 960K,  14% used [0x24500000, 0x24522a80, 0x245f0000)
  to   space 960K,   0% used [0x245f0000, 0x245f0000, 0x246e0000)
 tenured generation   total 20260K, used 15295K [0x29240000, 0x2a609000, 0x33cf0000)
   the space 20260K,  75% used [0x29240000, 0x2a12fe88, 0x2a130000, 0x2a609000)
 compacting perm gen  total 12288K, used 3567K [0x33cf0000, 0x348f0000, 0x37cf0000)
   the space 12288K,  29% used [0x33cf0000, 0x3406bf58, 0x3406c000, 0x348f0000)
    ro space 10240K,  45% used [0x37cf0000, 0x38179b28, 0x38179c00, 0x386f0000)
    rw space 12288K,  54% used [0x386f0000, 0x38d7d0e8, 0x38d7d200, 0x392f0000)
Event: 21.206 GC heap after
Heap after GC invocations=347 (full 1):
 def new generation   total 9216K, used 219K [0x23cf0000, 0x246e0000, 0x29240000)
  eden space 8256K,   0% used [0x23cf0000, 0x23cf0000, 0x24500000)
  from space 960K,  22% used [0x245f0000, 0x24626d90, 0x246e0000)
  to   space 960K,   0% used [0x24500000, 0x24500000, 0x245f0000)
 tenured generation   total 20260K, used 15305K [0x29240000, 0x2a609000, 0x33cf0000)
   the space 20260K,  75% used [0x29240000, 0x2a132660, 0x2a132800, 0x2a609000)
 compacting perm gen  total 12288K, used 3567K [0x33cf0000, 0x348f0000, 0x37cf0000)
   the space 12288K,  29% used [0x33cf0000, 0x3406bf58, 0x3406c000, 0x348f0000)
    ro space 10240K,  45% used [0x37cf0000, 0x38179b28, 0x38179c00, 0x386f0000)
    rw space 12288K,  54% used [0x386f0000, 0x38d7d0e8, 0x38d7d200, 0x392f0000)
}
Event: 21.257 GC heap before
{Heap before GC invocations=347 (full 1):
 def new generation   total 9216K, used 8475K [0x23cf0000, 0x246e0000, 0x29240000)
  eden space 8256K, 100% used [0x23cf0000, 0x24500000, 0x24500000)
  from space 960K,  22% used [0x245f0000, 0x24626d90, 0x246e0000)
  to   space 960K,   0% used [0x24500000, 0x24500000, 0x245f0000)
 tenured generation   total 20260K, used 15305K [0x29240000, 0x2a609000, 0x33cf0000)
   the space 20260K,  75% used [0x29240000, 0x2a132660, 0x2a132800, 0x2a609000)
 compacting perm gen  total 12288K, used 3567K [0x33cf0000, 0x348f0000, 0x37cf0000)
   the space 12288K,  29% used [0x33cf0000, 0x3406bf58, 0x3406c000, 0x348f0000)
    ro space 10240K,  45% used [0x37cf0000, 0x38179b28, 0x38179c00, 0x386f0000)
    rw space 12288K,  54% used [0x386f0000, 0x38d7d0e8, 0x38d7d200, 0x392f0000)
Event: 21.258 GC heap after
Heap after GC invocations=348 (full 1):
 def new generation   total 9216K, used 133K [0x23cf0000, 0x246e0000, 0x29240000)
  eden space 8256K,   0% used [0x23cf0000, 0x23cf0000, 0x24500000)
  from space 960K,  13% used [0x24500000, 0x245217f0, 0x245f0000)
  to   space 960K,   0% used [0x245f0000, 0x245f0000, 0x246e0000)
 tenured generation   total 20260K, used 15315K [0x29240000, 0x2a609000, 0x33cf0000)
   the space 20260K,  75% used [0x29240000, 0x2a134e50, 0x2a135000, 0x2a609000)
 compacting perm gen  total 12288K, used 3567K [0x33cf0000, 0x348f0000, 0x37cf0000)
   the space 12288K,  29% used [0x33cf0000, 0x3406bf58, 0x3406c000, 0x348f0000)
    ro space 10240K,  45% used [0x37cf0000, 0x38179b28, 0x38179c00, 0x386f0000)
    rw space 12288K,  54% used [0x386f0000, 0x38d7d0e8, 0x38d7d200, 0x392f0000)
}
Event: 21.318 GC heap before
{Heap before GC invocations=348 (full 1):
 def new generation   total 9216K, used 8389K [0x23cf0000, 0x246e0000, 0x29240000)
  eden space 8256K, 100% used [0x23cf0000, 0x24500000, 0x24500000)
  from space 960K,  13% used [0x24500000, 0x245217f0, 0x245f0000)
  to   space 960K,   0% used [0x245f0000, 0x245f0000, 0x246e0000)
 tenured generation   total 20260K, used 15315K [0x29240000, 0x2a609000, 0x33cf0000)
   the space 20260K,  75% used [0x29240000, 0x2a134e50, 0x2a135000, 0x2a609000)
 compacting perm gen  total 12288K, used 3567K [0x33cf0000, 0x348f0000, 0x37cf0000)
   the space 12288K,  29% used [0x33cf0000, 0x3406bf58, 0x3406c000, 0x348f0000)
    ro space 10240K,  45% used [0x37cf0000, 0x38179b28, 0x38179c00, 0x386f0000)
    rw space 12288K,  54% used [0x386f0000, 0x38d7d0e8, 0x38d7d200, 0x392f0000)
Event: 21.319 GC heap after
Heap after GC invocations=349 (full 1):
 def new generation   total 9216K, used 136K [0x23cf0000, 0x246e0000, 0x29240000)
  eden space 8256K,   0% used [0x23cf0000, 0x23cf0000, 0x24500000)
  from space 960K,  14% used [0x245f0000, 0x246121a0, 0x246e0000)
  to   space 960K,   0% used [0x24500000, 0x24500000, 0x245f0000)
 tenured generation   total 20260K, used 15320K [0x29240000, 0x2a609000, 0x33cf0000)
   the space 20260K,  75% used [0x29240000, 0x2a136248, 0x2a136400, 0x2a609000)
 compacting perm gen  total 12288K, used 3567K [0x33cf0000, 0x348f0000, 0x37cf0000)
   the space 12288K,  29% used [0x33cf0000, 0x3406bf58, 0x3406c000, 0x348f0000)
    ro space 10240K,  45% used [0x37cf0000, 0x38179b28, 0x38179c00, 0x386f0000)
    rw space 12288K,  54% used [0x386f0000, 0x38d7d0e8, 0x38d7d200, 0x392f0000)
}
Event: 21.363 GC heap before
{Heap before GC invocations=349 (full 1):
 def new generation   total 9216K, used 8392K [0x23cf0000, 0x246e0000, 0x29240000)
  eden space 8256K, 100% used [0x23cf0000, 0x24500000, 0x24500000)
  from space 960K,  14% used [0x245f0000, 0x246121a0, 0x246e0000)
  to   space 960K,   0% used [0x24500000, 0x24500000, 0x245f0000)
 tenured generation   total 20260K, used 15320K [0x29240000, 0x2a609000, 0x33cf0000)
   the space 20260K,  75% used [0x29240000, 0x2a136248, 0x2a136400, 0x2a609000)
 compacting perm gen  total 12288K, used 3567K [0x33cf0000, 0x348f0000, 0x37cf0000)
   the space 12288K,  29% used [0x33cf0000, 0x3406bf58, 0x3406c000, 0x348f0000)
    ro space 10240K,  45% used [0x37cf0000, 0x38179b28, 0x38179c00, 0x386f0000)
    rw space 12288K,  54% used [0x386f0000, 0x38d7d0e8, 0x38d7d200, 0x392f0000)
Event: 21.365 GC heap after
Heap after GC invocations=350 (full 1):
 def new generation   total 9216K, used 251K [0x23cf0000, 0x246e0000, 0x29240000)
  eden space 8256K,   0% used [0x23cf0000, 0x23cf0000, 0x24500000)
  from space 960K,  26% used [0x24500000, 0x2453edc8, 0x245f0000)
  to   space 960K,   0% used [0x245f0000, 0x245f0000, 0x246e0000)
 tenured generation   total 20260K, used 15330K [0x29240000, 0x2a609000, 0x33cf0000)
   the space 20260K,  75% used [0x29240000, 0x2a138a20, 0x2a138c00, 0x2a609000)
 compacting perm gen  total 12288K, used 3567K [0x33cf0000, 0x348f0000, 0x37cf0000)
   the space 12288K,  29% used [0x33cf0000, 0x3406bf58, 0x3406c000, 0x348f0000)
    ro space 10240K,  45% used [0x37cf0000, 0x38179b28, 0x38179c00, 0x386f0000)
    rw space 12288K,  54% used [0x386f0000, 0x38d7d0e8, 0x38d7d200, 0x392f0000)
}

