# JRE version: 7.0_25-b16
# Java VM: Java HotSpot(TM) Client VM (23.25-b01 mixed mode, sharing windows-x86 )
Heap
 def new generation   total 12928K, used 7707K [0x23cf0000, 0x24af0000, 0x29240000)
  eden space 11520K,  64% used [0x23cf0000, 0x24426220, 0x24830000)
  from space 1408K,  22% used [0x24990000, 0x249e0d50, 0x24af0000)
  to   space 1408K,   0% used [0x24830000, 0x24830000, 0x24990000)
 tenured generation   total 28568K, used 17138K [0x29240000, 0x2ae26000, 0x33cf0000)
   the space 28568K,  59% used [0x29240000, 0x2a2fc9d0, 0x2a2fca00, 0x2ae26000)
 compacting perm gen  total 12288K, used 3584K [0x33cf0000, 0x348f0000, 0x37cf0000)
   the space 12288K,  29% used [0x33cf0000, 0x340701b8, 0x34070200, 0x348f0000)
    ro space 10240K,  45% used [0x37cf0000, 0x38179b28, 0x38179c00, 0x386f0000)
    rw space 12288K,  54% used [0x386f0000, 0x38d7d0e8, 0x38d7d200, 0x392f0000)
GC Heap History (10 events):
Event: 10.502 GC heap before
{Heap before GC invocations=100 (full 2):
 def new generation   total 12928K, used 11735K [0x23cf0000, 0x24af0000, 0x29240000)
  eden space 11520K, 100% used [0x23cf0000, 0x24830000, 0x24830000)
  from space 1408K,  15% used [0x24830000, 0x24865ea8, 0x24990000)
  to   space 1408K,   0% used [0x24990000, 0x24990000, 0x24af0000)
 tenured generation   total 28568K, used 17138K [0x29240000, 0x2ae26000, 0x33cf0000)
   the space 28568K,  59% used [0x29240000, 0x2a2fc9d0, 0x2a2fca00, 0x2ae26000)
 compacting perm gen  total 12288K, used 3562K [0x33cf0000, 0x348f0000, 0x37cf0000)
   the space 12288K,  28% used [0x33cf0000, 0x3406a8d0, 0x3406aa00, 0x348f0000)
    ro space 10240K,  45% used [0x37cf0000, 0x38179b28, 0x38179c00, 0x386f0000)
    rw space 12288K,  54% used [0x386f0000, 0x38d7d0e8, 0x38d7d200, 0x392f0000)
Event: 10.502 GC heap after
Heap after GC invocations=101 (full 2):
 def new generation   total 12928K, used 236K [0x23cf0000, 0x24af0000, 0x29240000)
  eden space 11520K,   0% used [0x23cf0000, 0x23cf0000, 0x24830000)
  from space 1408K,  16% used [0x24990000, 0x249cb240, 0x24af0000)
  to   space 1408K,   0% used [0x24830000, 0x24830000, 0x24990000)
 tenured generation   total 28568K, used 17138K [0x29240000, 0x2ae26000, 0x33cf0000)
   the space 28568K,  59% used [0x29240000, 0x2a2fc9d0, 0x2a2fca00, 0x2ae26000)
 compacting perm gen  total 12288K, used 3562K [0x33cf0000, 0x348f0000, 0x37cf0000)
   the space 12288K,  28% used [0x33cf0000, 0x3406a8d0, 0x3406aa00, 0x348f0000)
    ro space 10240K,  45% used [0x37cf0000, 0x38179b28, 0x38179c00, 0x386f0000)
    rw space 12288K,  54% used [0x386f0000, 0x38d7d0e8, 0x38d7d200, 0x392f0000)
}
Event: 10.630 GC heap before
{Heap before GC invocations=101 (full 2):
 def new generation   total 12928K, used 11756K [0x23cf0000, 0x24af0000, 0x29240000)
  eden space 11520K, 100% used [0x23cf0000, 0x24830000, 0x24830000)
  from space 1408K,  16% used [0x24990000, 0x249cb240, 0x24af0000)
  to   space 1408K,   0% used [0x24830000, 0x24830000, 0x24990000)
 tenured generation   total 28568K, used 17138K [0x29240000, 0x2ae26000, 0x33cf0000)
   the space 28568K,  59% used [0x29240000, 0x2a2fc9d0, 0x2a2fca00, 0x2ae26000)
 compacting perm gen  total 12288K, used 3562K [0x33cf0000, 0x348f0000, 0x37cf0000)
   the space 12288K,  28% used [0x33cf0000, 0x3406a8d0, 0x3406aa00, 0x348f0000)
    ro space 10240K,  45% used [0x37cf0000, 0x38179b28, 0x38179c00, 0x386f0000)
    rw space 12288K,  54% used [0x386f0000, 0x38d7d0e8, 0x38d7d200, 0x392f0000)
Event: 10.631 GC heap after
Heap after GC invocations=102 (full 2):
 def new generation   total 12928K, used 251K [0x23cf0000, 0x24af0000, 0x29240000)
  eden space 11520K,   0% used [0x23cf0000, 0x23cf0000, 0x24830000)
  from space 1408K,  17% used [0x24830000, 0x2486ef98, 0x24990000)
  to   space 1408K,   0% used [0x24990000, 0x24990000, 0x24af0000)
 tenured generation   total 28568K, used 17138K [0x29240000, 0x2ae26000, 0x33cf0000)
   the space 28568K,  59% used [0x29240000, 0x2a2fc9d0, 0x2a2fca00, 0x2ae26000)
 compacting perm gen  total 12288K, used 3562K [0x33cf0000, 0x348f0000, 0x37cf0000)
   the space 12288K,  28% used [0x33cf0000, 0x3406a8d0, 0x3406aa00, 0x348f0000)
    ro space 10240K,  45% used [0x37cf0000, 0x38179b28, 0x38179c00, 0x386f0000)
    rw space 12288K,  54% used [0x386f0000, 0x38d7d0e8, 0x38d7d200, 0x392f0000)
}
Event: 10.752 GC heap before
{Heap before GC invocations=102 (full 2):
 def new generation   total 12928K, used 11771K [0x23cf0000, 0x24af0000, 0x29240000)
  eden space 11520K, 100% used [0x23cf0000, 0x24830000, 0x24830000)
  from space 1408K,  17% used [0x24830000, 0x2486ef98, 0x24990000)
  to   space 1408K,   0% used [0x24990000, 0x24990000, 0x24af0000)
 tenured generation   total 28568K, used 17138K [0x29240000, 0x2ae26000, 0x33cf0000)
   the space 28568K,  59% used [0x29240000, 0x2a2fc9d0, 0x2a2fca00, 0x2ae26000)
 compacting perm gen  total 12288K, used 3562K [0x33cf0000, 0x348f0000, 0x37cf0000)
   the space 12288K,  28% used [0x33cf0000, 0x3406a8d0, 0x3406aa00, 0x348f0000)
    ro space 10240K,  45% used [0x37cf0000, 0x38179b28, 0x38179c00, 0x386f0000)
    rw space 12288K,  54% used [0x386f0000, 0x38d7d0e8, 0x38d7d200, 0x392f0000)
Event: 10.753 GC heap after
Heap after GC invocations=103 (full 2):
 def new generation   total 12928K, used 252K [0x23cf0000, 0x24af0000, 0x29240000)
  eden space 11520K,   0% used [0x23cf0000, 0x23cf0000, 0x24830000)
  from space 1408K,  17% used [0x24990000, 0x249cf158, 0x24af0000)
  to   space 1408K,   0% used [0x24830000, 0x24830000, 0x24990000)
 tenured generation   total 28568K, used 17138K [0x29240000, 0x2ae26000, 0x33cf0000)
   the space 28568K,  59% used [0x29240000, 0x2a2fc9d0, 0x2a2fca00, 0x2ae26000)
 compacting perm gen  total 12288K, used 3562K [0x33cf0000, 0x348f0000, 0x37cf0000)
   the space 12288K,  28% used [0x33cf0000, 0x3406a8d0, 0x3406aa00, 0x348f0000)
    ro space 10240K,  45% used [0x37cf0000, 0x38179b28, 0x38179c00, 0x386f0000)
    rw space 12288K,  54% used [0x386f0000, 0x38d7d0e8, 0x38d7d200, 0x392f0000)
}
Event: 10.887 GC heap before
{Heap before GC invocations=103 (full 2):
 def new generation   total 12928K, used 11772K [0x23cf0000, 0x24af0000, 0x29240000)
  eden space 11520K, 100% used [0x23cf0000, 0x24830000, 0x24830000)
  from space 1408K,  17% used [0x24990000, 0x249cf158, 0x24af0000)
  to   space 1408K,   0% used [0x24830000, 0x24830000, 0x24990000)
 tenured generation   total 28568K, used 17138K [0x29240000, 0x2ae26000, 0x33cf0000)
   the space 28568K,  59% used [0x29240000, 0x2a2fc9d0, 0x2a2fca00, 0x2ae26000)
 compacting perm gen  total 12288K, used 3562K [0x33cf0000, 0x348f0000, 0x37cf0000)
   the space 12288K,  28% used [0x33cf0000, 0x3406a8d0, 0x3406aa00, 0x348f0000)
    ro space 10240K,  45% used [0x37cf0000, 0x38179b28, 0x38179c00, 0x386f0000)
    rw space 12288K,  54% used [0x386f0000, 0x38d7d0e8, 0x38d7d200, 0x392f0000)
Event: 10.888 GC heap after
Heap after GC invocations=104 (full 2):
 def new generation   total 12928K, used 302K [0x23cf0000, 0x24af0000, 0x29240000)
  eden space 11520K,   0% used [0x23cf0000, 0x23cf0000, 0x24830000)
  from space 1408K,  21% used [0x24830000, 0x2487bbc8, 0x24990000)
  to   space 1408K,   0% used [0x24990000, 0x24990000, 0x24af0000)
 tenured generation   total 28568K, used 17138K [0x29240000, 0x2ae26000, 0x33cf0000)
   the space 28568K,  59% used [0x29240000, 0x2a2fc9d0, 0x2a2fca00, 0x2ae26000)
 compacting perm gen  total 12288K, used 3562K [0x33cf0000, 0x348f0000, 0x37cf0000)
   the space 12288K,  28% used [0x33cf0000, 0x3406a8d0, 0x3406aa00, 0x348f0000)
    ro space 10240K,  45% used [0x37cf0000, 0x38179b28, 0x38179c00, 0x386f0000)
    rw space 12288K,  54% used [0x386f0000, 0x38d7d0e8, 0x38d7d200, 0x392f0000)
}
Event: 11.015 GC heap before
{Heap before GC invocations=104 (full 2):
 def new generation   total 12928K, used 11822K [0x23cf0000, 0x24af0000, 0x29240000)
  eden space 11520K, 100% used [0x23cf0000, 0x24830000, 0x24830000)
  from space 1408K,  21% used [0x24830000, 0x2487bbc8, 0x24990000)
  to   space 1408K,   0% used [0x24990000, 0x24990000, 0x24af0000)
 tenured generation   total 28568K, used 17138K [0x29240000, 0x2ae26000, 0x33cf0000)
   the space 28568K,  59% used [0x29240000, 0x2a2fc9d0, 0x2a2fca00, 0x2ae26000)
 compacting perm gen  total 12288K, used 3562K [0x33cf0000, 0x348f0000, 0x37cf0000)
   the space 12288K,  28% used [0x33cf0000, 0x3406a8d0, 0x3406aa00, 0x348f0000)
    ro space 10240K,  45% used [0x37cf0000, 0x38179b28, 0x38179c00, 0x386f0000)
    rw space 12288K,  54% used [0x386f0000, 0x38d7d0e8, 0x38d7d200, 0x392f0000)
Event: 11.016 GC heap after
Heap after GC invocations=105 (full 2):
 def new generation   total 12928K, used 323K [0x23cf0000, 0x24af0000, 0x29240000)
  eden space 11520K,   0% used [0x23cf0000, 0x23cf0000, 0x24830000)
  from space 1408K,  22% used [0x24990000, 0x249e0d50, 0x24af0000)
  to   space 1408K,   0% used [0x24830000, 0x24830000, 0x24990000)
 tenured generation   total 28568K, used 17138K [0x29240000, 0x2ae26000, 0x33cf0000)
   the space 28568K,  59% used [0x29240000, 0x2a2fc9d0, 0x2a2fca00, 0x2ae26000)
 compacting perm gen  total 12288K, used 3562K [0x33cf0000, 0x348f0000, 0x37cf0000)
   the space 12288K,  28% used [0x33cf0000, 0x3406a8d0, 0x3406aa00, 0x348f0000)
    ro space 10240K,  45% used [0x37cf0000, 0x38179b28, 0x38179c00, 0x386f0000)
    rw space 12288K,  54% used [0x386f0000, 0x38d7d0e8, 0x38d7d200, 0x392f0000)
}

