# JRE version: 7.0_25-b16
# Java VM: Java HotSpot(TM) Client VM (23.25-b01 mixed mode, sharing windows-x86 )
Heap
 def new generation   total 18560K, used 11751K [0x23cf0000, 0x25110000, 0x29240000)
  eden space 16512K,  70% used [0x23cf0000, 0x24845da8, 0x24d10000)
  from space 2048K,   7% used [0x24f10000, 0x24f34168, 0x25110000)
  to   space 2048K,   0% used [0x24d10000, 0x24d10000, 0x24f10000)
 tenured generation   total 41156K, used 35572K [0x29240000, 0x2ba71000, 0x33cf0000)
   the space 41156K,  86% used [0x29240000, 0x2b4fd098, 0x2b4fd200, 0x2ba71000)
 compacting perm gen  total 12288K, used 3197K [0x33cf0000, 0x348f0000, 0x37cf0000)
   the space 12288K,  26% used [0x33cf0000, 0x3400f448, 0x3400f600, 0x348f0000)
    ro space 10240K,  45% used [0x37cf0000, 0x38179b28, 0x38179c00, 0x386f0000)
    rw space 12288K,  54% used [0x386f0000, 0x38d7d0e8, 0x38d7d200, 0x392f0000)
GC Heap History (10 events):
Event: 4647.266 GC heap before
{Heap before GC invocations=24242 (full 3):
 def new generation   total 18560K, used 16656K [0x23cf0000, 0x25110000, 0x29240000)
  eden space 16512K, 100% used [0x23cf0000, 0x24d10000, 0x24d10000)
  from space 2048K,   7% used [0x24d10000, 0x24d342b8, 0x24f10000)
  to   space 2048K,   0% used [0x24f10000, 0x24f10000, 0x25110000)
 tenured generation   total 41156K, used 35572K [0x29240000, 0x2ba71000, 0x33cf0000)
   the space 41156K,  86% used [0x29240000, 0x2b4fd098, 0x2b4fd200, 0x2ba71000)
 compacting perm gen  total 12288K, used 3174K [0x33cf0000, 0x348f0000, 0x37cf0000)
   the space 12288K,  25% used [0x33cf0000, 0x34009b60, 0x34009c00, 0x348f0000)
    ro space 10240K,  45% used [0x37cf0000, 0x38179b28, 0x38179c00, 0x386f0000)
    rw space 12288K,  54% used [0x386f0000, 0x38d7d0e8, 0x38d7d200, 0x392f0000)
Event: 4647.266 GC heap after
Heap after GC invocations=24243 (full 3):
 def new generation   total 18560K, used 144K [0x23cf0000, 0x25110000, 0x29240000)
  eden space 16512K,   0% used [0x23cf0000, 0x23cf0000, 0x24d10000)
  from space 2048K,   7% used [0x24f10000, 0x24f34330, 0x25110000)
  to   space 2048K,   0% used [0x24d10000, 0x24d10000, 0x24f10000)
 tenured generation   total 41156K, used 35572K [0x29240000, 0x2ba71000, 0x33cf0000)
   the space 41156K,  86% used [0x29240000, 0x2b4fd098, 0x2b4fd200, 0x2ba71000)
 compacting perm gen  total 12288K, used 3174K [0x33cf0000, 0x348f0000, 0x37cf0000)
   the space 12288K,  25% used [0x33cf0000, 0x34009b60, 0x34009c00, 0x348f0000)
    ro space 10240K,  45% used [0x37cf0000, 0x38179b28, 0x38179c00, 0x386f0000)
    rw space 12288K,  54% used [0x386f0000, 0x38d7d0e8, 0x38d7d200, 0x392f0000)
}
Event: 4647.469 GC heap before
{Heap before GC invocations=24243 (full 3):
 def new generation   total 18560K, used 16656K [0x23cf0000, 0x25110000, 0x29240000)
  eden space 16512K, 100% used [0x23cf0000, 0x24d10000, 0x24d10000)
  from space 2048K,   7% used [0x24f10000, 0x24f34330, 0x25110000)
  to   space 2048K,   0% used [0x24d10000, 0x24d10000, 0x24f10000)
 tenured generation   total 41156K, used 35572K [0x29240000, 0x2ba71000, 0x33cf0000)
   the space 41156K,  86% used [0x29240000, 0x2b4fd098, 0x2b4fd200, 0x2ba71000)
 compacting perm gen  total 12288K, used 3174K [0x33cf0000, 0x348f0000, 0x37cf0000)
   the space 12288K,  25% used [0x33cf0000, 0x34009b60, 0x34009c00, 0x348f0000)
    ro space 10240K,  45% used [0x37cf0000, 0x38179b28, 0x38179c00, 0x386f0000)
    rw space 12288K,  54% used [0x386f0000, 0x38d7d0e8, 0x38d7d200, 0x392f0000)
Event: 4647.469 GC heap after
Heap after GC invocations=24244 (full 3):
 def new generation   total 18560K, used 144K [0x23cf0000, 0x25110000, 0x29240000)
  eden space 16512K,   0% used [0x23cf0000, 0x23cf0000, 0x24d10000)
  from space 2048K,   7% used [0x24d10000, 0x24d342f8, 0x24f10000)
  to   space 2048K,   0% used [0x24f10000, 0x24f10000, 0x25110000)
 tenured generation   total 41156K, used 35572K [0x29240000, 0x2ba71000, 0x33cf0000)
   the space 41156K,  86% used [0x29240000, 0x2b4fd098, 0x2b4fd200, 0x2ba71000)
 compacting perm gen  total 12288K, used 3174K [0x33cf0000, 0x348f0000, 0x37cf0000)
   the space 12288K,  25% used [0x33cf0000, 0x34009b60, 0x34009c00, 0x348f0000)
    ro space 10240K,  45% used [0x37cf0000, 0x38179b28, 0x38179c00, 0x386f0000)
    rw space 12288K,  54% used [0x386f0000, 0x38d7d0e8, 0x38d7d200, 0x392f0000)
}
Event: 4647.646 GC heap before
{Heap before GC invocations=24244 (full 3):
 def new generation   total 18560K, used 16656K [0x23cf0000, 0x25110000, 0x29240000)
  eden space 16512K, 100% used [0x23cf0000, 0x24d10000, 0x24d10000)
  from space 2048K,   7% used [0x24d10000, 0x24d342f8, 0x24f10000)
  to   space 2048K,   0% used [0x24f10000, 0x24f10000, 0x25110000)
 tenured generation   total 41156K, used 35572K [0x29240000, 0x2ba71000, 0x33cf0000)
   the space 41156K,  86% used [0x29240000, 0x2b4fd098, 0x2b4fd200, 0x2ba71000)
 compacting perm gen  total 12288K, used 3174K [0x33cf0000, 0x348f0000, 0x37cf0000)
   the space 12288K,  25% used [0x33cf0000, 0x34009b60, 0x34009c00, 0x348f0000)
    ro space 10240K,  45% used [0x37cf0000, 0x38179b28, 0x38179c00, 0x386f0000)
    rw space 12288K,  54% used [0x386f0000, 0x38d7d0e8, 0x38d7d200, 0x392f0000)
Event: 4647.647 GC heap after
Heap after GC invocations=24245 (full 3):
 def new generation   total 18560K, used 144K [0x23cf0000, 0x25110000, 0x29240000)
  eden space 16512K,   0% used [0x23cf0000, 0x23cf0000, 0x24d10000)
  from space 2048K,   7% used [0x24f10000, 0x24f34188, 0x25110000)
  to   space 2048K,   0% used [0x24d10000, 0x24d10000, 0x24f10000)
 tenured generation   total 41156K, used 35572K [0x29240000, 0x2ba71000, 0x33cf0000)
   the space 41156K,  86% used [0x29240000, 0x2b4fd098, 0x2b4fd200, 0x2ba71000)
 compacting perm gen  total 12288K, used 3174K [0x33cf0000, 0x348f0000, 0x37cf0000)
   the space 12288K,  25% used [0x33cf0000, 0x34009b60, 0x34009c00, 0x348f0000)
    ro space 10240K,  45% used [0x37cf0000, 0x38179b28, 0x38179c00, 0x386f0000)
    rw space 12288K,  54% used [0x386f0000, 0x38d7d0e8, 0x38d7d200, 0x392f0000)
}
Event: 4647.822 GC heap before
{Heap before GC invocations=24245 (full 3):
 def new generation   total 18560K, used 16656K [0x23cf0000, 0x25110000, 0x29240000)
  eden space 16512K, 100% used [0x23cf0000, 0x24d10000, 0x24d10000)
  from space 2048K,   7% used [0x24f10000, 0x24f34188, 0x25110000)
  to   space 2048K,   0% used [0x24d10000, 0x24d10000, 0x24f10000)
 tenured generation   total 41156K, used 35572K [0x29240000, 0x2ba71000, 0x33cf0000)
   the space 41156K,  86% used [0x29240000, 0x2b4fd098, 0x2b4fd200, 0x2ba71000)
 compacting perm gen  total 12288K, used 3174K [0x33cf0000, 0x348f0000, 0x37cf0000)
   the space 12288K,  25% used [0x33cf0000, 0x34009b60, 0x34009c00, 0x348f0000)
    ro space 10240K,  45% used [0x37cf0000, 0x38179b28, 0x38179c00, 0x386f0000)
    rw space 12288K,  54% used [0x386f0000, 0x38d7d0e8, 0x38d7d200, 0x392f0000)
Event: 4647.822 GC heap after
Heap after GC invocations=24246 (full 3):
 def new generation   total 18560K, used 144K [0x23cf0000, 0x25110000, 0x29240000)
  eden space 16512K,   0% used [0x23cf0000, 0x23cf0000, 0x24d10000)
  from space 2048K,   7% used [0x24d10000, 0x24d34198, 0x24f10000)
  to   space 2048K,   0% used [0x24f10000, 0x24f10000, 0x25110000)
 tenured generation   total 41156K, used 35572K [0x29240000, 0x2ba71000, 0x33cf0000)
   the space 41156K,  86% used [0x29240000, 0x2b4fd098, 0x2b4fd200, 0x2ba71000)
 compacting perm gen  total 12288K, used 3174K [0x33cf0000, 0x348f0000, 0x37cf0000)
   the space 12288K,  25% used [0x33cf0000, 0x34009b60, 0x34009c00, 0x348f0000)
    ro space 10240K,  45% used [0x37cf0000, 0x38179b28, 0x38179c00, 0x386f0000)
    rw space 12288K,  54% used [0x386f0000, 0x38d7d0e8, 0x38d7d200, 0x392f0000)
}
Event: 4648.003 GC heap before
{Heap before GC invocations=24246 (full 3):
 def new generation   total 18560K, used 16656K [0x23cf0000, 0x25110000, 0x29240000)
  eden space 16512K, 100% used [0x23cf0000, 0x24d10000, 0x24d10000)
  from space 2048K,   7% used [0x24d10000, 0x24d34198, 0x24f10000)
  to   space 2048K,   0% used [0x24f10000, 0x24f10000, 0x25110000)
 tenured generation   total 41156K, used 35572K [0x29240000, 0x2ba71000, 0x33cf0000)
   the space 41156K,  86% used [0x29240000, 0x2b4fd098, 0x2b4fd200, 0x2ba71000)
 compacting perm gen  total 12288K, used 3174K [0x33cf0000, 0x348f0000, 0x37cf0000)
   the space 12288K,  25% used [0x33cf0000, 0x34009b60, 0x34009c00, 0x348f0000)
    ro space 10240K,  45% used [0x37cf0000, 0x38179b28, 0x38179c00, 0x386f0000)
    rw space 12288K,  54% used [0x386f0000, 0x38d7d0e8, 0x38d7d200, 0x392f0000)
Event: 4648.003 GC heap after
Heap after GC invocations=24247 (full 3):
 def new generation   total 18560K, used 144K [0x23cf0000, 0x25110000, 0x29240000)
  eden space 16512K,   0% used [0x23cf0000, 0x23cf0000, 0x24d10000)
  from space 2048K,   7% used [0x24f10000, 0x24f34168, 0x25110000)
  to   space 2048K,   0% used [0x24d10000, 0x24d10000, 0x24f10000)
 tenured generation   total 41156K, used 35572K [0x29240000, 0x2ba71000, 0x33cf0000)
   the space 41156K,  86% used [0x29240000, 0x2b4fd098, 0x2b4fd200, 0x2ba71000)
 compacting perm gen  total 12288K, used 3174K [0x33cf0000, 0x348f0000, 0x37cf0000)
   the space 12288K,  25% used [0x33cf0000, 0x34009b60, 0x34009c00, 0x348f0000)
    ro space 10240K,  45% used [0x37cf0000, 0x38179b28, 0x38179c00, 0x386f0000)
    rw space 12288K,  54% used [0x386f0000, 0x38d7d0e8, 0x38d7d200, 0x392f0000)
}

