# JRE version: 7.0_25-b16
# Java VM: Java HotSpot(TM) Client VM (23.25-b01 mixed mode, sharing windows-x86 )
Heap
 def new generation   total 4928K, used 2468K [0x23cf0000, 0x24240000, 0x29240000)
  eden space 4416K,  55% used [0x23cf0000, 0x23f58ca8, 0x24140000)
  from space 512K,   0% used [0x241c0000, 0x241c05d8, 0x24240000)
  to   space 512K,   0% used [0x24140000, 0x24140000, 0x241c0000)
 tenured generation   total 10944K, used 10032K [0x29240000, 0x29cf0000, 0x33cf0000)
   the space 10944K,  91% used [0x29240000, 0x29c0c000, 0x29c0c000, 0x29cf0000)
 compacting perm gen  total 12288K, used 3062K [0x33cf0000, 0x348f0000, 0x37cf0000)
   the space 12288K,  24% used [0x33cf0000, 0x33fedab8, 0x33fedc00, 0x348f0000)
    ro space 10240K,  45% used [0x37cf0000, 0x38179b28, 0x38179c00, 0x386f0000)
    rw space 12288K,  54% used [0x386f0000, 0x38d7d0e8, 0x38d7d200, 0x392f0000)
GC Heap History (10 events):
Event: 11.591 GC heap before
{Heap before GC invocations=80 (full 0):
 def new generation   total 4928K, used 4417K [0x23cf0000, 0x24240000, 0x29240000)
  eden space 4416K, 100% used [0x23cf0000, 0x24140000, 0x24140000)
  from space 512K,   0% used [0x24140000, 0x241405c8, 0x241c0000)
  to   space 512K,   0% used [0x241c0000, 0x241c0000, 0x24240000)
 tenured generation   total 10944K, used 10032K [0x29240000, 0x29cf0000, 0x33cf0000)
   the space 10944K,  91% used [0x29240000, 0x29c0c000, 0x29c0c000, 0x29cf0000)
 compacting perm gen  total 12288K, used 3060K [0x33cf0000, 0x348f0000, 0x37cf0000)
   the space 12288K,  24% used [0x33cf0000, 0x33fed188, 0x33fed200, 0x348f0000)
    ro space 10240K,  45% used [0x37cf0000, 0x38179b28, 0x38179c00, 0x386f0000)
    rw space 12288K,  54% used [0x386f0000, 0x38d7d0e8, 0x38d7d200, 0x392f0000)
Event: 11.592 GC heap after
Heap after GC invocations=81 (full 0):
 def new generation   total 4928K, used 1K [0x23cf0000, 0x24240000, 0x29240000)
  eden space 4416K,   0% used [0x23cf0000, 0x23cf0000, 0x24140000)
  from space 512K,   0% used [0x241c0000, 0x241c05e8, 0x24240000)
  to   space 512K,   0% used [0x24140000, 0x24140000, 0x241c0000)
 tenured generation   total 10944K, used 10032K [0x29240000, 0x29cf0000, 0x33cf0000)
   the space 10944K,  91% used [0x29240000, 0x29c0c000, 0x29c0c000, 0x29cf0000)
 compacting perm gen  total 12288K, used 3060K [0x33cf0000, 0x348f0000, 0x37cf0000)
   the space 12288K,  24% used [0x33cf0000, 0x33fed188, 0x33fed200, 0x348f0000)
    ro space 10240K,  45% used [0x37cf0000, 0x38179b28, 0x38179c00, 0x386f0000)
    rw space 12288K,  54% used [0x386f0000, 0x38d7d0e8, 0x38d7d200, 0x392f0000)
}
Event: 11.712 GC heap before
{Heap before GC invocations=81 (full 0):
 def new generation   total 4928K, used 4417K [0x23cf0000, 0x24240000, 0x29240000)
  eden space 4416K, 100% used [0x23cf0000, 0x24140000, 0x24140000)
  from space 512K,   0% used [0x241c0000, 0x241c05e8, 0x24240000)
  to   space 512K,   0% used [0x24140000, 0x24140000, 0x241c0000)
 tenured generation   total 10944K, used 10032K [0x29240000, 0x29cf0000, 0x33cf0000)
   the space 10944K,  91% used [0x29240000, 0x29c0c000, 0x29c0c000, 0x29cf0000)
 compacting perm gen  total 12288K, used 3060K [0x33cf0000, 0x348f0000, 0x37cf0000)
   the space 12288K,  24% used [0x33cf0000, 0x33fed188, 0x33fed200, 0x348f0000)
    ro space 10240K,  45% used [0x37cf0000, 0x38179b28, 0x38179c00, 0x386f0000)
    rw space 12288K,  54% used [0x386f0000, 0x38d7d0e8, 0x38d7d200, 0x392f0000)
Event: 11.712 GC heap after
Heap after GC invocations=82 (full 0):
 def new generation   total 4928K, used 1K [0x23cf0000, 0x24240000, 0x29240000)
  eden space 4416K,   0% used [0x23cf0000, 0x23cf0000, 0x24140000)
  from space 512K,   0% used [0x24140000, 0x241405d8, 0x241c0000)
  to   space 512K,   0% used [0x241c0000, 0x241c0000, 0x24240000)
 tenured generation   total 10944K, used 10032K [0x29240000, 0x29cf0000, 0x33cf0000)
   the space 10944K,  91% used [0x29240000, 0x29c0c000, 0x29c0c000, 0x29cf0000)
 compacting perm gen  total 12288K, used 3060K [0x33cf0000, 0x348f0000, 0x37cf0000)
   the space 12288K,  24% used [0x33cf0000, 0x33fed188, 0x33fed200, 0x348f0000)
    ro space 10240K,  45% used [0x37cf0000, 0x38179b28, 0x38179c00, 0x386f0000)
    rw space 12288K,  54% used [0x386f0000, 0x38d7d0e8, 0x38d7d200, 0x392f0000)
}
Event: 11.830 GC heap before
{Heap before GC invocations=82 (full 0):
 def new generation   total 4928K, used 4417K [0x23cf0000, 0x24240000, 0x29240000)
  eden space 4416K, 100% used [0x23cf0000, 0x24140000, 0x24140000)
  from space 512K,   0% used [0x24140000, 0x241405d8, 0x241c0000)
  to   space 512K,   0% used [0x241c0000, 0x241c0000, 0x24240000)
 tenured generation   total 10944K, used 10032K [0x29240000, 0x29cf0000, 0x33cf0000)
   the space 10944K,  91% used [0x29240000, 0x29c0c000, 0x29c0c000, 0x29cf0000)
 compacting perm gen  total 12288K, used 3060K [0x33cf0000, 0x348f0000, 0x37cf0000)
   the space 12288K,  24% used [0x33cf0000, 0x33fed188, 0x33fed200, 0x348f0000)
    ro space 10240K,  45% used [0x37cf0000, 0x38179b28, 0x38179c00, 0x386f0000)
    rw space 12288K,  54% used [0x386f0000, 0x38d7d0e8, 0x38d7d200, 0x392f0000)
Event: 11.831 GC heap after
Heap after GC invocations=83 (full 0):
 def new generation   total 4928K, used 2K [0x23cf0000, 0x24240000, 0x29240000)
  eden space 4416K,   0% used [0x23cf0000, 0x23cf0000, 0x24140000)
  from space 512K,   0% used [0x241c0000, 0x241c0980, 0x24240000)
  to   space 512K,   0% used [0x24140000, 0x24140000, 0x241c0000)
 tenured generation   total 10944K, used 10032K [0x29240000, 0x29cf0000, 0x33cf0000)
   the space 10944K,  91% used [0x29240000, 0x29c0c000, 0x29c0c000, 0x29cf0000)
 compacting perm gen  total 12288K, used 3060K [0x33cf0000, 0x348f0000, 0x37cf0000)
   the space 12288K,  24% used [0x33cf0000, 0x33fed188, 0x33fed200, 0x348f0000)
    ro space 10240K,  45% used [0x37cf0000, 0x38179b28, 0x38179c00, 0x386f0000)
    rw space 12288K,  54% used [0x386f0000, 0x38d7d0e8, 0x38d7d200, 0x392f0000)
}
Event: 11.952 GC heap before
{Heap before GC invocations=83 (full 0):
 def new generation   total 4928K, used 4418K [0x23cf0000, 0x24240000, 0x29240000)
  eden space 4416K, 100% used [0x23cf0000, 0x24140000, 0x24140000)
  from space 512K,   0% used [0x241c0000, 0x241c0980, 0x24240000)
  to   space 512K,   0% used [0x24140000, 0x24140000, 0x241c0000)
 tenured generation   total 10944K, used 10032K [0x29240000, 0x29cf0000, 0x33cf0000)
   the space 10944K,  91% used [0x29240000, 0x29c0c000, 0x29c0c000, 0x29cf0000)
 compacting perm gen  total 12288K, used 3060K [0x33cf0000, 0x348f0000, 0x37cf0000)
   the space 12288K,  24% used [0x33cf0000, 0x33fed188, 0x33fed200, 0x348f0000)
    ro space 10240K,  45% used [0x37cf0000, 0x38179b28, 0x38179c00, 0x386f0000)
    rw space 12288K,  54% used [0x386f0000, 0x38d7d0e8, 0x38d7d200, 0x392f0000)
Event: 11.953 GC heap after
Heap after GC invocations=84 (full 0):
 def new generation   total 4928K, used 1K [0x23cf0000, 0x24240000, 0x29240000)
  eden space 4416K,   0% used [0x23cf0000, 0x23cf0000, 0x24140000)
  from space 512K,   0% used [0x24140000, 0x241405f8, 0x241c0000)
  to   space 512K,   0% used [0x241c0000, 0x241c0000, 0x24240000)
 tenured generation   total 10944K, used 10032K [0x29240000, 0x29cf0000, 0x33cf0000)
   the space 10944K,  91% used [0x29240000, 0x29c0c000, 0x29c0c000, 0x29cf0000)
 compacting perm gen  total 12288K, used 3060K [0x33cf0000, 0x348f0000, 0x37cf0000)
   the space 12288K,  24% used [0x33cf0000, 0x33fed188, 0x33fed200, 0x348f0000)
    ro space 10240K,  45% used [0x37cf0000, 0x38179b28, 0x38179c00, 0x386f0000)
    rw space 12288K,  54% used [0x386f0000, 0x38d7d0e8, 0x38d7d200, 0x392f0000)
}
Event: 12.073 GC heap before
{Heap before GC invocations=84 (full 0):
 def new generation   total 4928K, used 4417K [0x23cf0000, 0x24240000, 0x29240000)
  eden space 4416K, 100% used [0x23cf0000, 0x24140000, 0x24140000)
  from space 512K,   0% used [0x24140000, 0x241405f8, 0x241c0000)
  to   space 512K,   0% used [0x241c0000, 0x241c0000, 0x24240000)
 tenured generation   total 10944K, used 10032K [0x29240000, 0x29cf0000, 0x33cf0000)
   the space 10944K,  91% used [0x29240000, 0x29c0c000, 0x29c0c000, 0x29cf0000)
 compacting perm gen  total 12288K, used 3060K [0x33cf0000, 0x348f0000, 0x37cf0000)
   the space 12288K,  24% used [0x33cf0000, 0x33fed188, 0x33fed200, 0x348f0000)
    ro space 10240K,  45% used [0x37cf0000, 0x38179b28, 0x38179c00, 0x386f0000)
    rw space 12288K,  54% used [0x386f0000, 0x38d7d0e8, 0x38d7d200, 0x392f0000)
Event: 12.074 GC heap after
Heap after GC invocations=85 (full 0):
 def new generation   total 4928K, used 1K [0x23cf0000, 0x24240000, 0x29240000)
  eden space 4416K,   0% used [0x23cf0000, 0x23cf0000, 0x24140000)
  from space 512K,   0% used [0x241c0000, 0x241c05d8, 0x24240000)
  to   space 512K,   0% used [0x24140000, 0x24140000, 0x241c0000)
 tenured generation   total 10944K, used 10032K [0x29240000, 0x29cf0000, 0x33cf0000)
   the space 10944K,  91% used [0x29240000, 0x29c0c000, 0x29c0c000, 0x29cf0000)
 compacting perm gen  total 12288K, used 3060K [0x33cf0000, 0x348f0000, 0x37cf0000)
   the space 12288K,  24% used [0x33cf0000, 0x33fed188, 0x33fed200, 0x348f0000)
    ro space 10240K,  45% used [0x37cf0000, 0x38179b28, 0x38179c00, 0x386f0000)
    rw space 12288K,  54% used [0x386f0000, 0x38d7d0e8, 0x38d7d200, 0x392f0000)
}

