# JRE version: 7.0_25-b16
# Java VM: Java HotSpot(TM) Client VM (23.25-b01 mixed mode, sharing windows-x86 )
Heap
 def new generation   total 15616K, used 14831K [0x23cf0000, 0x24de0000, 0x29240000)
  eden space 13888K,  98% used [0x23cf0000, 0x24a51310, 0x24a80000)
  from space 1728K,  65% used [0x24c30000, 0x24d4aa78, 0x24de0000)
  to   space 1728K,   0% used [0x24a80000, 0x24a80000, 0x24c30000)
 tenured generation   total 34552K, used 21979K [0x29240000, 0x2b3fe000, 0x33cf0000)
   the space 34552K,  63% used [0x29240000, 0x2a7b6e90, 0x2a7b7000, 0x2b3fe000)
 compacting perm gen  total 12288K, used 3584K [0x33cf0000, 0x348f0000, 0x37cf0000)
   the space 12288K,  29% used [0x33cf0000, 0x340700f8, 0x34070200, 0x348f0000)
    ro space 10240K,  45% used [0x37cf0000, 0x38179b28, 0x38179c00, 0x386f0000)
    rw space 12288K,  54% used [0x386f0000, 0x38d7d0e8, 0x38d7d200, 0x392f0000)
GC Heap History (10 events):
Event: 33.182 GC heap before
{Heap before GC invocations=561 (full 11):
 def new generation   total 15616K, used 15341K [0x23cf0000, 0x24de0000, 0x29240000)
  eden space 13888K, 100% used [0x23cf0000, 0x24a80000, 0x24a80000)
  from space 1728K,  84% used [0x24a80000, 0x24beb648, 0x24c30000)
  to   space 1728K,   0% used [0x24c30000, 0x24c30000, 0x24de0000)
 tenured generation   total 34552K, used 21913K [0x29240000, 0x2b3fe000, 0x33cf0000)
   the space 34552K,  63% used [0x29240000, 0x2a7a6708, 0x2a7a6800, 0x2b3fe000)
 compacting perm gen  total 12288K, used 3562K [0x33cf0000, 0x348f0000, 0x37cf0000)
   the space 12288K,  28% used [0x33cf0000, 0x3406a800, 0x3406a800, 0x348f0000)
    ro space 10240K,  45% used [0x37cf0000, 0x38179b28, 0x38179c00, 0x386f0000)
    rw space 12288K,  54% used [0x386f0000, 0x38d7d0e8, 0x38d7d200, 0x392f0000)
Event: 33.183 GC heap after
Heap after GC invocations=562 (full 11):
 def new generation   total 15616K, used 30K [0x23cf0000, 0x24de0000, 0x29240000)
  eden space 13888K,   0% used [0x23cf0000, 0x23cf0000, 0x24a80000)
  from space 1728K,   1% used [0x24c30000, 0x24c37a48, 0x24de0000)
  to   space 1728K,   0% used [0x24a80000, 0x24a80000, 0x24c30000)
 tenured generation   total 34552K, used 21944K [0x29240000, 0x2b3fe000, 0x33cf0000)
   the space 34552K,  63% used [0x29240000, 0x2a7ae3d0, 0x2a7ae400, 0x2b3fe000)
 compacting perm gen  total 12288K, used 3562K [0x33cf0000, 0x348f0000, 0x37cf0000)
   the space 12288K,  28% used [0x33cf0000, 0x3406a800, 0x3406a800, 0x348f0000)
    ro space 10240K,  45% used [0x37cf0000, 0x38179b28, 0x38179c00, 0x386f0000)
    rw space 12288K,  54% used [0x386f0000, 0x38d7d0e8, 0x38d7d200, 0x392f0000)
}
Event: 33.234 GC heap before
{Heap before GC invocations=562 (full 11):
 def new generation   total 15616K, used 13918K [0x23cf0000, 0x24de0000, 0x29240000)
  eden space 13888K, 100% used [0x23cf0000, 0x24a80000, 0x24a80000)
  from space 1728K,   1% used [0x24c30000, 0x24c37a48, 0x24de0000)
  to   space 1728K,   0% used [0x24a80000, 0x24a80000, 0x24c30000)
 tenured generation   total 34552K, used 21944K [0x29240000, 0x2b3fe000, 0x33cf0000)
   the space 34552K,  63% used [0x29240000, 0x2a7ae3d0, 0x2a7ae400, 0x2b3fe000)
 compacting perm gen  total 12288K, used 3562K [0x33cf0000, 0x348f0000, 0x37cf0000)
   the space 12288K,  28% used [0x33cf0000, 0x3406a800, 0x3406a800, 0x348f0000)
    ro space 10240K,  45% used [0x37cf0000, 0x38179b28, 0x38179c00, 0x386f0000)
    rw space 12288K,  54% used [0x386f0000, 0x38d7d0e8, 0x38d7d200, 0x392f0000)
Event: 33.237 GC heap after
Heap after GC invocations=563 (full 11):
 def new generation   total 15616K, used 790K [0x23cf0000, 0x24de0000, 0x29240000)
  eden space 13888K,   0% used [0x23cf0000, 0x23cf0000, 0x24a80000)
  from space 1728K,  45% used [0x24a80000, 0x24b45998, 0x24c30000)
  to   space 1728K,   0% used [0x24c30000, 0x24c30000, 0x24de0000)
 tenured generation   total 34552K, used 21944K [0x29240000, 0x2b3fe000, 0x33cf0000)
   the space 34552K,  63% used [0x29240000, 0x2a7ae3d0, 0x2a7ae400, 0x2b3fe000)
 compacting perm gen  total 12288K, used 3562K [0x33cf0000, 0x348f0000, 0x37cf0000)
   the space 12288K,  28% used [0x33cf0000, 0x3406a800, 0x3406a800, 0x348f0000)
    ro space 10240K,  45% used [0x37cf0000, 0x38179b28, 0x38179c00, 0x386f0000)
    rw space 12288K,  54% used [0x386f0000, 0x38d7d0e8, 0x38d7d200, 0x392f0000)
}
Event: 33.275 GC heap before
{Heap before GC invocations=563 (full 11):
 def new generation   total 15616K, used 14678K [0x23cf0000, 0x24de0000, 0x29240000)
  eden space 13888K, 100% used [0x23cf0000, 0x24a80000, 0x24a80000)
  from space 1728K,  45% used [0x24a80000, 0x24b45998, 0x24c30000)
  to   space 1728K,   0% used [0x24c30000, 0x24c30000, 0x24de0000)
 tenured generation   total 34552K, used 21944K [0x29240000, 0x2b3fe000, 0x33cf0000)
   the space 34552K,  63% used [0x29240000, 0x2a7ae3d0, 0x2a7ae400, 0x2b3fe000)
 compacting perm gen  total 12288K, used 3562K [0x33cf0000, 0x348f0000, 0x37cf0000)
   the space 12288K,  28% used [0x33cf0000, 0x3406a800, 0x3406a800, 0x348f0000)
    ro space 10240K,  45% used [0x37cf0000, 0x38179b28, 0x38179c00, 0x386f0000)
    rw space 12288K,  54% used [0x386f0000, 0x38d7d0e8, 0x38d7d200, 0x392f0000)
Event: 33.279 GC heap after
Heap after GC invocations=564 (full 11):
 def new generation   total 15616K, used 1727K [0x23cf0000, 0x24de0000, 0x29240000)
  eden space 13888K,   0% used [0x23cf0000, 0x23cf0000, 0x24a80000)
  from space 1728K,  99% used [0x24c30000, 0x24ddfff8, 0x24de0000)
  to   space 1728K,   0% used [0x24a80000, 0x24a80000, 0x24c30000)
 tenured generation   total 34552K, used 21953K [0x29240000, 0x2b3fe000, 0x33cf0000)
   the space 34552K,  63% used [0x29240000, 0x2a7b0588, 0x2a7b0600, 0x2b3fe000)
 compacting perm gen  total 12288K, used 3562K [0x33cf0000, 0x348f0000, 0x37cf0000)
   the space 12288K,  28% used [0x33cf0000, 0x3406a800, 0x3406a800, 0x348f0000)
    ro space 10240K,  45% used [0x37cf0000, 0x38179b28, 0x38179c00, 0x386f0000)
    rw space 12288K,  54% used [0x386f0000, 0x38d7d0e8, 0x38d7d200, 0x392f0000)
}
Event: 33.369 GC heap before
{Heap before GC invocations=564 (full 11):
 def new generation   total 15616K, used 15615K [0x23cf0000, 0x24de0000, 0x29240000)
  eden space 13888K, 100% used [0x23cf0000, 0x24a80000, 0x24a80000)
  from space 1728K,  99% used [0x24c30000, 0x24ddfff8, 0x24de0000)
  to   space 1728K,   0% used [0x24a80000, 0x24a80000, 0x24c30000)
 tenured generation   total 34552K, used 21953K [0x29240000, 0x2b3fe000, 0x33cf0000)
   the space 34552K,  63% used [0x29240000, 0x2a7b0588, 0x2a7b0600, 0x2b3fe000)
 compacting perm gen  total 12288K, used 3562K [0x33cf0000, 0x348f0000, 0x37cf0000)
   the space 12288K,  28% used [0x33cf0000, 0x3406a810, 0x3406aa00, 0x348f0000)
    ro space 10240K,  45% used [0x37cf0000, 0x38179b28, 0x38179c00, 0x386f0000)
    rw space 12288K,  54% used [0x386f0000, 0x38d7d0e8, 0x38d7d200, 0x392f0000)
Event: 33.370 GC heap after
Heap after GC invocations=565 (full 11):
 def new generation   total 15616K, used 184K [0x23cf0000, 0x24de0000, 0x29240000)
  eden space 13888K,   0% used [0x23cf0000, 0x23cf0000, 0x24a80000)
  from space 1728K,  10% used [0x24a80000, 0x24aae228, 0x24c30000)
  to   space 1728K,   0% used [0x24c30000, 0x24c30000, 0x24de0000)
 tenured generation   total 34552K, used 21979K [0x29240000, 0x2b3fe000, 0x33cf0000)
   the space 34552K,  63% used [0x29240000, 0x2a7b6e90, 0x2a7b7000, 0x2b3fe000)
 compacting perm gen  total 12288K, used 3562K [0x33cf0000, 0x348f0000, 0x37cf0000)
   the space 12288K,  28% used [0x33cf0000, 0x3406a810, 0x3406aa00, 0x348f0000)
    ro space 10240K,  45% used [0x37cf0000, 0x38179b28, 0x38179c00, 0x386f0000)
    rw space 12288K,  54% used [0x386f0000, 0x38d7d0e8, 0x38d7d200, 0x392f0000)
}
Event: 33.423 GC heap before
{Heap before GC invocations=565 (full 11):
 def new generation   total 15616K, used 14072K [0x23cf0000, 0x24de0000, 0x29240000)
  eden space 13888K, 100% used [0x23cf0000, 0x24a80000, 0x24a80000)
  from space 1728K,  10% used [0x24a80000, 0x24aae228, 0x24c30000)
  to   space 1728K,   0% used [0x24c30000, 0x24c30000, 0x24de0000)
 tenured generation   total 34552K, used 21979K [0x29240000, 0x2b3fe000, 0x33cf0000)
   the space 34552K,  63% used [0x29240000, 0x2a7b6e90, 0x2a7b7000, 0x2b3fe000)
 compacting perm gen  total 12288K, used 3562K [0x33cf0000, 0x348f0000, 0x37cf0000)
   the space 12288K,  28% used [0x33cf0000, 0x3406a810, 0x3406aa00, 0x348f0000)
    ro space 10240K,  45% used [0x37cf0000, 0x38179b28, 0x38179c00, 0x386f0000)
    rw space 12288K,  54% used [0x386f0000, 0x38d7d0e8, 0x38d7d200, 0x392f0000)
Event: 33.426 GC heap after
Heap after GC invocations=566 (full 11):
 def new generation   total 15616K, used 1130K [0x23cf0000, 0x24de0000, 0x29240000)
  eden space 13888K,   0% used [0x23cf0000, 0x23cf0000, 0x24a80000)
  from space 1728K,  65% used [0x24c30000, 0x24d4aa78, 0x24de0000)
  to   space 1728K,   0% used [0x24a80000, 0x24a80000, 0x24c30000)
 tenured generation   total 34552K, used 21979K [0x29240000, 0x2b3fe000, 0x33cf0000)
   the space 34552K,  63% used [0x29240000, 0x2a7b6e90, 0x2a7b7000, 0x2b3fe000)
 compacting perm gen  total 12288K, used 3562K [0x33cf0000, 0x348f0000, 0x37cf0000)
   the space 12288K,  28% used [0x33cf0000, 0x3406a810, 0x3406aa00, 0x348f0000)
    ro space 10240K,  45% used [0x37cf0000, 0x38179b28, 0x38179c00, 0x386f0000)
    rw space 12288K,  54% used [0x386f0000, 0x38d7d0e8, 0x38d7d200, 0x392f0000)
}

