# JRE version: 7.0_25-b16
# Java VM: Java HotSpot(TM) Client VM (23.25-b01 mixed mode, sharing windows-x86 )
Heap
 def new generation   total 12736K, used 11233K [0x23cf0000, 0x24ac0000, 0x29240000)
  eden space 11328K,  93% used [0x23cf0000, 0x2474aac8, 0x24800000)
  from space 1408K,  44% used [0x24960000, 0x249fdbb8, 0x24ac0000)
  to   space 1408K,   0% used [0x24800000, 0x24800000, 0x24960000)
 tenured generation   total 28184K, used 20619K [0x29240000, 0x2adc6000, 0x33cf0000)
   the space 28184K,  73% used [0x29240000, 0x2a662f08, 0x2a663000, 0x2adc6000)
 compacting perm gen  total 12288K, used 3609K [0x33cf0000, 0x348f0000, 0x37cf0000)
   the space 12288K,  29% used [0x33cf0000, 0x34076578, 0x34076600, 0x348f0000)
    ro space 10240K,  45% used [0x37cf0000, 0x38179b28, 0x38179c00, 0x386f0000)
    rw space 12288K,  54% used [0x386f0000, 0x38d7d0e8, 0x38d7d200, 0x392f0000)
GC Heap History (10 events):
Event: 75.670 GC heap before
{Heap before GC invocations=597 (full 2):
 def new generation   total 12736K, used 11770K [0x23cf0000, 0x24ac0000, 0x29240000)
  eden space 11328K, 100% used [0x23cf0000, 0x24800000, 0x24800000)
  from space 1408K,  31% used [0x24800000, 0x2486eba0, 0x24960000)
  to   space 1408K,   0% used [0x24960000, 0x24960000, 0x24ac0000)
 tenured generation   total 28184K, used 20476K [0x29240000, 0x2adc6000, 0x33cf0000)
   the space 28184K,  72% used [0x29240000, 0x2a63f310, 0x2a63f400, 0x2adc6000)
 compacting perm gen  total 12288K, used 3562K [0x33cf0000, 0x348f0000, 0x37cf0000)
   the space 12288K,  28% used [0x33cf0000, 0x3406aaa8, 0x3406ac00, 0x348f0000)
    ro space 10240K,  45% used [0x37cf0000, 0x38179b28, 0x38179c00, 0x386f0000)
    rw space 12288K,  54% used [0x386f0000, 0x38d7d0e8, 0x38d7d200, 0x392f0000)
Event: 75.671 GC heap after
Heap after GC invocations=598 (full 2):
 def new generation   total 12736K, used 544K [0x23cf0000, 0x24ac0000, 0x29240000)
  eden space 11328K,   0% used [0x23cf0000, 0x23cf0000, 0x24800000)
  from space 1408K,  38% used [0x24960000, 0x249e8038, 0x24ac0000)
  to   space 1408K,   0% used [0x24800000, 0x24800000, 0x24960000)
 tenured generation   total 28184K, used 20507K [0x29240000, 0x2adc6000, 0x33cf0000)
   the space 28184K,  72% used [0x29240000, 0x2a646f78, 0x2a647000, 0x2adc6000)
 compacting perm gen  total 12288K, used 3562K [0x33cf0000, 0x348f0000, 0x37cf0000)
   the space 12288K,  28% used [0x33cf0000, 0x3406aaa8, 0x3406ac00, 0x348f0000)
    ro space 10240K,  45% used [0x37cf0000, 0x38179b28, 0x38179c00, 0x386f0000)
    rw space 12288K,  54% used [0x386f0000, 0x38d7d0e8, 0x38d7d200, 0x392f0000)
}
Event: 75.854 GC heap before
{Heap before GC invocations=598 (full 2):
 def new generation   total 12736K, used 11872K [0x23cf0000, 0x24ac0000, 0x29240000)
  eden space 11328K, 100% used [0x23cf0000, 0x24800000, 0x24800000)
  from space 1408K,  38% used [0x24960000, 0x249e8038, 0x24ac0000)
  to   space 1408K,   0% used [0x24800000, 0x24800000, 0x24960000)
 tenured generation   total 28184K, used 20507K [0x29240000, 0x2adc6000, 0x33cf0000)
   the space 28184K,  72% used [0x29240000, 0x2a646f78, 0x2a647000, 0x2adc6000)
 compacting perm gen  total 12288K, used 3584K [0x33cf0000, 0x348f0000, 0x37cf0000)
   the space 12288K,  29% used [0x33cf0000, 0x34070388, 0x34070400, 0x348f0000)
    ro space 10240K,  45% used [0x37cf0000, 0x38179b28, 0x38179c00, 0x386f0000)
    rw space 12288K,  54% used [0x386f0000, 0x38d7d0e8, 0x38d7d200, 0x392f0000)
Event: 75.856 GC heap after
Heap after GC invocations=599 (full 2):
 def new generation   total 12736K, used 633K [0x23cf0000, 0x24ac0000, 0x29240000)
  eden space 11328K,   0% used [0x23cf0000, 0x23cf0000, 0x24800000)
  from space 1408K,  45% used [0x24800000, 0x2489e7b0, 0x24960000)
  to   space 1408K,   0% used [0x24960000, 0x24960000, 0x24ac0000)
 tenured generation   total 28184K, used 20533K [0x29240000, 0x2adc6000, 0x33cf0000)
   the space 28184K,  72% used [0x29240000, 0x2a64d490, 0x2a64d600, 0x2adc6000)
 compacting perm gen  total 12288K, used 3584K [0x33cf0000, 0x348f0000, 0x37cf0000)
   the space 12288K,  29% used [0x33cf0000, 0x34070388, 0x34070400, 0x348f0000)
    ro space 10240K,  45% used [0x37cf0000, 0x38179b28, 0x38179c00, 0x386f0000)
    rw space 12288K,  54% used [0x386f0000, 0x38d7d0e8, 0x38d7d200, 0x392f0000)
}
Event: 76.037 GC heap before
{Heap before GC invocations=599 (full 2):
 def new generation   total 12736K, used 11961K [0x23cf0000, 0x24ac0000, 0x29240000)
  eden space 11328K, 100% used [0x23cf0000, 0x24800000, 0x24800000)
  from space 1408K,  45% used [0x24800000, 0x2489e7b0, 0x24960000)
  to   space 1408K,   0% used [0x24960000, 0x24960000, 0x24ac0000)
 tenured generation   total 28184K, used 20533K [0x29240000, 0x2adc6000, 0x33cf0000)
   the space 28184K,  72% used [0x29240000, 0x2a64d490, 0x2a64d600, 0x2adc6000)
 compacting perm gen  total 12288K, used 3584K [0x33cf0000, 0x348f0000, 0x37cf0000)
   the space 12288K,  29% used [0x33cf0000, 0x34070388, 0x34070400, 0x348f0000)
    ro space 10240K,  45% used [0x37cf0000, 0x38179b28, 0x38179c00, 0x386f0000)
    rw space 12288K,  54% used [0x386f0000, 0x38d7d0e8, 0x38d7d200, 0x392f0000)
Event: 76.039 GC heap after
Heap after GC invocations=600 (full 2):
 def new generation   total 12736K, used 640K [0x23cf0000, 0x24ac0000, 0x29240000)
  eden space 11328K,   0% used [0x23cf0000, 0x23cf0000, 0x24800000)
  from space 1408K,  45% used [0x24960000, 0x24a00398, 0x24ac0000)
  to   space 1408K,   0% used [0x24800000, 0x24800000, 0x24960000)
 tenured generation   total 28184K, used 20563K [0x29240000, 0x2adc6000, 0x33cf0000)
   the space 28184K,  72% used [0x29240000, 0x2a654f40, 0x2a655000, 0x2adc6000)
 compacting perm gen  total 12288K, used 3584K [0x33cf0000, 0x348f0000, 0x37cf0000)
   the space 12288K,  29% used [0x33cf0000, 0x34070388, 0x34070400, 0x348f0000)
    ro space 10240K,  45% used [0x37cf0000, 0x38179b28, 0x38179c00, 0x386f0000)
    rw space 12288K,  54% used [0x386f0000, 0x38d7d0e8, 0x38d7d200, 0x392f0000)
}
Event: 76.187 GC heap before
{Heap before GC invocations=600 (full 2):
 def new generation   total 12736K, used 11968K [0x23cf0000, 0x24ac0000, 0x29240000)
  eden space 11328K, 100% used [0x23cf0000, 0x24800000, 0x24800000)
  from space 1408K,  45% used [0x24960000, 0x24a00398, 0x24ac0000)
  to   space 1408K,   0% used [0x24800000, 0x24800000, 0x24960000)
 tenured generation   total 28184K, used 20563K [0x29240000, 0x2adc6000, 0x33cf0000)
   the space 28184K,  72% used [0x29240000, 0x2a654f40, 0x2a655000, 0x2adc6000)
 compacting perm gen  total 12288K, used 3584K [0x33cf0000, 0x348f0000, 0x37cf0000)
   the space 12288K,  29% used [0x33cf0000, 0x34070398, 0x34070400, 0x348f0000)
    ro space 10240K,  45% used [0x37cf0000, 0x38179b28, 0x38179c00, 0x386f0000)
    rw space 12288K,  54% used [0x386f0000, 0x38d7d0e8, 0x38d7d200, 0x392f0000)
Event: 76.188 GC heap after
Heap after GC invocations=601 (full 2):
 def new generation   total 12736K, used 640K [0x23cf0000, 0x24ac0000, 0x29240000)
  eden space 11328K,   0% used [0x23cf0000, 0x23cf0000, 0x24800000)
  from space 1408K,  45% used [0x24800000, 0x248a03c0, 0x24960000)
  to   space 1408K,   0% used [0x24960000, 0x24960000, 0x24ac0000)
 tenured generation   total 28184K, used 20589K [0x29240000, 0x2adc6000, 0x33cf0000)
   the space 28184K,  73% used [0x29240000, 0x2a65b610, 0x2a65b800, 0x2adc6000)
 compacting perm gen  total 12288K, used 3584K [0x33cf0000, 0x348f0000, 0x37cf0000)
   the space 12288K,  29% used [0x33cf0000, 0x34070398, 0x34070400, 0x348f0000)
    ro space 10240K,  45% used [0x37cf0000, 0x38179b28, 0x38179c00, 0x386f0000)
    rw space 12288K,  54% used [0x386f0000, 0x38d7d0e8, 0x38d7d200, 0x392f0000)
}
Event: 76.339 GC heap before
{Heap before GC invocations=601 (full 2):
 def new generation   total 12736K, used 11968K [0x23cf0000, 0x24ac0000, 0x29240000)
  eden space 11328K, 100% used [0x23cf0000, 0x24800000, 0x24800000)
  from space 1408K,  45% used [0x24800000, 0x248a03c0, 0x24960000)
  to   space 1408K,   0% used [0x24960000, 0x24960000, 0x24ac0000)
 tenured generation   total 28184K, used 20589K [0x29240000, 0x2adc6000, 0x33cf0000)
   the space 28184K,  73% used [0x29240000, 0x2a65b610, 0x2a65b800, 0x2adc6000)
 compacting perm gen  total 12288K, used 3584K [0x33cf0000, 0x348f0000, 0x37cf0000)
   the space 12288K,  29% used [0x33cf0000, 0x34070398, 0x34070400, 0x348f0000)
    ro space 10240K,  45% used [0x37cf0000, 0x38179b28, 0x38179c00, 0x386f0000)
    rw space 12288K,  54% used [0x386f0000, 0x38d7d0e8, 0x38d7d200, 0x392f0000)
Event: 76.340 GC heap after
Heap after GC invocations=602 (full 2):
 def new generation   total 12736K, used 630K [0x23cf0000, 0x24ac0000, 0x29240000)
  eden space 11328K,   0% used [0x23cf0000, 0x23cf0000, 0x24800000)
  from space 1408K,  44% used [0x24960000, 0x249fdbb8, 0x24ac0000)
  to   space 1408K,   0% used [0x24800000, 0x24800000, 0x24960000)
 tenured generation   total 28184K, used 20619K [0x29240000, 0x2adc6000, 0x33cf0000)
   the space 28184K,  73% used [0x29240000, 0x2a662f08, 0x2a663000, 0x2adc6000)
 compacting perm gen  total 12288K, used 3584K [0x33cf0000, 0x348f0000, 0x37cf0000)
   the space 12288K,  29% used [0x33cf0000, 0x34070398, 0x34070400, 0x348f0000)
    ro space 10240K,  45% used [0x37cf0000, 0x38179b28, 0x38179c00, 0x386f0000)
    rw space 12288K,  54% used [0x386f0000, 0x38d7d0e8, 0x38d7d200, 0x392f0000)
}

