# JRE version: 7.0_25-b16
# Java VM: Java HotSpot(TM) Client VM (23.25-b01 mixed mode, sharing windows-x86 )
Heap
 def new generation   total 4928K, used 2829K [0x23cf0000, 0x24240000, 0x29240000)
  eden space 4416K,  64% used [0x23cf0000, 0x23fb2f90, 0x24140000)
  from space 512K,   0% used [0x241c0000, 0x241c05c8, 0x24240000)
  to   space 512K,   0% used [0x24140000, 0x24140000, 0x241c0000)
 tenured generation   total 10944K, used 9842K [0x29240000, 0x29cf0000, 0x33cf0000)
   the space 10944K,  89% used [0x29240000, 0x29bdca30, 0x29bdcc00, 0x29cf0000)
 compacting perm gen  total 12288K, used 3063K [0x33cf0000, 0x348f0000, 0x37cf0000)
   the space 12288K,  24% used [0x33cf0000, 0x33fede80, 0x33fee000, 0x348f0000)
    ro space 10240K,  45% used [0x37cf0000, 0x38179b28, 0x38179c00, 0x386f0000)
    rw space 12288K,  54% used [0x386f0000, 0x38d7d0e8, 0x38d7d200, 0x392f0000)
GC Heap History (10 events):
Event: 48.332 GC heap before
{Heap before GC invocations=366 (full 0):
 def new generation   total 4928K, used 4418K [0x23cf0000, 0x24240000, 0x29240000)
  eden space 4416K, 100% used [0x23cf0000, 0x24140000, 0x24140000)
  from space 512K,   0% used [0x24140000, 0x24140ac0, 0x241c0000)
  to   space 512K,   0% used [0x241c0000, 0x241c0000, 0x24240000)
 tenured generation   total 10944K, used 9842K [0x29240000, 0x29cf0000, 0x33cf0000)
   the space 10944K,  89% used [0x29240000, 0x29bdca30, 0x29bdcc00, 0x29cf0000)
 compacting perm gen  total 12288K, used 3061K [0x33cf0000, 0x348f0000, 0x37cf0000)
   the space 12288K,  24% used [0x33cf0000, 0x33fed540, 0x33fed600, 0x348f0000)
    ro space 10240K,  45% used [0x37cf0000, 0x38179b28, 0x38179c00, 0x386f0000)
    rw space 12288K,  54% used [0x386f0000, 0x38d7d0e8, 0x38d7d200, 0x392f0000)
Event: 48.332 GC heap after
Heap after GC invocations=367 (full 0):
 def new generation   total 4928K, used 1K [0x23cf0000, 0x24240000, 0x29240000)
  eden space 4416K,   0% used [0x23cf0000, 0x23cf0000, 0x24140000)
  from space 512K,   0% used [0x241c0000, 0x241c0710, 0x24240000)
  to   space 512K,   0% used [0x24140000, 0x24140000, 0x241c0000)
 tenured generation   total 10944K, used 9842K [0x29240000, 0x29cf0000, 0x33cf0000)
   the space 10944K,  89% used [0x29240000, 0x29bdca30, 0x29bdcc00, 0x29cf0000)
 compacting perm gen  total 12288K, used 3061K [0x33cf0000, 0x348f0000, 0x37cf0000)
   the space 12288K,  24% used [0x33cf0000, 0x33fed540, 0x33fed600, 0x348f0000)
    ro space 10240K,  45% used [0x37cf0000, 0x38179b28, 0x38179c00, 0x386f0000)
    rw space 12288K,  54% used [0x386f0000, 0x38d7d0e8, 0x38d7d200, 0x392f0000)
}
Event: 48.456 GC heap before
{Heap before GC invocations=367 (full 0):
 def new generation   total 4928K, used 4417K [0x23cf0000, 0x24240000, 0x29240000)
  eden space 4416K, 100% used [0x23cf0000, 0x24140000, 0x24140000)
  from space 512K,   0% used [0x241c0000, 0x241c0710, 0x24240000)
  to   space 512K,   0% used [0x24140000, 0x24140000, 0x241c0000)
 tenured generation   total 10944K, used 9842K [0x29240000, 0x29cf0000, 0x33cf0000)
   the space 10944K,  89% used [0x29240000, 0x29bdca30, 0x29bdcc00, 0x29cf0000)
 compacting perm gen  total 12288K, used 3061K [0x33cf0000, 0x348f0000, 0x37cf0000)
   the space 12288K,  24% used [0x33cf0000, 0x33fed540, 0x33fed600, 0x348f0000)
    ro space 10240K,  45% used [0x37cf0000, 0x38179b28, 0x38179c00, 0x386f0000)
    rw space 12288K,  54% used [0x386f0000, 0x38d7d0e8, 0x38d7d200, 0x392f0000)
Event: 48.456 GC heap after
Heap after GC invocations=368 (full 0):
 def new generation   total 4928K, used 1K [0x23cf0000, 0x24240000, 0x29240000)
  eden space 4416K,   0% used [0x23cf0000, 0x23cf0000, 0x24140000)
  from space 512K,   0% used [0x24140000, 0x24140720, 0x241c0000)
  to   space 512K,   0% used [0x241c0000, 0x241c0000, 0x24240000)
 tenured generation   total 10944K, used 9842K [0x29240000, 0x29cf0000, 0x33cf0000)
   the space 10944K,  89% used [0x29240000, 0x29bdca30, 0x29bdcc00, 0x29cf0000)
 compacting perm gen  total 12288K, used 3061K [0x33cf0000, 0x348f0000, 0x37cf0000)
   the space 12288K,  24% used [0x33cf0000, 0x33fed540, 0x33fed600, 0x348f0000)
    ro space 10240K,  45% used [0x37cf0000, 0x38179b28, 0x38179c00, 0x386f0000)
    rw space 12288K,  54% used [0x386f0000, 0x38d7d0e8, 0x38d7d200, 0x392f0000)
}
Event: 48.578 GC heap before
{Heap before GC invocations=368 (full 0):
 def new generation   total 4928K, used 4417K [0x23cf0000, 0x24240000, 0x29240000)
  eden space 4416K, 100% used [0x23cf0000, 0x24140000, 0x24140000)
  from space 512K,   0% used [0x24140000, 0x24140720, 0x241c0000)
  to   space 512K,   0% used [0x241c0000, 0x241c0000, 0x24240000)
 tenured generation   total 10944K, used 9842K [0x29240000, 0x29cf0000, 0x33cf0000)
   the space 10944K,  89% used [0x29240000, 0x29bdca30, 0x29bdcc00, 0x29cf0000)
 compacting perm gen  total 12288K, used 3061K [0x33cf0000, 0x348f0000, 0x37cf0000)
   the space 12288K,  24% used [0x33cf0000, 0x33fed540, 0x33fed600, 0x348f0000)
    ro space 10240K,  45% used [0x37cf0000, 0x38179b28, 0x38179c00, 0x386f0000)
    rw space 12288K,  54% used [0x386f0000, 0x38d7d0e8, 0x38d7d200, 0x392f0000)
Event: 48.578 GC heap after
Heap after GC invocations=369 (full 0):
 def new generation   total 4928K, used 1K [0x23cf0000, 0x24240000, 0x29240000)
  eden space 4416K,   0% used [0x23cf0000, 0x23cf0000, 0x24140000)
  from space 512K,   0% used [0x241c0000, 0x241c0720, 0x24240000)
  to   space 512K,   0% used [0x24140000, 0x24140000, 0x241c0000)
 tenured generation   total 10944K, used 9842K [0x29240000, 0x29cf0000, 0x33cf0000)
   the space 10944K,  89% used [0x29240000, 0x29bdca30, 0x29bdcc00, 0x29cf0000)
 compacting perm gen  total 12288K, used 3061K [0x33cf0000, 0x348f0000, 0x37cf0000)
   the space 12288K,  24% used [0x33cf0000, 0x33fed540, 0x33fed600, 0x348f0000)
    ro space 10240K,  45% used [0x37cf0000, 0x38179b28, 0x38179c00, 0x386f0000)
    rw space 12288K,  54% used [0x386f0000, 0x38d7d0e8, 0x38d7d200, 0x392f0000)
}
Event: 48.701 GC heap before
{Heap before GC invocations=369 (full 0):
 def new generation   total 4928K, used 4417K [0x23cf0000, 0x24240000, 0x29240000)
  eden space 4416K, 100% used [0x23cf0000, 0x24140000, 0x24140000)
  from space 512K,   0% used [0x241c0000, 0x241c0720, 0x24240000)
  to   space 512K,   0% used [0x24140000, 0x24140000, 0x241c0000)
 tenured generation   total 10944K, used 9842K [0x29240000, 0x29cf0000, 0x33cf0000)
   the space 10944K,  89% used [0x29240000, 0x29bdca30, 0x29bdcc00, 0x29cf0000)
 compacting perm gen  total 12288K, used 3061K [0x33cf0000, 0x348f0000, 0x37cf0000)
   the space 12288K,  24% used [0x33cf0000, 0x33fed550, 0x33fed600, 0x348f0000)
    ro space 10240K,  45% used [0x37cf0000, 0x38179b28, 0x38179c00, 0x386f0000)
    rw space 12288K,  54% used [0x386f0000, 0x38d7d0e8, 0x38d7d200, 0x392f0000)
Event: 48.702 GC heap after
Heap after GC invocations=370 (full 0):
 def new generation   total 4928K, used 1K [0x23cf0000, 0x24240000, 0x29240000)
  eden space 4416K,   0% used [0x23cf0000, 0x23cf0000, 0x24140000)
  from space 512K,   0% used [0x24140000, 0x241405a8, 0x241c0000)
  to   space 512K,   0% used [0x241c0000, 0x241c0000, 0x24240000)
 tenured generation   total 10944K, used 9842K [0x29240000, 0x29cf0000, 0x33cf0000)
   the space 10944K,  89% used [0x29240000, 0x29bdca30, 0x29bdcc00, 0x29cf0000)
 compacting perm gen  total 12288K, used 3061K [0x33cf0000, 0x348f0000, 0x37cf0000)
   the space 12288K,  24% used [0x33cf0000, 0x33fed550, 0x33fed600, 0x348f0000)
    ro space 10240K,  45% used [0x37cf0000, 0x38179b28, 0x38179c00, 0x386f0000)
    rw space 12288K,  54% used [0x386f0000, 0x38d7d0e8, 0x38d7d200, 0x392f0000)
}
Event: 48.821 GC heap before
{Heap before GC invocations=370 (full 0):
 def new generation   total 4928K, used 4417K [0x23cf0000, 0x24240000, 0x29240000)
  eden space 4416K, 100% used [0x23cf0000, 0x24140000, 0x24140000)
  from space 512K,   0% used [0x24140000, 0x241405a8, 0x241c0000)
  to   space 512K,   0% used [0x241c0000, 0x241c0000, 0x24240000)
 tenured generation   total 10944K, used 9842K [0x29240000, 0x29cf0000, 0x33cf0000)
   the space 10944K,  89% used [0x29240000, 0x29bdca30, 0x29bdcc00, 0x29cf0000)
 compacting perm gen  total 12288K, used 3061K [0x33cf0000, 0x348f0000, 0x37cf0000)
   the space 12288K,  24% used [0x33cf0000, 0x33fed550, 0x33fed600, 0x348f0000)
    ro space 10240K,  45% used [0x37cf0000, 0x38179b28, 0x38179c00, 0x386f0000)
    rw space 12288K,  54% used [0x386f0000, 0x38d7d0e8, 0x38d7d200, 0x392f0000)
Event: 48.822 GC heap after
Heap after GC invocations=371 (full 0):
 def new generation   total 4928K, used 1K [0x23cf0000, 0x24240000, 0x29240000)
  eden space 4416K,   0% used [0x23cf0000, 0x23cf0000, 0x24140000)
  from space 512K,   0% used [0x241c0000, 0x241c05c8, 0x24240000)
  to   space 512K,   0% used [0x24140000, 0x24140000, 0x241c0000)
 tenured generation   total 10944K, used 9842K [0x29240000, 0x29cf0000, 0x33cf0000)
   the space 10944K,  89% used [0x29240000, 0x29bdca30, 0x29bdcc00, 0x29cf0000)
 compacting perm gen  total 12288K, used 3061K [0x33cf0000, 0x348f0000, 0x37cf0000)
   the space 12288K,  24% used [0x33cf0000, 0x33fed550, 0x33fed600, 0x348f0000)
    ro space 10240K,  45% used [0x37cf0000, 0x38179b28, 0x38179c00, 0x386f0000)
    rw space 12288K,  54% used [0x386f0000, 0x38d7d0e8, 0x38d7d200, 0x392f0000)
}

