# JRE version: 7.0_25-b16
# Java VM: Java HotSpot(TM) Client VM (23.25-b01 mixed mode, sharing windows-x86 )
Heap
 def new generation   total 4928K, used 601K [0x23cf0000, 0x24240000, 0x29240000)
  eden space 4416K,  13% used [0x23cf0000, 0x23d85df8, 0x24140000)
  from space 512K,   0% used [0x241c0000, 0x241c0718, 0x24240000)
  to   space 512K,   0% used [0x24140000, 0x24140000, 0x241c0000)
 tenured generation   total 10944K, used 9855K [0x29240000, 0x29cf0000, 0x33cf0000)
   the space 10944K,  90% used [0x29240000, 0x29bdfda8, 0x29bdfe00, 0x29cf0000)
 compacting perm gen  total 12288K, used 3106K [0x33cf0000, 0x348f0000, 0x37cf0000)
   the space 12288K,  25% used [0x33cf0000, 0x33ff8ac0, 0x33ff8c00, 0x348f0000)
    ro space 10240K,  45% used [0x37cf0000, 0x38179b28, 0x38179c00, 0x386f0000)
    rw space 12288K,  54% used [0x386f0000, 0x38d7d0e8, 0x38d7d200, 0x392f0000)
GC Heap History (10 events):
Event: 23.717 GC heap before
{Heap before GC invocations=164 (full 0):
 def new generation   total 4928K, used 4419K [0x23cf0000, 0x24240000, 0x29240000)
  eden space 4416K, 100% used [0x23cf0000, 0x24140000, 0x24140000)
  from space 512K,   0% used [0x24140000, 0x24140fe0, 0x241c0000)
  to   space 512K,   0% used [0x241c0000, 0x241c0000, 0x24240000)
 tenured generation   total 10944K, used 9855K [0x29240000, 0x29cf0000, 0x33cf0000)
   the space 10944K,  90% used [0x29240000, 0x29bdfda8, 0x29bdfe00, 0x29cf0000)
 compacting perm gen  total 12288K, used 3104K [0x33cf0000, 0x348f0000, 0x37cf0000)
   the space 12288K,  25% used [0x33cf0000, 0x33ff8140, 0x33ff8200, 0x348f0000)
    ro space 10240K,  45% used [0x37cf0000, 0x38179b28, 0x38179c00, 0x386f0000)
    rw space 12288K,  54% used [0x386f0000, 0x38d7d0e8, 0x38d7d200, 0x392f0000)
Event: 23.717 GC heap after
Heap after GC invocations=165 (full 0):
 def new generation   total 4928K, used 4K [0x23cf0000, 0x24240000, 0x29240000)
  eden space 4416K,   0% used [0x23cf0000, 0x23cf0000, 0x24140000)
  from space 512K,   0% used [0x241c0000, 0x241c1148, 0x24240000)
  to   space 512K,   0% used [0x24140000, 0x24140000, 0x241c0000)
 tenured generation   total 10944K, used 9855K [0x29240000, 0x29cf0000, 0x33cf0000)
   the space 10944K,  90% used [0x29240000, 0x29bdfda8, 0x29bdfe00, 0x29cf0000)
 compacting perm gen  total 12288K, used 3104K [0x33cf0000, 0x348f0000, 0x37cf0000)
   the space 12288K,  25% used [0x33cf0000, 0x33ff8140, 0x33ff8200, 0x348f0000)
    ro space 10240K,  45% used [0x37cf0000, 0x38179b28, 0x38179c00, 0x386f0000)
    rw space 12288K,  54% used [0x386f0000, 0x38d7d0e8, 0x38d7d200, 0x392f0000)
}
Event: 23.842 GC heap before
{Heap before GC invocations=165 (full 0):
 def new generation   total 4928K, used 4420K [0x23cf0000, 0x24240000, 0x29240000)
  eden space 4416K, 100% used [0x23cf0000, 0x24140000, 0x24140000)
  from space 512K,   0% used [0x241c0000, 0x241c1148, 0x24240000)
  to   space 512K,   0% used [0x24140000, 0x24140000, 0x241c0000)
 tenured generation   total 10944K, used 9855K [0x29240000, 0x29cf0000, 0x33cf0000)
   the space 10944K,  90% used [0x29240000, 0x29bdfda8, 0x29bdfe00, 0x29cf0000)
 compacting perm gen  total 12288K, used 3104K [0x33cf0000, 0x348f0000, 0x37cf0000)
   the space 12288K,  25% used [0x33cf0000, 0x33ff8150, 0x33ff8200, 0x348f0000)
    ro space 10240K,  45% used [0x37cf0000, 0x38179b28, 0x38179c00, 0x386f0000)
    rw space 12288K,  54% used [0x386f0000, 0x38d7d0e8, 0x38d7d200, 0x392f0000)
Event: 23.843 GC heap after
Heap after GC invocations=166 (full 0):
 def new generation   total 4928K, used 4K [0x23cf0000, 0x24240000, 0x29240000)
  eden space 4416K,   0% used [0x23cf0000, 0x23cf0000, 0x24140000)
  from space 512K,   0% used [0x24140000, 0x24141128, 0x241c0000)
  to   space 512K,   0% used [0x241c0000, 0x241c0000, 0x24240000)
 tenured generation   total 10944K, used 9855K [0x29240000, 0x29cf0000, 0x33cf0000)
   the space 10944K,  90% used [0x29240000, 0x29bdfda8, 0x29bdfe00, 0x29cf0000)
 compacting perm gen  total 12288K, used 3104K [0x33cf0000, 0x348f0000, 0x37cf0000)
   the space 12288K,  25% used [0x33cf0000, 0x33ff8150, 0x33ff8200, 0x348f0000)
    ro space 10240K,  45% used [0x37cf0000, 0x38179b28, 0x38179c00, 0x386f0000)
    rw space 12288K,  54% used [0x386f0000, 0x38d7d0e8, 0x38d7d200, 0x392f0000)
}
Event: 23.966 GC heap before
{Heap before GC invocations=166 (full 0):
 def new generation   total 4928K, used 4420K [0x23cf0000, 0x24240000, 0x29240000)
  eden space 4416K, 100% used [0x23cf0000, 0x24140000, 0x24140000)
  from space 512K,   0% used [0x24140000, 0x24141128, 0x241c0000)
  to   space 512K,   0% used [0x241c0000, 0x241c0000, 0x24240000)
 tenured generation   total 10944K, used 9855K [0x29240000, 0x29cf0000, 0x33cf0000)
   the space 10944K,  90% used [0x29240000, 0x29bdfda8, 0x29bdfe00, 0x29cf0000)
 compacting perm gen  total 12288K, used 3104K [0x33cf0000, 0x348f0000, 0x37cf0000)
   the space 12288K,  25% used [0x33cf0000, 0x33ff8190, 0x33ff8200, 0x348f0000)
    ro space 10240K,  45% used [0x37cf0000, 0x38179b28, 0x38179c00, 0x386f0000)
    rw space 12288K,  54% used [0x386f0000, 0x38d7d0e8, 0x38d7d200, 0x392f0000)
Event: 23.966 GC heap after
Heap after GC invocations=167 (full 0):
 def new generation   total 4928K, used 3K [0x23cf0000, 0x24240000, 0x29240000)
  eden space 4416K,   0% used [0x23cf0000, 0x23cf0000, 0x24140000)
  from space 512K,   0% used [0x241c0000, 0x241c0fb0, 0x24240000)
  to   space 512K,   0% used [0x24140000, 0x24140000, 0x241c0000)
 tenured generation   total 10944K, used 9855K [0x29240000, 0x29cf0000, 0x33cf0000)
   the space 10944K,  90% used [0x29240000, 0x29bdfda8, 0x29bdfe00, 0x29cf0000)
 compacting perm gen  total 12288K, used 3104K [0x33cf0000, 0x348f0000, 0x37cf0000)
   the space 12288K,  25% used [0x33cf0000, 0x33ff8190, 0x33ff8200, 0x348f0000)
    ro space 10240K,  45% used [0x37cf0000, 0x38179b28, 0x38179c00, 0x386f0000)
    rw space 12288K,  54% used [0x386f0000, 0x38d7d0e8, 0x38d7d200, 0x392f0000)
}
Event: 24.088 GC heap before
{Heap before GC invocations=167 (full 0):
 def new generation   total 4928K, used 4419K [0x23cf0000, 0x24240000, 0x29240000)
  eden space 4416K, 100% used [0x23cf0000, 0x24140000, 0x24140000)
  from space 512K,   0% used [0x241c0000, 0x241c0fb0, 0x24240000)
  to   space 512K,   0% used [0x24140000, 0x24140000, 0x241c0000)
 tenured generation   total 10944K, used 9855K [0x29240000, 0x29cf0000, 0x33cf0000)
   the space 10944K,  90% used [0x29240000, 0x29bdfda8, 0x29bdfe00, 0x29cf0000)
 compacting perm gen  total 12288K, used 3104K [0x33cf0000, 0x348f0000, 0x37cf0000)
   the space 12288K,  25% used [0x33cf0000, 0x33ff8190, 0x33ff8200, 0x348f0000)
    ro space 10240K,  45% used [0x37cf0000, 0x38179b28, 0x38179c00, 0x386f0000)
    rw space 12288K,  54% used [0x386f0000, 0x38d7d0e8, 0x38d7d200, 0x392f0000)
Event: 24.088 GC heap after
Heap after GC invocations=168 (full 0):
 def new generation   total 4928K, used 0K [0x23cf0000, 0x24240000, 0x29240000)
  eden space 4416K,   0% used [0x23cf0000, 0x23cf0000, 0x24140000)
  from space 512K,   0% used [0x24140000, 0x24140210, 0x241c0000)
  to   space 512K,   0% used [0x241c0000, 0x241c0000, 0x24240000)
 tenured generation   total 10944K, used 9855K [0x29240000, 0x29cf0000, 0x33cf0000)
   the space 10944K,  90% used [0x29240000, 0x29bdfda8, 0x29bdfe00, 0x29cf0000)
 compacting perm gen  total 12288K, used 3104K [0x33cf0000, 0x348f0000, 0x37cf0000)
   the space 12288K,  25% used [0x33cf0000, 0x33ff8190, 0x33ff8200, 0x348f0000)
    ro space 10240K,  45% used [0x37cf0000, 0x38179b28, 0x38179c00, 0x386f0000)
    rw space 12288K,  54% used [0x386f0000, 0x38d7d0e8, 0x38d7d200, 0x392f0000)
}
Event: 24.210 GC heap before
{Heap before GC invocations=168 (full 0):
 def new generation   total 4928K, used 4416K [0x23cf0000, 0x24240000, 0x29240000)
  eden space 4416K, 100% used [0x23cf0000, 0x24140000, 0x24140000)
  from space 512K,   0% used [0x24140000, 0x24140210, 0x241c0000)
  to   space 512K,   0% used [0x241c0000, 0x241c0000, 0x24240000)
 tenured generation   total 10944K, used 9855K [0x29240000, 0x29cf0000, 0x33cf0000)
   the space 10944K,  90% used [0x29240000, 0x29bdfda8, 0x29bdfe00, 0x29cf0000)
 compacting perm gen  total 12288K, used 3104K [0x33cf0000, 0x348f0000, 0x37cf0000)
   the space 12288K,  25% used [0x33cf0000, 0x33ff8190, 0x33ff8200, 0x348f0000)
    ro space 10240K,  45% used [0x37cf0000, 0x38179b28, 0x38179c00, 0x386f0000)
    rw space 12288K,  54% used [0x386f0000, 0x38d7d0e8, 0x38d7d200, 0x392f0000)
Event: 24.211 GC heap after
Heap after GC invocations=169 (full 0):
 def new generation   total 4928K, used 1K [0x23cf0000, 0x24240000, 0x29240000)
  eden space 4416K,   0% used [0x23cf0000, 0x23cf0000, 0x24140000)
  from space 512K,   0% used [0x241c0000, 0x241c0718, 0x24240000)
  to   space 512K,   0% used [0x24140000, 0x24140000, 0x241c0000)
 tenured generation   total 10944K, used 9855K [0x29240000, 0x29cf0000, 0x33cf0000)
   the space 10944K,  90% used [0x29240000, 0x29bdfda8, 0x29bdfe00, 0x29cf0000)
 compacting perm gen  total 12288K, used 3104K [0x33cf0000, 0x348f0000, 0x37cf0000)
   the space 12288K,  25% used [0x33cf0000, 0x33ff8190, 0x33ff8200, 0x348f0000)
    ro space 10240K,  45% used [0x37cf0000, 0x38179b28, 0x38179c00, 0x386f0000)
    rw space 12288K,  54% used [0x386f0000, 0x38d7d0e8, 0x38d7d200, 0x392f0000)
}

