# JRE version: 7.0_25-b16
# Java VM: Java HotSpot(TM) Client VM (23.25-b01 mixed mode, sharing windows-x86 )
Heap
 def new generation   total 8960K, used 8010K [0x23cf0000, 0x246a0000, 0x29240000)
  eden space 8000K,  98% used [0x23cf0000, 0x2449afb8, 0x244c0000)
  from space 960K,  16% used [0x245b0000, 0x245d7b68, 0x246a0000)
  to   space 960K,   0% used [0x244c0000, 0x244c0000, 0x245b0000)
 tenured generation   total 19732K, used 18692K [0x29240000, 0x2a585000, 0x33cf0000)
   the space 19732K,  94% used [0x29240000, 0x2a4813f0, 0x2a481400, 0x2a585000)
 compacting perm gen  total 12288K, used 3585K [0x33cf0000, 0x348f0000, 0x37cf0000)
   the space 12288K,  29% used [0x33cf0000, 0x340705d0, 0x34070600, 0x348f0000)
    ro space 10240K,  45% used [0x37cf0000, 0x38179b28, 0x38179c00, 0x386f0000)
    rw space 12288K,  54% used [0x386f0000, 0x38d7d0e8, 0x38d7d200, 0x392f0000)
GC Heap History (10 events):
Event: 20.992 GC heap before
{Heap before GC invocations=162 (full 1):
 def new generation   total 8960K, used 8166K [0x23cf0000, 0x246a0000, 0x29240000)
  eden space 8000K, 100% used [0x23cf0000, 0x244c0000, 0x244c0000)
  from space 960K,  17% used [0x244c0000, 0x244e99f8, 0x245b0000)
  to   space 960K,   0% used [0x245b0000, 0x245b0000, 0x246a0000)
 tenured generation   total 19732K, used 18634K [0x29240000, 0x2a585000, 0x33cf0000)
   the space 19732K,  94% used [0x29240000, 0x2a472ac0, 0x2a472c00, 0x2a585000)
 compacting perm gen  total 12288K, used 3563K [0x33cf0000, 0x348f0000, 0x37cf0000)
   the space 12288K,  28% used [0x33cf0000, 0x3406ace8, 0x3406ae00, 0x348f0000)
    ro space 10240K,  45% used [0x37cf0000, 0x38179b28, 0x38179c00, 0x386f0000)
    rw space 12288K,  54% used [0x386f0000, 0x38d7d0e8, 0x38d7d200, 0x392f0000)
Event: 20.992 GC heap after
Heap after GC invocations=163 (full 1):
 def new generation   total 8960K, used 168K [0x23cf0000, 0x246a0000, 0x29240000)
  eden space 8000K,   0% used [0x23cf0000, 0x23cf0000, 0x244c0000)
  from space 960K,  17% used [0x245b0000, 0x245da310, 0x246a0000)
  to   space 960K,   0% used [0x244c0000, 0x244c0000, 0x245b0000)
 tenured generation   total 19732K, used 18642K [0x29240000, 0x2a585000, 0x33cf0000)
   the space 19732K,  94% used [0x29240000, 0x2a474988, 0x2a474a00, 0x2a585000)
 compacting perm gen  total 12288K, used 3563K [0x33cf0000, 0x348f0000, 0x37cf0000)
   the space 12288K,  28% used [0x33cf0000, 0x3406ace8, 0x3406ae00, 0x348f0000)
    ro space 10240K,  45% used [0x37cf0000, 0x38179b28, 0x38179c00, 0x386f0000)
    rw space 12288K,  54% used [0x386f0000, 0x38d7d0e8, 0x38d7d200, 0x392f0000)
}
Event: 21.055 GC heap before
{Heap before GC invocations=163 (full 1):
 def new generation   total 8960K, used 8168K [0x23cf0000, 0x246a0000, 0x29240000)
  eden space 8000K, 100% used [0x23cf0000, 0x244c0000, 0x244c0000)
  from space 960K,  17% used [0x245b0000, 0x245da310, 0x246a0000)
  to   space 960K,   0% used [0x244c0000, 0x244c0000, 0x245b0000)
 tenured generation   total 19732K, used 18642K [0x29240000, 0x2a585000, 0x33cf0000)
   the space 19732K,  94% used [0x29240000, 0x2a474988, 0x2a474a00, 0x2a585000)
 compacting perm gen  total 12288K, used 3563K [0x33cf0000, 0x348f0000, 0x37cf0000)
   the space 12288K,  28% used [0x33cf0000, 0x3406ace8, 0x3406ae00, 0x348f0000)
    ro space 10240K,  45% used [0x37cf0000, 0x38179b28, 0x38179c00, 0x386f0000)
    rw space 12288K,  54% used [0x386f0000, 0x38d7d0e8, 0x38d7d200, 0x392f0000)
Event: 21.056 GC heap after
Heap after GC invocations=164 (full 1):
 def new generation   total 8960K, used 163K [0x23cf0000, 0x246a0000, 0x29240000)
  eden space 8000K,   0% used [0x23cf0000, 0x23cf0000, 0x244c0000)
  from space 960K,  17% used [0x244c0000, 0x244e8d70, 0x245b0000)
  to   space 960K,   0% used [0x245b0000, 0x245b0000, 0x246a0000)
 tenured generation   total 19732K, used 18658K [0x29240000, 0x2a585000, 0x33cf0000)
   the space 19732K,  94% used [0x29240000, 0x2a4788b8, 0x2a478a00, 0x2a585000)
 compacting perm gen  total 12288K, used 3563K [0x33cf0000, 0x348f0000, 0x37cf0000)
   the space 12288K,  28% used [0x33cf0000, 0x3406ace8, 0x3406ae00, 0x348f0000)
    ro space 10240K,  45% used [0x37cf0000, 0x38179b28, 0x38179c00, 0x386f0000)
    rw space 12288K,  54% used [0x386f0000, 0x38d7d0e8, 0x38d7d200, 0x392f0000)
}
Event: 21.112 GC heap before
{Heap before GC invocations=164 (full 1):
 def new generation   total 8960K, used 8163K [0x23cf0000, 0x246a0000, 0x29240000)
  eden space 8000K, 100% used [0x23cf0000, 0x244c0000, 0x244c0000)
  from space 960K,  17% used [0x244c0000, 0x244e8d70, 0x245b0000)
  to   space 960K,   0% used [0x245b0000, 0x245b0000, 0x246a0000)
 tenured generation   total 19732K, used 18658K [0x29240000, 0x2a585000, 0x33cf0000)
   the space 19732K,  94% used [0x29240000, 0x2a4788b8, 0x2a478a00, 0x2a585000)
 compacting perm gen  total 12288K, used 3563K [0x33cf0000, 0x348f0000, 0x37cf0000)
   the space 12288K,  28% used [0x33cf0000, 0x3406ace8, 0x3406ae00, 0x348f0000)
    ro space 10240K,  45% used [0x37cf0000, 0x38179b28, 0x38179c00, 0x386f0000)
    rw space 12288K,  54% used [0x386f0000, 0x38d7d0e8, 0x38d7d200, 0x392f0000)
Event: 21.113 GC heap after
Heap after GC invocations=165 (full 1):
 def new generation   total 8960K, used 168K [0x23cf0000, 0x246a0000, 0x29240000)
  eden space 8000K,   0% used [0x23cf0000, 0x23cf0000, 0x244c0000)
  from space 960K,  17% used [0x245b0000, 0x245da328, 0x246a0000)
  to   space 960K,   0% used [0x244c0000, 0x244c0000, 0x245b0000)
 tenured generation   total 19732K, used 18663K [0x29240000, 0x2a585000, 0x33cf0000)
   the space 19732K,  94% used [0x29240000, 0x2a479c98, 0x2a479e00, 0x2a585000)
 compacting perm gen  total 12288K, used 3563K [0x33cf0000, 0x348f0000, 0x37cf0000)
   the space 12288K,  28% used [0x33cf0000, 0x3406ace8, 0x3406ae00, 0x348f0000)
    ro space 10240K,  45% used [0x37cf0000, 0x38179b28, 0x38179c00, 0x386f0000)
    rw space 12288K,  54% used [0x386f0000, 0x38d7d0e8, 0x38d7d200, 0x392f0000)
}
Event: 21.172 GC heap before
{Heap before GC invocations=165 (full 1):
 def new generation   total 8960K, used 8168K [0x23cf0000, 0x246a0000, 0x29240000)
  eden space 8000K, 100% used [0x23cf0000, 0x244c0000, 0x244c0000)
  from space 960K,  17% used [0x245b0000, 0x245da328, 0x246a0000)
  to   space 960K,   0% used [0x244c0000, 0x244c0000, 0x245b0000)
 tenured generation   total 19732K, used 18663K [0x29240000, 0x2a585000, 0x33cf0000)
   the space 19732K,  94% used [0x29240000, 0x2a479c98, 0x2a479e00, 0x2a585000)
 compacting perm gen  total 12288K, used 3563K [0x33cf0000, 0x348f0000, 0x37cf0000)
   the space 12288K,  28% used [0x33cf0000, 0x3406ace8, 0x3406ae00, 0x348f0000)
    ro space 10240K,  45% used [0x37cf0000, 0x38179b28, 0x38179c00, 0x386f0000)
    rw space 12288K,  54% used [0x386f0000, 0x38d7d0e8, 0x38d7d200, 0x392f0000)
Event: 21.172 GC heap after
Heap after GC invocations=166 (full 1):
 def new generation   total 8960K, used 163K [0x23cf0000, 0x246a0000, 0x29240000)
  eden space 8000K,   0% used [0x23cf0000, 0x23cf0000, 0x244c0000)
  from space 960K,  17% used [0x244c0000, 0x244e8f10, 0x245b0000)
  to   space 960K,   0% used [0x245b0000, 0x245b0000, 0x246a0000)
 tenured generation   total 19732K, used 18678K [0x29240000, 0x2a585000, 0x33cf0000)
   the space 19732K,  94% used [0x29240000, 0x2a47d838, 0x2a47da00, 0x2a585000)
 compacting perm gen  total 12288K, used 3563K [0x33cf0000, 0x348f0000, 0x37cf0000)
   the space 12288K,  28% used [0x33cf0000, 0x3406ace8, 0x3406ae00, 0x348f0000)
    ro space 10240K,  45% used [0x37cf0000, 0x38179b28, 0x38179c00, 0x386f0000)
    rw space 12288K,  54% used [0x386f0000, 0x38d7d0e8, 0x38d7d200, 0x392f0000)
}
Event: 21.238 GC heap before
{Heap before GC invocations=166 (full 1):
 def new generation   total 8960K, used 8163K [0x23cf0000, 0x246a0000, 0x29240000)
  eden space 8000K, 100% used [0x23cf0000, 0x244c0000, 0x244c0000)
  from space 960K,  17% used [0x244c0000, 0x244e8f10, 0x245b0000)
  to   space 960K,   0% used [0x245b0000, 0x245b0000, 0x246a0000)
 tenured generation   total 19732K, used 18678K [0x29240000, 0x2a585000, 0x33cf0000)
   the space 19732K,  94% used [0x29240000, 0x2a47d838, 0x2a47da00, 0x2a585000)
 compacting perm gen  total 12288K, used 3563K [0x33cf0000, 0x348f0000, 0x37cf0000)
   the space 12288K,  28% used [0x33cf0000, 0x3406ace8, 0x3406ae00, 0x348f0000)
    ro space 10240K,  45% used [0x37cf0000, 0x38179b28, 0x38179c00, 0x386f0000)
    rw space 12288K,  54% used [0x386f0000, 0x38d7d0e8, 0x38d7d200, 0x392f0000)
Event: 21.239 GC heap after
Heap after GC invocations=167 (full 1):
 def new generation   total 8960K, used 158K [0x23cf0000, 0x246a0000, 0x29240000)
  eden space 8000K,   0% used [0x23cf0000, 0x23cf0000, 0x244c0000)
  from space 960K,  16% used [0x245b0000, 0x245d7b68, 0x246a0000)
  to   space 960K,   0% used [0x244c0000, 0x244c0000, 0x245b0000)
 tenured generation   total 19732K, used 18692K [0x29240000, 0x2a585000, 0x33cf0000)
   the space 19732K,  94% used [0x29240000, 0x2a4813f0, 0x2a481400, 0x2a585000)
 compacting perm gen  total 12288K, used 3563K [0x33cf0000, 0x348f0000, 0x37cf0000)
   the space 12288K,  28% used [0x33cf0000, 0x3406ace8, 0x3406ae00, 0x348f0000)
    ro space 10240K,  45% used [0x37cf0000, 0x38179b28, 0x38179c00, 0x386f0000)
    rw space 12288K,  54% used [0x386f0000, 0x38d7d0e8, 0x38d7d200, 0x392f0000)
}

