# JRE version: 7.0_25-b16
# Java VM: Java HotSpot(TM) Client VM (23.25-b01 mixed mode, sharing windows-x86 )
Heap
 def new generation   total 4928K, used 1185K [0x23cf0000, 0x24240000, 0x29240000)
  eden space 4416K,  26% used [0x23cf0000, 0x23e16c30, 0x24140000)
  from space 512K,   1% used [0x24140000, 0x241418e0, 0x241c0000)
  to   space 512K,   0% used [0x241c0000, 0x241c0000, 0x24240000)
 tenured generation   total 10944K, used 9835K [0x29240000, 0x29cf0000, 0x33cf0000)
   the space 10944K,  89% used [0x29240000, 0x29bdae60, 0x29bdb000, 0x29cf0000)
 compacting perm gen  total 12288K, used 3148K [0x33cf0000, 0x348f0000, 0x37cf0000)
   the space 12288K,  25% used [0x33cf0000, 0x34003338, 0x34003400, 0x348f0000)
    ro space 10240K,  45% used [0x37cf0000, 0x38179b28, 0x38179c00, 0x386f0000)
    rw space 12288K,  54% used [0x386f0000, 0x38d7d0e8, 0x38d7d200, 0x392f0000)
GC Heap History (10 events):
Event: 3.165 GC heap before
{Heap before GC invocations=23 (full 0):
 def new generation   total 4928K, used 4422K [0x23cf0000, 0x24240000, 0x29240000)
  eden space 4416K, 100% used [0x23cf0000, 0x24140000, 0x24140000)
  from space 512K,   1% used [0x241c0000, 0x241c1878, 0x24240000)
  to   space 512K,   0% used [0x24140000, 0x24140000, 0x241c0000)
 tenured generation   total 10944K, used 9834K [0x29240000, 0x29cf0000, 0x33cf0000)
   the space 10944K,  89% used [0x29240000, 0x29bda858, 0x29bdaa00, 0x29cf0000)
 compacting perm gen  total 12288K, used 3126K [0x33cf0000, 0x348f0000, 0x37cf0000)
   the space 12288K,  25% used [0x33cf0000, 0x33ffda50, 0x33ffdc00, 0x348f0000)
    ro space 10240K,  45% used [0x37cf0000, 0x38179b28, 0x38179c00, 0x386f0000)
    rw space 12288K,  54% used [0x386f0000, 0x38d7d0e8, 0x38d7d200, 0x392f0000)
Event: 3.165 GC heap after
Heap after GC invocations=24 (full 0):
 def new generation   total 4928K, used 6K [0x23cf0000, 0x24240000, 0x29240000)
  eden space 4416K,   0% used [0x23cf0000, 0x23cf0000, 0x24140000)
  from space 512K,   1% used [0x24140000, 0x24141878, 0x241c0000)
  to   space 512K,   0% used [0x241c0000, 0x241c0000, 0x24240000)
 tenured generation   total 10944K, used 9834K [0x29240000, 0x29cf0000, 0x33cf0000)
   the space 10944K,  89% used [0x29240000, 0x29bda958, 0x29bdaa00, 0x29cf0000)
 compacting perm gen  total 12288K, used 3126K [0x33cf0000, 0x348f0000, 0x37cf0000)
   the space 12288K,  25% used [0x33cf0000, 0x33ffda50, 0x33ffdc00, 0x348f0000)
    ro space 10240K,  45% used [0x37cf0000, 0x38179b28, 0x38179c00, 0x386f0000)
    rw space 12288K,  54% used [0x386f0000, 0x38d7d0e8, 0x38d7d200, 0x392f0000)
}
Event: 3.212 GC heap before
{Heap before GC invocations=24 (full 0):
 def new generation   total 4928K, used 4422K [0x23cf0000, 0x24240000, 0x29240000)
  eden space 4416K, 100% used [0x23cf0000, 0x24140000, 0x24140000)
  from space 512K,   1% used [0x24140000, 0x24141878, 0x241c0000)
  to   space 512K,   0% used [0x241c0000, 0x241c0000, 0x24240000)
 tenured generation   total 10944K, used 9834K [0x29240000, 0x29cf0000, 0x33cf0000)
   the space 10944K,  89% used [0x29240000, 0x29bda958, 0x29bdaa00, 0x29cf0000)
 compacting perm gen  total 12288K, used 3126K [0x33cf0000, 0x348f0000, 0x37cf0000)
   the space 12288K,  25% used [0x33cf0000, 0x33ffda50, 0x33ffdc00, 0x348f0000)
    ro space 10240K,  45% used [0x37cf0000, 0x38179b28, 0x38179c00, 0x386f0000)
    rw space 12288K,  54% used [0x386f0000, 0x38d7d0e8, 0x38d7d200, 0x392f0000)
Event: 3.212 GC heap after
Heap after GC invocations=25 (full 0):
 def new generation   total 4928K, used 6K [0x23cf0000, 0x24240000, 0x29240000)
  eden space 4416K,   0% used [0x23cf0000, 0x23cf0000, 0x24140000)
  from space 512K,   1% used [0x241c0000, 0x241c1838, 0x24240000)
  to   space 512K,   0% used [0x24140000, 0x24140000, 0x241c0000)
 tenured generation   total 10944K, used 9834K [0x29240000, 0x29cf0000, 0x33cf0000)
   the space 10944K,  89% used [0x29240000, 0x29bdaad8, 0x29bdac00, 0x29cf0000)
 compacting perm gen  total 12288K, used 3126K [0x33cf0000, 0x348f0000, 0x37cf0000)
   the space 12288K,  25% used [0x33cf0000, 0x33ffda50, 0x33ffdc00, 0x348f0000)
    ro space 10240K,  45% used [0x37cf0000, 0x38179b28, 0x38179c00, 0x386f0000)
    rw space 12288K,  54% used [0x386f0000, 0x38d7d0e8, 0x38d7d200, 0x392f0000)
}
Event: 3.257 GC heap before
{Heap before GC invocations=25 (full 0):
 def new generation   total 4928K, used 4422K [0x23cf0000, 0x24240000, 0x29240000)
  eden space 4416K, 100% used [0x23cf0000, 0x24140000, 0x24140000)
  from space 512K,   1% used [0x241c0000, 0x241c1838, 0x24240000)
  to   space 512K,   0% used [0x24140000, 0x24140000, 0x241c0000)
 tenured generation   total 10944K, used 9834K [0x29240000, 0x29cf0000, 0x33cf0000)
   the space 10944K,  89% used [0x29240000, 0x29bdaad8, 0x29bdac00, 0x29cf0000)
 compacting perm gen  total 12288K, used 3126K [0x33cf0000, 0x348f0000, 0x37cf0000)
   the space 12288K,  25% used [0x33cf0000, 0x33ffda50, 0x33ffdc00, 0x348f0000)
    ro space 10240K,  45% used [0x37cf0000, 0x38179b28, 0x38179c00, 0x386f0000)
    rw space 12288K,  54% used [0x386f0000, 0x38d7d0e8, 0x38d7d200, 0x392f0000)
Event: 3.258 GC heap after
Heap after GC invocations=26 (full 0):
 def new generation   total 4928K, used 6K [0x23cf0000, 0x24240000, 0x29240000)
  eden space 4416K,   0% used [0x23cf0000, 0x23cf0000, 0x24140000)
  from space 512K,   1% used [0x24140000, 0x24141a68, 0x241c0000)
  to   space 512K,   0% used [0x241c0000, 0x241c0000, 0x24240000)
 tenured generation   total 10944K, used 9834K [0x29240000, 0x29cf0000, 0x33cf0000)
   the space 10944K,  89% used [0x29240000, 0x29bdab58, 0x29bdac00, 0x29cf0000)
 compacting perm gen  total 12288K, used 3126K [0x33cf0000, 0x348f0000, 0x37cf0000)
   the space 12288K,  25% used [0x33cf0000, 0x33ffda50, 0x33ffdc00, 0x348f0000)
    ro space 10240K,  45% used [0x37cf0000, 0x38179b28, 0x38179c00, 0x386f0000)
    rw space 12288K,  54% used [0x386f0000, 0x38d7d0e8, 0x38d7d200, 0x392f0000)
}
Event: 3.301 GC heap before
{Heap before GC invocations=26 (full 0):
 def new generation   total 4928K, used 4422K [0x23cf0000, 0x24240000, 0x29240000)
  eden space 4416K, 100% used [0x23cf0000, 0x24140000, 0x24140000)
  from space 512K,   1% used [0x24140000, 0x24141a68, 0x241c0000)
  to   space 512K,   0% used [0x241c0000, 0x241c0000, 0x24240000)
 tenured generation   total 10944K, used 9834K [0x29240000, 0x29cf0000, 0x33cf0000)
   the space 10944K,  89% used [0x29240000, 0x29bdab58, 0x29bdac00, 0x29cf0000)
 compacting perm gen  total 12288K, used 3126K [0x33cf0000, 0x348f0000, 0x37cf0000)
   the space 12288K,  25% used [0x33cf0000, 0x33ffda50, 0x33ffdc00, 0x348f0000)
    ro space 10240K,  45% used [0x37cf0000, 0x38179b28, 0x38179c00, 0x386f0000)
    rw space 12288K,  54% used [0x386f0000, 0x38d7d0e8, 0x38d7d200, 0x392f0000)
Event: 3.301 GC heap after
Heap after GC invocations=27 (full 0):
 def new generation   total 4928K, used 6K [0x23cf0000, 0x24240000, 0x29240000)
  eden space 4416K,   0% used [0x23cf0000, 0x23cf0000, 0x24140000)
  from space 512K,   1% used [0x241c0000, 0x241c18b0, 0x24240000)
  to   space 512K,   0% used [0x24140000, 0x24140000, 0x241c0000)
 tenured generation   total 10944K, used 9835K [0x29240000, 0x29cf0000, 0x33cf0000)
   the space 10944K,  89% used [0x29240000, 0x29bdad60, 0x29bdae00, 0x29cf0000)
 compacting perm gen  total 12288K, used 3126K [0x33cf0000, 0x348f0000, 0x37cf0000)
   the space 12288K,  25% used [0x33cf0000, 0x33ffda50, 0x33ffdc00, 0x348f0000)
    ro space 10240K,  45% used [0x37cf0000, 0x38179b28, 0x38179c00, 0x386f0000)
    rw space 12288K,  54% used [0x386f0000, 0x38d7d0e8, 0x38d7d200, 0x392f0000)
}
Event: 3.346 GC heap before
{Heap before GC invocations=27 (full 0):
 def new generation   total 4928K, used 4422K [0x23cf0000, 0x24240000, 0x29240000)
  eden space 4416K, 100% used [0x23cf0000, 0x24140000, 0x24140000)
  from space 512K,   1% used [0x241c0000, 0x241c18b0, 0x24240000)
  to   space 512K,   0% used [0x24140000, 0x24140000, 0x241c0000)
 tenured generation   total 10944K, used 9835K [0x29240000, 0x29cf0000, 0x33cf0000)
   the space 10944K,  89% used [0x29240000, 0x29bdad60, 0x29bdae00, 0x29cf0000)
 compacting perm gen  total 12288K, used 3126K [0x33cf0000, 0x348f0000, 0x37cf0000)
   the space 12288K,  25% used [0x33cf0000, 0x33ffda50, 0x33ffdc00, 0x348f0000)
    ro space 10240K,  45% used [0x37cf0000, 0x38179b28, 0x38179c00, 0x386f0000)
    rw space 12288K,  54% used [0x386f0000, 0x38d7d0e8, 0x38d7d200, 0x392f0000)
Event: 3.347 GC heap after
Heap after GC invocations=28 (full 0):
 def new generation   total 4928K, used 6K [0x23cf0000, 0x24240000, 0x29240000)
  eden space 4416K,   0% used [0x23cf0000, 0x23cf0000, 0x24140000)
  from space 512K,   1% used [0x24140000, 0x241418e0, 0x241c0000)
  to   space 512K,   0% used [0x241c0000, 0x241c0000, 0x24240000)
 tenured generation   total 10944K, used 9835K [0x29240000, 0x29cf0000, 0x33cf0000)
   the space 10944K,  89% used [0x29240000, 0x29bdae60, 0x29bdb000, 0x29cf0000)
 compacting perm gen  total 12288K, used 3126K [0x33cf0000, 0x348f0000, 0x37cf0000)
   the space 12288K,  25% used [0x33cf0000, 0x33ffda50, 0x33ffdc00, 0x348f0000)
    ro space 10240K,  45% used [0x37cf0000, 0x38179b28, 0x38179c00, 0x386f0000)
    rw space 12288K,  54% used [0x386f0000, 0x38d7d0e8, 0x38d7d200, 0x392f0000)
}

