# JRE version: 7.0_25-b16
# Java VM: Java HotSpot(TM) Client VM (23.25-b01 mixed mode, sharing windows-x86 )
Heap
 def new generation   total 16704K, used 8263K [0x23cf0000, 0x24f10000, 0x29240000)
  eden space 14848K,  51% used [0x23cf0000, 0x24457920, 0x24b70000)
  from space 1856K,  36% used [0x24b70000, 0x24c1a670, 0x24d40000)
  to   space 1856K,   0% used [0x24d40000, 0x24d40000, 0x24f10000)
 tenured generation   total 37036K, used 24371K [0x29240000, 0x2b66b000, 0x33cf0000)
   the space 37036K,  65% used [0x29240000, 0x2aa0cf60, 0x2aa0d000, 0x2b66b000)
 compacting perm gen  total 12288K, used 3602K [0x33cf0000, 0x348f0000, 0x37cf0000)
   the space 12288K,  29% used [0x33cf0000, 0x340749c8, 0x34074a00, 0x348f0000)
    ro space 10240K,  45% used [0x37cf0000, 0x38179b28, 0x38179c00, 0x386f0000)
    rw space 12288K,  54% used [0x386f0000, 0x38d7d0e8, 0x38d7d200, 0x392f0000)
GC Heap History (10 events):
Event: 95.581 GC heap before
{Heap before GC invocations=1520 (full 3):
 def new generation   total 16704K, used 15410K [0x23cf0000, 0x24f10000, 0x29240000)
  eden space 14848K, 100% used [0x23cf0000, 0x24b70000, 0x24b70000)
  from space 1856K,  30% used [0x24d40000, 0x24dccb58, 0x24f10000)
  to   space 1856K,   0% used [0x24b70000, 0x24b70000, 0x24d40000)
 tenured generation   total 37036K, used 24346K [0x29240000, 0x2b66b000, 0x33cf0000)
   the space 37036K,  65% used [0x29240000, 0x2aa06888, 0x2aa06a00, 0x2b66b000)
 compacting perm gen  total 12288K, used 3580K [0x33cf0000, 0x348f0000, 0x37cf0000)
   the space 12288K,  29% used [0x33cf0000, 0x3406f0e0, 0x3406f200, 0x348f0000)
    ro space 10240K,  45% used [0x37cf0000, 0x38179b28, 0x38179c00, 0x386f0000)
    rw space 12288K,  54% used [0x386f0000, 0x38d7d0e8, 0x38d7d200, 0x392f0000)
Event: 95.582 GC heap after
Heap after GC invocations=1521 (full 3):
 def new generation   total 16704K, used 452K [0x23cf0000, 0x24f10000, 0x29240000)
  eden space 14848K,   0% used [0x23cf0000, 0x23cf0000, 0x24b70000)
  from space 1856K,  24% used [0x24b70000, 0x24be1040, 0x24d40000)
  to   space 1856K,   0% used [0x24d40000, 0x24d40000, 0x24f10000)
 tenured generation   total 37036K, used 24346K [0x29240000, 0x2b66b000, 0x33cf0000)
   the space 37036K,  65% used [0x29240000, 0x2aa06888, 0x2aa06a00, 0x2b66b000)
 compacting perm gen  total 12288K, used 3580K [0x33cf0000, 0x348f0000, 0x37cf0000)
   the space 12288K,  29% used [0x33cf0000, 0x3406f0e0, 0x3406f200, 0x348f0000)
    ro space 10240K,  45% used [0x37cf0000, 0x38179b28, 0x38179c00, 0x386f0000)
    rw space 12288K,  54% used [0x386f0000, 0x38d7d0e8, 0x38d7d200, 0x392f0000)
}
Event: 95.717 GC heap before
{Heap before GC invocations=1521 (full 3):
 def new generation   total 16704K, used 15300K [0x23cf0000, 0x24f10000, 0x29240000)
  eden space 14848K, 100% used [0x23cf0000, 0x24b70000, 0x24b70000)
  from space 1856K,  24% used [0x24b70000, 0x24be1040, 0x24d40000)
  to   space 1856K,   0% used [0x24d40000, 0x24d40000, 0x24f10000)
 tenured generation   total 37036K, used 24346K [0x29240000, 0x2b66b000, 0x33cf0000)
   the space 37036K,  65% used [0x29240000, 0x2aa06888, 0x2aa06a00, 0x2b66b000)
 compacting perm gen  total 12288K, used 3580K [0x33cf0000, 0x348f0000, 0x37cf0000)
   the space 12288K,  29% used [0x33cf0000, 0x3406f0e0, 0x3406f200, 0x348f0000)
    ro space 10240K,  45% used [0x37cf0000, 0x38179b28, 0x38179c00, 0x386f0000)
    rw space 12288K,  54% used [0x386f0000, 0x38d7d0e8, 0x38d7d200, 0x392f0000)
Event: 95.718 GC heap after
Heap after GC invocations=1522 (full 3):
 def new generation   total 16704K, used 244K [0x23cf0000, 0x24f10000, 0x29240000)
  eden space 14848K,   0% used [0x23cf0000, 0x23cf0000, 0x24b70000)
  from space 1856K,  13% used [0x24d40000, 0x24d7d300, 0x24f10000)
  to   space 1856K,   0% used [0x24b70000, 0x24b70000, 0x24d40000)
 tenured generation   total 37036K, used 24346K [0x29240000, 0x2b66b000, 0x33cf0000)
   the space 37036K,  65% used [0x29240000, 0x2aa06888, 0x2aa06a00, 0x2b66b000)
 compacting perm gen  total 12288K, used 3580K [0x33cf0000, 0x348f0000, 0x37cf0000)
   the space 12288K,  29% used [0x33cf0000, 0x3406f0e0, 0x3406f200, 0x348f0000)
    ro space 10240K,  45% used [0x37cf0000, 0x38179b28, 0x38179c00, 0x386f0000)
    rw space 12288K,  54% used [0x386f0000, 0x38d7d0e8, 0x38d7d200, 0x392f0000)
}
Event: 95.827 GC heap before
{Heap before GC invocations=1522 (full 3):
 def new generation   total 16704K, used 15092K [0x23cf0000, 0x24f10000, 0x29240000)
  eden space 14848K, 100% used [0x23cf0000, 0x24b70000, 0x24b70000)
  from space 1856K,  13% used [0x24d40000, 0x24d7d300, 0x24f10000)
  to   space 1856K,   0% used [0x24b70000, 0x24b70000, 0x24d40000)
 tenured generation   total 37036K, used 24346K [0x29240000, 0x2b66b000, 0x33cf0000)
   the space 37036K,  65% used [0x29240000, 0x2aa06888, 0x2aa06a00, 0x2b66b000)
 compacting perm gen  total 12288K, used 3580K [0x33cf0000, 0x348f0000, 0x37cf0000)
   the space 12288K,  29% used [0x33cf0000, 0x3406f0e0, 0x3406f200, 0x348f0000)
    ro space 10240K,  45% used [0x37cf0000, 0x38179b28, 0x38179c00, 0x386f0000)
    rw space 12288K,  54% used [0x386f0000, 0x38d7d0e8, 0x38d7d200, 0x392f0000)
Event: 95.829 GC heap after
Heap after GC invocations=1523 (full 3):
 def new generation   total 16704K, used 143K [0x23cf0000, 0x24f10000, 0x29240000)
  eden space 14848K,   0% used [0x23cf0000, 0x23cf0000, 0x24b70000)
  from space 1856K,   7% used [0x24b70000, 0x24b93cb8, 0x24d40000)
  to   space 1856K,   0% used [0x24d40000, 0x24d40000, 0x24f10000)
 tenured generation   total 37036K, used 24346K [0x29240000, 0x2b66b000, 0x33cf0000)
   the space 37036K,  65% used [0x29240000, 0x2aa06888, 0x2aa06a00, 0x2b66b000)
 compacting perm gen  total 12288K, used 3580K [0x33cf0000, 0x348f0000, 0x37cf0000)
   the space 12288K,  29% used [0x33cf0000, 0x3406f0e0, 0x3406f200, 0x348f0000)
    ro space 10240K,  45% used [0x37cf0000, 0x38179b28, 0x38179c00, 0x386f0000)
    rw space 12288K,  54% used [0x386f0000, 0x38d7d0e8, 0x38d7d200, 0x392f0000)
}
Event: 95.961 GC heap before
{Heap before GC invocations=1523 (full 3):
 def new generation   total 16704K, used 14991K [0x23cf0000, 0x24f10000, 0x29240000)
  eden space 14848K, 100% used [0x23cf0000, 0x24b70000, 0x24b70000)
  from space 1856K,   7% used [0x24b70000, 0x24b93cb8, 0x24d40000)
  to   space 1856K,   0% used [0x24d40000, 0x24d40000, 0x24f10000)
 tenured generation   total 37036K, used 24346K [0x29240000, 0x2b66b000, 0x33cf0000)
   the space 37036K,  65% used [0x29240000, 0x2aa06888, 0x2aa06a00, 0x2b66b000)
 compacting perm gen  total 12288K, used 3580K [0x33cf0000, 0x348f0000, 0x37cf0000)
   the space 12288K,  29% used [0x33cf0000, 0x3406f0e0, 0x3406f200, 0x348f0000)
    ro space 10240K,  45% used [0x37cf0000, 0x38179b28, 0x38179c00, 0x386f0000)
    rw space 12288K,  54% used [0x386f0000, 0x38d7d0e8, 0x38d7d200, 0x392f0000)
Event: 95.965 GC heap after
Heap after GC invocations=1524 (full 3):
 def new generation   total 16704K, used 943K [0x23cf0000, 0x24f10000, 0x29240000)
  eden space 14848K,   0% used [0x23cf0000, 0x23cf0000, 0x24b70000)
  from space 1856K,  50% used [0x24d40000, 0x24e2be18, 0x24f10000)
  to   space 1856K,   0% used [0x24b70000, 0x24b70000, 0x24d40000)
 tenured generation   total 37036K, used 24346K [0x29240000, 0x2b66b000, 0x33cf0000)
   the space 37036K,  65% used [0x29240000, 0x2aa06888, 0x2aa06a00, 0x2b66b000)
 compacting perm gen  total 12288K, used 3580K [0x33cf0000, 0x348f0000, 0x37cf0000)
   the space 12288K,  29% used [0x33cf0000, 0x3406f0e0, 0x3406f200, 0x348f0000)
    ro space 10240K,  45% used [0x37cf0000, 0x38179b28, 0x38179c00, 0x386f0000)
    rw space 12288K,  54% used [0x386f0000, 0x38d7d0e8, 0x38d7d200, 0x392f0000)
}
Event: 96.107 GC heap before
{Heap before GC invocations=1524 (full 3):
 def new generation   total 16704K, used 15791K [0x23cf0000, 0x24f10000, 0x29240000)
  eden space 14848K, 100% used [0x23cf0000, 0x24b70000, 0x24b70000)
  from space 1856K,  50% used [0x24d40000, 0x24e2be18, 0x24f10000)
  to   space 1856K,   0% used [0x24b70000, 0x24b70000, 0x24d40000)
 tenured generation   total 37036K, used 24346K [0x29240000, 0x2b66b000, 0x33cf0000)
   the space 37036K,  65% used [0x29240000, 0x2aa06888, 0x2aa06a00, 0x2b66b000)
 compacting perm gen  total 12288K, used 3580K [0x33cf0000, 0x348f0000, 0x37cf0000)
   the space 12288K,  29% used [0x33cf0000, 0x3406f0e0, 0x3406f200, 0x348f0000)
    ro space 10240K,  45% used [0x37cf0000, 0x38179b28, 0x38179c00, 0x386f0000)
    rw space 12288K,  54% used [0x386f0000, 0x38d7d0e8, 0x38d7d200, 0x392f0000)
Event: 96.110 GC heap after
Heap after GC invocations=1525 (full 3):
 def new generation   total 16704K, used 681K [0x23cf0000, 0x24f10000, 0x29240000)
  eden space 14848K,   0% used [0x23cf0000, 0x23cf0000, 0x24b70000)
  from space 1856K,  36% used [0x24b70000, 0x24c1a670, 0x24d40000)
  to   space 1856K,   0% used [0x24d40000, 0x24d40000, 0x24f10000)
 tenured generation   total 37036K, used 24371K [0x29240000, 0x2b66b000, 0x33cf0000)
   the space 37036K,  65% used [0x29240000, 0x2aa0cf60, 0x2aa0d000, 0x2b66b000)
 compacting perm gen  total 12288K, used 3580K [0x33cf0000, 0x348f0000, 0x37cf0000)
   the space 12288K,  29% used [0x33cf0000, 0x3406f0e0, 0x3406f200, 0x348f0000)
    ro space 10240K,  45% used [0x37cf0000, 0x38179b28, 0x38179c00, 0x386f0000)
    rw space 12288K,  54% used [0x386f0000, 0x38d7d0e8, 0x38d7d200, 0x392f0000)
}

