# JRE version: 7.0_25-b16
# Java VM: Java HotSpot(TM) Client VM (23.25-b01 mixed mode, sharing windows-x86 )
Heap
 def new generation   total 4928K, used 274K [0x23cf0000, 0x24240000, 0x29240000)
  eden space 4416K,   6% used [0x23cf0000, 0x23d34210, 0x24140000)
  from space 512K,   0% used [0x24140000, 0x24140800, 0x241c0000)
  to   space 512K,   0% used [0x241c0000, 0x241c0000, 0x24240000)
 tenured generation   total 10944K, used 8821K [0x29240000, 0x29cf0000, 0x33cf0000)
   the space 10944K,  80% used [0x29240000, 0x29add4e8, 0x29add600, 0x29cf0000)
 compacting perm gen  total 12288K, used 1806K [0x33cf0000, 0x348f0000, 0x37cf0000)
   the space 12288K,  14% used [0x33cf0000, 0x33eb39c0, 0x33eb3a00, 0x348f0000)
    ro space 10240K,  45% used [0x37cf0000, 0x38179b28, 0x38179c00, 0x386f0000)
    rw space 12288K,  54% used [0x386f0000, 0x38d7d0e8, 0x38d7d200, 0x392f0000)
GC Heap History (10 events):
Event: 61.146 GC heap before
{Heap before GC invocations=473 (full 0):
 def new generation   total 4928K, used 4416K [0x23cf0000, 0x24240000, 0x29240000)
  eden space 4416K, 100% used [0x23cf0000, 0x24140000, 0x24140000)
  from space 512K,   0% used [0x241c0000, 0x241c0010, 0x24240000)
  to   space 512K,   0% used [0x24140000, 0x24140000, 0x241c0000)
 tenured generation   total 10944K, used 8821K [0x29240000, 0x29cf0000, 0x33cf0000)
   the space 10944K,  80% used [0x29240000, 0x29add4e8, 0x29add600, 0x29cf0000)
 compacting perm gen  total 12288K, used 1804K [0x33cf0000, 0x348f0000, 0x37cf0000)
   the space 12288K,  14% used [0x33cf0000, 0x33eb3090, 0x33eb3200, 0x348f0000)
    ro space 10240K,  45% used [0x37cf0000, 0x38179b28, 0x38179c00, 0x386f0000)
    rw space 12288K,  54% used [0x386f0000, 0x38d7d0e8, 0x38d7d200, 0x392f0000)
Event: 61.146 GC heap after
Heap after GC invocations=474 (full 0):
 def new generation   total 4928K, used 0K [0x23cf0000, 0x24240000, 0x29240000)
  eden space 4416K,   0% used [0x23cf0000, 0x23cf0000, 0x24140000)
  from space 512K,   0% used [0x24140000, 0x24140020, 0x241c0000)
  to   space 512K,   0% used [0x241c0000, 0x241c0000, 0x24240000)
 tenured generation   total 10944K, used 8821K [0x29240000, 0x29cf0000, 0x33cf0000)
   the space 10944K,  80% used [0x29240000, 0x29add4e8, 0x29add600, 0x29cf0000)
 compacting perm gen  total 12288K, used 1804K [0x33cf0000, 0x348f0000, 0x37cf0000)
   the space 12288K,  14% used [0x33cf0000, 0x33eb3090, 0x33eb3200, 0x348f0000)
    ro space 10240K,  45% used [0x37cf0000, 0x38179b28, 0x38179c00, 0x386f0000)
    rw space 12288K,  54% used [0x386f0000, 0x38d7d0e8, 0x38d7d200, 0x392f0000)
}
Event: 61.264 GC heap before
{Heap before GC invocations=474 (full 0):
 def new generation   total 4928K, used 4416K [0x23cf0000, 0x24240000, 0x29240000)
  eden space 4416K, 100% used [0x23cf0000, 0x24140000, 0x24140000)
  from space 512K,   0% used [0x24140000, 0x24140020, 0x241c0000)
  to   space 512K,   0% used [0x241c0000, 0x241c0000, 0x24240000)
 tenured generation   total 10944K, used 8821K [0x29240000, 0x29cf0000, 0x33cf0000)
   the space 10944K,  80% used [0x29240000, 0x29add4e8, 0x29add600, 0x29cf0000)
 compacting perm gen  total 12288K, used 1804K [0x33cf0000, 0x348f0000, 0x37cf0000)
   the space 12288K,  14% used [0x33cf0000, 0x33eb3090, 0x33eb3200, 0x348f0000)
    ro space 10240K,  45% used [0x37cf0000, 0x38179b28, 0x38179c00, 0x386f0000)
    rw space 12288K,  54% used [0x386f0000, 0x38d7d0e8, 0x38d7d200, 0x392f0000)
Event: 61.264 GC heap after
Heap after GC invocations=475 (full 0):
 def new generation   total 4928K, used 0K [0x23cf0000, 0x24240000, 0x29240000)
  eden space 4416K,   0% used [0x23cf0000, 0x23cf0000, 0x24140000)
  from space 512K,   0% used [0x241c0000, 0x241c0040, 0x24240000)
  to   space 512K,   0% used [0x24140000, 0x24140000, 0x241c0000)
 tenured generation   total 10944K, used 8821K [0x29240000, 0x29cf0000, 0x33cf0000)
   the space 10944K,  80% used [0x29240000, 0x29add4e8, 0x29add600, 0x29cf0000)
 compacting perm gen  total 12288K, used 1804K [0x33cf0000, 0x348f0000, 0x37cf0000)
   the space 12288K,  14% used [0x33cf0000, 0x33eb3090, 0x33eb3200, 0x348f0000)
    ro space 10240K,  45% used [0x37cf0000, 0x38179b28, 0x38179c00, 0x386f0000)
    rw space 12288K,  54% used [0x386f0000, 0x38d7d0e8, 0x38d7d200, 0x392f0000)
}
Event: 61.387 GC heap before
{Heap before GC invocations=475 (full 0):
 def new generation   total 4928K, used 4416K [0x23cf0000, 0x24240000, 0x29240000)
  eden space 4416K, 100% used [0x23cf0000, 0x24140000, 0x24140000)
  from space 512K,   0% used [0x241c0000, 0x241c0040, 0x24240000)
  to   space 512K,   0% used [0x24140000, 0x24140000, 0x241c0000)
 tenured generation   total 10944K, used 8821K [0x29240000, 0x29cf0000, 0x33cf0000)
   the space 10944K,  80% used [0x29240000, 0x29add4e8, 0x29add600, 0x29cf0000)
 compacting perm gen  total 12288K, used 1804K [0x33cf0000, 0x348f0000, 0x37cf0000)
   the space 12288K,  14% used [0x33cf0000, 0x33eb3090, 0x33eb3200, 0x348f0000)
    ro space 10240K,  45% used [0x37cf0000, 0x38179b28, 0x38179c00, 0x386f0000)
    rw space 12288K,  54% used [0x386f0000, 0x38d7d0e8, 0x38d7d200, 0x392f0000)
Event: 61.387 GC heap after
Heap after GC invocations=476 (full 0):
 def new generation   total 4928K, used 0K [0x23cf0000, 0x24240000, 0x29240000)
  eden space 4416K,   0% used [0x23cf0000, 0x23cf0000, 0x24140000)
  from space 512K,   0% used [0x24140000, 0x24140020, 0x241c0000)
  to   space 512K,   0% used [0x241c0000, 0x241c0000, 0x24240000)
 tenured generation   total 10944K, used 8821K [0x29240000, 0x29cf0000, 0x33cf0000)
   the space 10944K,  80% used [0x29240000, 0x29add4e8, 0x29add600, 0x29cf0000)
 compacting perm gen  total 12288K, used 1804K [0x33cf0000, 0x348f0000, 0x37cf0000)
   the space 12288K,  14% used [0x33cf0000, 0x33eb3090, 0x33eb3200, 0x348f0000)
    ro space 10240K,  45% used [0x37cf0000, 0x38179b28, 0x38179c00, 0x386f0000)
    rw space 12288K,  54% used [0x386f0000, 0x38d7d0e8, 0x38d7d200, 0x392f0000)
}
Event: 61.508 GC heap before
{Heap before GC invocations=476 (full 0):
 def new generation   total 4928K, used 4416K [0x23cf0000, 0x24240000, 0x29240000)
  eden space 4416K, 100% used [0x23cf0000, 0x24140000, 0x24140000)
  from space 512K,   0% used [0x24140000, 0x24140020, 0x241c0000)
  to   space 512K,   0% used [0x241c0000, 0x241c0000, 0x24240000)
 tenured generation   total 10944K, used 8821K [0x29240000, 0x29cf0000, 0x33cf0000)
   the space 10944K,  80% used [0x29240000, 0x29add4e8, 0x29add600, 0x29cf0000)
 compacting perm gen  total 12288K, used 1804K [0x33cf0000, 0x348f0000, 0x37cf0000)
   the space 12288K,  14% used [0x33cf0000, 0x33eb3090, 0x33eb3200, 0x348f0000)
    ro space 10240K,  45% used [0x37cf0000, 0x38179b28, 0x38179c00, 0x386f0000)
    rw space 12288K,  54% used [0x386f0000, 0x38d7d0e8, 0x38d7d200, 0x392f0000)
Event: 61.508 GC heap after
Heap after GC invocations=477 (full 0):
 def new generation   total 4928K, used 0K [0x23cf0000, 0x24240000, 0x29240000)
  eden space 4416K,   0% used [0x23cf0000, 0x23cf0000, 0x24140000)
  from space 512K,   0% used [0x241c0000, 0x241c0030, 0x24240000)
  to   space 512K,   0% used [0x24140000, 0x24140000, 0x241c0000)
 tenured generation   total 10944K, used 8821K [0x29240000, 0x29cf0000, 0x33cf0000)
   the space 10944K,  80% used [0x29240000, 0x29add4e8, 0x29add600, 0x29cf0000)
 compacting perm gen  total 12288K, used 1804K [0x33cf0000, 0x348f0000, 0x37cf0000)
   the space 12288K,  14% used [0x33cf0000, 0x33eb3090, 0x33eb3200, 0x348f0000)
    ro space 10240K,  45% used [0x37cf0000, 0x38179b28, 0x38179c00, 0x386f0000)
    rw space 12288K,  54% used [0x386f0000, 0x38d7d0e8, 0x38d7d200, 0x392f0000)
}
Event: 61.630 GC heap before
{Heap before GC invocations=477 (full 0):
 def new generation   total 4928K, used 4416K [0x23cf0000, 0x24240000, 0x29240000)
  eden space 4416K, 100% used [0x23cf0000, 0x24140000, 0x24140000)
  from space 512K,   0% used [0x241c0000, 0x241c0030, 0x24240000)
  to   space 512K,   0% used [0x24140000, 0x24140000, 0x241c0000)
 tenured generation   total 10944K, used 8821K [0x29240000, 0x29cf0000, 0x33cf0000)
   the space 10944K,  80% used [0x29240000, 0x29add4e8, 0x29add600, 0x29cf0000)
 compacting perm gen  total 12288K, used 1804K [0x33cf0000, 0x348f0000, 0x37cf0000)
   the space 12288K,  14% used [0x33cf0000, 0x33eb3090, 0x33eb3200, 0x348f0000)
    ro space 10240K,  45% used [0x37cf0000, 0x38179b28, 0x38179c00, 0x386f0000)
    rw space 12288K,  54% used [0x386f0000, 0x38d7d0e8, 0x38d7d200, 0x392f0000)
Event: 61.631 GC heap after
Heap after GC invocations=478 (full 0):
 def new generation   total 4928K, used 2K [0x23cf0000, 0x24240000, 0x29240000)
  eden space 4416K,   0% used [0x23cf0000, 0x23cf0000, 0x24140000)
  from space 512K,   0% used [0x24140000, 0x24140800, 0x241c0000)
  to   space 512K,   0% used [0x241c0000, 0x241c0000, 0x24240000)
 tenured generation   total 10944K, used 8821K [0x29240000, 0x29cf0000, 0x33cf0000)
   the space 10944K,  80% used [0x29240000, 0x29add4e8, 0x29add600, 0x29cf0000)
 compacting perm gen  total 12288K, used 1804K [0x33cf0000, 0x348f0000, 0x37cf0000)
   the space 12288K,  14% used [0x33cf0000, 0x33eb3090, 0x33eb3200, 0x348f0000)
    ro space 10240K,  45% used [0x37cf0000, 0x38179b28, 0x38179c00, 0x386f0000)
    rw space 12288K,  54% used [0x386f0000, 0x38d7d0e8, 0x38d7d200, 0x392f0000)
}

