# JRE version: 7.0_25-b16
# Java VM: Java HotSpot(TM) Client VM (23.25-b01 mixed mode, sharing windows-x86 )
Heap
 def new generation   total 15616K, used 7340K [0x23cf0000, 0x24de0000, 0x29240000)
  eden space 13888K,  40% used [0x23cf0000, 0x2426b210, 0x24a80000)
  from space 1728K,  99% used [0x24c30000, 0x24ddffe0, 0x24de0000)
  to   space 1728K,   0% used [0x24a80000, 0x24a80000, 0x24c30000)
 tenured generation   total 34548K, used 29280K [0x29240000, 0x2b3fd000, 0x33cf0000)
   the space 34548K,  84% used [0x29240000, 0x2aed81c8, 0x2aed8200, 0x2b3fd000)
 compacting perm gen  total 12288K, used 3580K [0x33cf0000, 0x348f0000, 0x37cf0000)
   the space 12288K,  29% used [0x33cf0000, 0x3406f110, 0x3406f200, 0x348f0000)
    ro space 10240K,  45% used [0x37cf0000, 0x38179b28, 0x38179c00, 0x386f0000)
    rw space 12288K,  54% used [0x386f0000, 0x38d7d0e8, 0x38d7d200, 0x392f0000)
GC Heap History (10 events):
Event: 41.383 GC heap before
{Heap before GC invocations=513 (full 16):
 def new generation   total 15616K, used 15293K [0x23cf0000, 0x24de0000, 0x29240000)
  eden space 13888K, 100% used [0x23cf0000, 0x24a80000, 0x24a80000)
  from space 1728K,  81% used [0x24a80000, 0x24bdf6b8, 0x24c30000)
  to   space 1728K,   0% used [0x24c30000, 0x24c30000, 0x24de0000)
 tenured generation   total 34548K, used 27082K [0x29240000, 0x2b3fd000, 0x33cf0000)
   the space 34548K,  78% used [0x29240000, 0x2acb29e0, 0x2acb2a00, 0x2b3fd000)
 compacting perm gen  total 12288K, used 3558K [0x33cf0000, 0x348f0000, 0x37cf0000)
   the space 12288K,  28% used [0x33cf0000, 0x34069828, 0x34069a00, 0x348f0000)
    ro space 10240K,  45% used [0x37cf0000, 0x38179b28, 0x38179c00, 0x386f0000)
    rw space 12288K,  54% used [0x386f0000, 0x38d7d0e8, 0x38d7d200, 0x392f0000)
Event: 41.390 GC heap after
Heap after GC invocations=514 (full 16):
 def new generation   total 15616K, used 939K [0x23cf0000, 0x24de0000, 0x29240000)
  eden space 13888K,   0% used [0x23cf0000, 0x23cf0000, 0x24a80000)
  from space 1728K,  54% used [0x24c30000, 0x24d1adc8, 0x24de0000)
  to   space 1728K,   0% used [0x24a80000, 0x24a80000, 0x24c30000)
 tenured generation   total 34548K, used 28487K [0x29240000, 0x2b3fd000, 0x33cf0000)
   the space 34548K,  82% used [0x29240000, 0x2ae11ed0, 0x2ae12000, 0x2b3fd000)
 compacting perm gen  total 12288K, used 3558K [0x33cf0000, 0x348f0000, 0x37cf0000)
   the space 12288K,  28% used [0x33cf0000, 0x34069828, 0x34069a00, 0x348f0000)
    ro space 10240K,  45% used [0x37cf0000, 0x38179b28, 0x38179c00, 0x386f0000)
    rw space 12288K,  54% used [0x386f0000, 0x38d7d0e8, 0x38d7d200, 0x392f0000)
}
Event: 41.533 GC heap before
{Heap before GC invocations=514 (full 16):
 def new generation   total 15616K, used 14827K [0x23cf0000, 0x24de0000, 0x29240000)
  eden space 13888K, 100% used [0x23cf0000, 0x24a80000, 0x24a80000)
  from space 1728K,  54% used [0x24c30000, 0x24d1adc8, 0x24de0000)
  to   space 1728K,   0% used [0x24a80000, 0x24a80000, 0x24c30000)
 tenured generation   total 34548K, used 28487K [0x29240000, 0x2b3fd000, 0x33cf0000)
   the space 34548K,  82% used [0x29240000, 0x2ae11ed0, 0x2ae12000, 0x2b3fd000)
 compacting perm gen  total 12288K, used 3558K [0x33cf0000, 0x348f0000, 0x37cf0000)
   the space 12288K,  28% used [0x33cf0000, 0x34069828, 0x34069a00, 0x348f0000)
    ro space 10240K,  45% used [0x37cf0000, 0x38179b28, 0x38179c00, 0x386f0000)
    rw space 12288K,  54% used [0x386f0000, 0x38d7d0e8, 0x38d7d200, 0x392f0000)
Event: 41.534 GC heap after
Heap after GC invocations=515 (full 16):
 def new generation   total 15616K, used 40K [0x23cf0000, 0x24de0000, 0x29240000)
  eden space 13888K,   0% used [0x23cf0000, 0x23cf0000, 0x24a80000)
  from space 1728K,   2% used [0x24a80000, 0x24a8a1c8, 0x24c30000)
  to   space 1728K,   0% used [0x24c30000, 0x24c30000, 0x24de0000)
 tenured generation   total 34548K, used 28502K [0x29240000, 0x2b3fd000, 0x33cf0000)
   the space 34548K,  82% used [0x29240000, 0x2ae15a70, 0x2ae15c00, 0x2b3fd000)
 compacting perm gen  total 12288K, used 3558K [0x33cf0000, 0x348f0000, 0x37cf0000)
   the space 12288K,  28% used [0x33cf0000, 0x34069828, 0x34069a00, 0x348f0000)
    ro space 10240K,  45% used [0x37cf0000, 0x38179b28, 0x38179c00, 0x386f0000)
    rw space 12288K,  54% used [0x386f0000, 0x38d7d0e8, 0x38d7d200, 0x392f0000)
}
Event: 41.602 GC heap before
{Heap before GC invocations=515 (full 16):
 def new generation   total 15616K, used 13928K [0x23cf0000, 0x24de0000, 0x29240000)
  eden space 13888K, 100% used [0x23cf0000, 0x24a80000, 0x24a80000)
  from space 1728K,   2% used [0x24a80000, 0x24a8a1c8, 0x24c30000)
  to   space 1728K,   0% used [0x24c30000, 0x24c30000, 0x24de0000)
 tenured generation   total 34548K, used 28502K [0x29240000, 0x2b3fd000, 0x33cf0000)
   the space 34548K,  82% used [0x29240000, 0x2ae15a70, 0x2ae15c00, 0x2b3fd000)
 compacting perm gen  total 12288K, used 3558K [0x33cf0000, 0x348f0000, 0x37cf0000)
   the space 12288K,  28% used [0x33cf0000, 0x34069828, 0x34069a00, 0x348f0000)
    ro space 10240K,  45% used [0x37cf0000, 0x38179b28, 0x38179c00, 0x386f0000)
    rw space 12288K,  54% used [0x386f0000, 0x38d7d0e8, 0x38d7d200, 0x392f0000)
Event: 41.604 GC heap after
Heap after GC invocations=516 (full 16):
 def new generation   total 15616K, used 721K [0x23cf0000, 0x24de0000, 0x29240000)
  eden space 13888K,   0% used [0x23cf0000, 0x23cf0000, 0x24a80000)
  from space 1728K,  41% used [0x24c30000, 0x24ce44b0, 0x24de0000)
  to   space 1728K,   0% used [0x24a80000, 0x24a80000, 0x24c30000)
 tenured generation   total 34548K, used 28502K [0x29240000, 0x2b3fd000, 0x33cf0000)
   the space 34548K,  82% used [0x29240000, 0x2ae15a70, 0x2ae15c00, 0x2b3fd000)
 compacting perm gen  total 12288K, used 3558K [0x33cf0000, 0x348f0000, 0x37cf0000)
   the space 12288K,  28% used [0x33cf0000, 0x34069828, 0x34069a00, 0x348f0000)
    ro space 10240K,  45% used [0x37cf0000, 0x38179b28, 0x38179c00, 0x386f0000)
    rw space 12288K,  54% used [0x386f0000, 0x38d7d0e8, 0x38d7d200, 0x392f0000)
}
Event: 41.659 GC heap before
{Heap before GC invocations=516 (full 16):
 def new generation   total 15616K, used 14609K [0x23cf0000, 0x24de0000, 0x29240000)
  eden space 13888K, 100% used [0x23cf0000, 0x24a80000, 0x24a80000)
  from space 1728K,  41% used [0x24c30000, 0x24ce44b0, 0x24de0000)
  to   space 1728K,   0% used [0x24a80000, 0x24a80000, 0x24c30000)
 tenured generation   total 34548K, used 28502K [0x29240000, 0x2b3fd000, 0x33cf0000)
   the space 34548K,  82% used [0x29240000, 0x2ae15a70, 0x2ae15c00, 0x2b3fd000)
 compacting perm gen  total 12288K, used 3558K [0x33cf0000, 0x348f0000, 0x37cf0000)
   the space 12288K,  28% used [0x33cf0000, 0x34069828, 0x34069a00, 0x348f0000)
    ro space 10240K,  45% used [0x37cf0000, 0x38179b28, 0x38179c00, 0x386f0000)
    rw space 12288K,  54% used [0x386f0000, 0x38d7d0e8, 0x38d7d200, 0x392f0000)
Event: 41.663 GC heap after
Heap after GC invocations=517 (full 16):
 def new generation   total 15616K, used 1558K [0x23cf0000, 0x24de0000, 0x29240000)
  eden space 13888K,   0% used [0x23cf0000, 0x23cf0000, 0x24a80000)
  from space 1728K,  90% used [0x24a80000, 0x24c05810, 0x24c30000)
  to   space 1728K,   0% used [0x24c30000, 0x24c30000, 0x24de0000)
 tenured generation   total 34548K, used 28502K [0x29240000, 0x2b3fd000, 0x33cf0000)
   the space 34548K,  82% used [0x29240000, 0x2ae15a70, 0x2ae15c00, 0x2b3fd000)
 compacting perm gen  total 12288K, used 3558K [0x33cf0000, 0x348f0000, 0x37cf0000)
   the space 12288K,  28% used [0x33cf0000, 0x34069828, 0x34069a00, 0x348f0000)
    ro space 10240K,  45% used [0x37cf0000, 0x38179b28, 0x38179c00, 0x386f0000)
    rw space 12288K,  54% used [0x386f0000, 0x38d7d0e8, 0x38d7d200, 0x392f0000)
}
Event: 41.706 GC heap before
{Heap before GC invocations=517 (full 16):
 def new generation   total 15616K, used 15446K [0x23cf0000, 0x24de0000, 0x29240000)
  eden space 13888K, 100% used [0x23cf0000, 0x24a80000, 0x24a80000)
  from space 1728K,  90% used [0x24a80000, 0x24c05810, 0x24c30000)
  to   space 1728K,   0% used [0x24c30000, 0x24c30000, 0x24de0000)
 tenured generation   total 34548K, used 28502K [0x29240000, 0x2b3fd000, 0x33cf0000)
   the space 34548K,  82% used [0x29240000, 0x2ae15a70, 0x2ae15c00, 0x2b3fd000)
 compacting perm gen  total 12288K, used 3558K [0x33cf0000, 0x348f0000, 0x37cf0000)
   the space 12288K,  28% used [0x33cf0000, 0x34069828, 0x34069a00, 0x348f0000)
    ro space 10240K,  45% used [0x37cf0000, 0x38179b28, 0x38179c00, 0x386f0000)
    rw space 12288K,  54% used [0x386f0000, 0x38d7d0e8, 0x38d7d200, 0x392f0000)
Event: 41.711 GC heap after
Heap after GC invocations=518 (full 16):
 def new generation   total 15616K, used 1727K [0x23cf0000, 0x24de0000, 0x29240000)
  eden space 13888K,   0% used [0x23cf0000, 0x23cf0000, 0x24a80000)
  from space 1728K,  99% used [0x24c30000, 0x24ddffe0, 0x24de0000)
  to   space 1728K,   0% used [0x24a80000, 0x24a80000, 0x24c30000)
 tenured generation   total 34548K, used 29280K [0x29240000, 0x2b3fd000, 0x33cf0000)
   the space 34548K,  84% used [0x29240000, 0x2aed81c8, 0x2aed8200, 0x2b3fd000)
 compacting perm gen  total 12288K, used 3558K [0x33cf0000, 0x348f0000, 0x37cf0000)
   the space 12288K,  28% used [0x33cf0000, 0x34069828, 0x34069a00, 0x348f0000)
    ro space 10240K,  45% used [0x37cf0000, 0x38179b28, 0x38179c00, 0x386f0000)
    rw space 12288K,  54% used [0x386f0000, 0x38d7d0e8, 0x38d7d200, 0x392f0000)
}

