# JRE version: 7.0_25-b16
# Java VM: Java HotSpot(TM) Client VM (23.25-b01 mixed mode, sharing windows-x86 )
Heap
 def new generation   total 7808K, used 5007K [0x23cf0000, 0x24560000, 0x29240000)
  eden space 6976K,  69% used [0x23cf0000, 0x241acd28, 0x243c0000)
  from space 832K,  18% used [0x24490000, 0x244b6f68, 0x24560000)
  to   space 832K,   0% used [0x243c0000, 0x243c0000, 0x24490000)
 tenured generation   total 17228K, used 16512K [0x29240000, 0x2a313000, 0x33cf0000)
   the space 17228K,  95% used [0x29240000, 0x2a2600e8, 0x2a260200, 0x2a313000)
 compacting perm gen  total 12288K, used 3585K [0x33cf0000, 0x348f0000, 0x37cf0000)
   the space 12288K,  29% used [0x33cf0000, 0x34070770, 0x34070800, 0x348f0000)
    ro space 10240K,  45% used [0x37cf0000, 0x38179b28, 0x38179c00, 0x386f0000)
    rw space 12288K,  54% used [0x386f0000, 0x38d7d0e8, 0x38d7d200, 0x392f0000)
GC Heap History (10 events):
Event: 17.116 GC heap before
{Heap before GC invocations=226 (full 1):
 def new generation   total 7808K, used 7153K [0x23cf0000, 0x24560000, 0x29240000)
  eden space 6976K, 100% used [0x23cf0000, 0x243c0000, 0x243c0000)
  from space 832K,  21% used [0x243c0000, 0x243ec5f0, 0x24490000)
  to   space 832K,   0% used [0x24490000, 0x24490000, 0x24560000)
 tenured generation   total 17228K, used 16450K [0x29240000, 0x2a313000, 0x33cf0000)
   the space 17228K,  95% used [0x29240000, 0x2a2509f8, 0x2a250a00, 0x2a313000)
 compacting perm gen  total 12288K, used 3563K [0x33cf0000, 0x348f0000, 0x37cf0000)
   the space 12288K,  29% used [0x33cf0000, 0x3406ae88, 0x3406b000, 0x348f0000)
    ro space 10240K,  45% used [0x37cf0000, 0x38179b28, 0x38179c00, 0x386f0000)
    rw space 12288K,  54% used [0x386f0000, 0x38d7d0e8, 0x38d7d200, 0x392f0000)
Event: 17.116 GC heap after
Heap after GC invocations=227 (full 1):
 def new generation   total 7808K, used 177K [0x23cf0000, 0x24560000, 0x29240000)
  eden space 6976K,   0% used [0x23cf0000, 0x23cf0000, 0x243c0000)
  from space 832K,  21% used [0x24490000, 0x244bc640, 0x24560000)
  to   space 832K,   0% used [0x243c0000, 0x243c0000, 0x24490000)
 tenured generation   total 17228K, used 16460K [0x29240000, 0x2a313000, 0x33cf0000)
   the space 17228K,  95% used [0x29240000, 0x2a253198, 0x2a253200, 0x2a313000)
 compacting perm gen  total 12288K, used 3563K [0x33cf0000, 0x348f0000, 0x37cf0000)
   the space 12288K,  29% used [0x33cf0000, 0x3406ae88, 0x3406b000, 0x348f0000)
    ro space 10240K,  45% used [0x37cf0000, 0x38179b28, 0x38179c00, 0x386f0000)
    rw space 12288K,  54% used [0x386f0000, 0x38d7d0e8, 0x38d7d200, 0x392f0000)
}
Event: 17.163 GC heap before
{Heap before GC invocations=227 (full 1):
 def new generation   total 7808K, used 7153K [0x23cf0000, 0x24560000, 0x29240000)
  eden space 6976K, 100% used [0x23cf0000, 0x243c0000, 0x243c0000)
  from space 832K,  21% used [0x24490000, 0x244bc640, 0x24560000)
  to   space 832K,   0% used [0x243c0000, 0x243c0000, 0x24490000)
 tenured generation   total 17228K, used 16460K [0x29240000, 0x2a313000, 0x33cf0000)
   the space 17228K,  95% used [0x29240000, 0x2a253198, 0x2a253200, 0x2a313000)
 compacting perm gen  total 12288K, used 3563K [0x33cf0000, 0x348f0000, 0x37cf0000)
   the space 12288K,  29% used [0x33cf0000, 0x3406ae88, 0x3406b000, 0x348f0000)
    ro space 10240K,  45% used [0x37cf0000, 0x38179b28, 0x38179c00, 0x386f0000)
    rw space 12288K,  54% used [0x386f0000, 0x38d7d0e8, 0x38d7d200, 0x392f0000)
Event: 17.163 GC heap after
Heap after GC invocations=228 (full 1):
 def new generation   total 7808K, used 172K [0x23cf0000, 0x24560000, 0x29240000)
  eden space 6976K,   0% used [0x23cf0000, 0x23cf0000, 0x243c0000)
  from space 832K,  20% used [0x243c0000, 0x243eb280, 0x24490000)
  to   space 832K,   0% used [0x24490000, 0x24490000, 0x24560000)
 tenured generation   total 17228K, used 16470K [0x29240000, 0x2a313000, 0x33cf0000)
   the space 17228K,  95% used [0x29240000, 0x2a255958, 0x2a255a00, 0x2a313000)
 compacting perm gen  total 12288K, used 3563K [0x33cf0000, 0x348f0000, 0x37cf0000)
   the space 12288K,  29% used [0x33cf0000, 0x3406ae88, 0x3406b000, 0x348f0000)
    ro space 10240K,  45% used [0x37cf0000, 0x38179b28, 0x38179c00, 0x386f0000)
    rw space 12288K,  54% used [0x386f0000, 0x38d7d0e8, 0x38d7d200, 0x392f0000)
}
Event: 17.210 GC heap before
{Heap before GC invocations=228 (full 1):
 def new generation   total 7808K, used 7148K [0x23cf0000, 0x24560000, 0x29240000)
  eden space 6976K, 100% used [0x23cf0000, 0x243c0000, 0x243c0000)
  from space 832K,  20% used [0x243c0000, 0x243eb280, 0x24490000)
  to   space 832K,   0% used [0x24490000, 0x24490000, 0x24560000)
 tenured generation   total 17228K, used 16470K [0x29240000, 0x2a313000, 0x33cf0000)
   the space 17228K,  95% used [0x29240000, 0x2a255958, 0x2a255a00, 0x2a313000)
 compacting perm gen  total 12288K, used 3563K [0x33cf0000, 0x348f0000, 0x37cf0000)
   the space 12288K,  29% used [0x33cf0000, 0x3406ae88, 0x3406b000, 0x348f0000)
    ro space 10240K,  45% used [0x37cf0000, 0x38179b28, 0x38179c00, 0x386f0000)
    rw space 12288K,  54% used [0x386f0000, 0x38d7d0e8, 0x38d7d200, 0x392f0000)
Event: 17.211 GC heap after
Heap after GC invocations=229 (full 1):
 def new generation   total 7808K, used 172K [0x23cf0000, 0x24560000, 0x29240000)
  eden space 6976K,   0% used [0x23cf0000, 0x23cf0000, 0x243c0000)
  from space 832K,  20% used [0x24490000, 0x244bb3e8, 0x24560000)
  to   space 832K,   0% used [0x243c0000, 0x243c0000, 0x24490000)
 tenured generation   total 17228K, used 16480K [0x29240000, 0x2a313000, 0x33cf0000)
   the space 17228K,  95% used [0x29240000, 0x2a258130, 0x2a258200, 0x2a313000)
 compacting perm gen  total 12288K, used 3563K [0x33cf0000, 0x348f0000, 0x37cf0000)
   the space 12288K,  29% used [0x33cf0000, 0x3406ae88, 0x3406b000, 0x348f0000)
    ro space 10240K,  45% used [0x37cf0000, 0x38179b28, 0x38179c00, 0x386f0000)
    rw space 12288K,  54% used [0x386f0000, 0x38d7d0e8, 0x38d7d200, 0x392f0000)
}
Event: 17.258 GC heap before
{Heap before GC invocations=229 (full 1):
 def new generation   total 7808K, used 7148K [0x23cf0000, 0x24560000, 0x29240000)
  eden space 6976K, 100% used [0x23cf0000, 0x243c0000, 0x243c0000)
  from space 832K,  20% used [0x24490000, 0x244bb3e8, 0x24560000)
  to   space 832K,   0% used [0x243c0000, 0x243c0000, 0x24490000)
 tenured generation   total 17228K, used 16480K [0x29240000, 0x2a313000, 0x33cf0000)
   the space 17228K,  95% used [0x29240000, 0x2a258130, 0x2a258200, 0x2a313000)
 compacting perm gen  total 12288K, used 3563K [0x33cf0000, 0x348f0000, 0x37cf0000)
   the space 12288K,  29% used [0x33cf0000, 0x3406ae88, 0x3406b000, 0x348f0000)
    ro space 10240K,  45% used [0x37cf0000, 0x38179b28, 0x38179c00, 0x386f0000)
    rw space 12288K,  54% used [0x386f0000, 0x38d7d0e8, 0x38d7d200, 0x392f0000)
Event: 17.259 GC heap after
Heap after GC invocations=230 (full 1):
 def new generation   total 7808K, used 163K [0x23cf0000, 0x24560000, 0x29240000)
  eden space 6976K,   0% used [0x23cf0000, 0x23cf0000, 0x243c0000)
  from space 832K,  19% used [0x243c0000, 0x243e8e30, 0x24490000)
  to   space 832K,   0% used [0x24490000, 0x24490000, 0x24560000)
 tenured generation   total 17228K, used 16495K [0x29240000, 0x2a313000, 0x33cf0000)
   the space 17228K,  95% used [0x29240000, 0x2a25be90, 0x2a25c000, 0x2a313000)
 compacting perm gen  total 12288K, used 3563K [0x33cf0000, 0x348f0000, 0x37cf0000)
   the space 12288K,  29% used [0x33cf0000, 0x3406ae88, 0x3406b000, 0x348f0000)
    ro space 10240K,  45% used [0x37cf0000, 0x38179b28, 0x38179c00, 0x386f0000)
    rw space 12288K,  54% used [0x386f0000, 0x38d7d0e8, 0x38d7d200, 0x392f0000)
}
Event: 17.304 GC heap before
{Heap before GC invocations=230 (full 1):
 def new generation   total 7808K, used 7139K [0x23cf0000, 0x24560000, 0x29240000)
  eden space 6976K, 100% used [0x23cf0000, 0x243c0000, 0x243c0000)
  from space 832K,  19% used [0x243c0000, 0x243e8e30, 0x24490000)
  to   space 832K,   0% used [0x24490000, 0x24490000, 0x24560000)
 tenured generation   total 17228K, used 16495K [0x29240000, 0x2a313000, 0x33cf0000)
   the space 17228K,  95% used [0x29240000, 0x2a25be90, 0x2a25c000, 0x2a313000)
 compacting perm gen  total 12288K, used 3563K [0x33cf0000, 0x348f0000, 0x37cf0000)
   the space 12288K,  29% used [0x33cf0000, 0x3406ae88, 0x3406b000, 0x348f0000)
    ro space 10240K,  45% used [0x37cf0000, 0x38179b28, 0x38179c00, 0x386f0000)
    rw space 12288K,  54% used [0x386f0000, 0x38d7d0e8, 0x38d7d200, 0x392f0000)
Event: 17.305 GC heap after
Heap after GC invocations=231 (full 1):
 def new generation   total 7808K, used 155K [0x23cf0000, 0x24560000, 0x29240000)
  eden space 6976K,   0% used [0x23cf0000, 0x23cf0000, 0x243c0000)
  from space 832K,  18% used [0x24490000, 0x244b6f68, 0x24560000)
  to   space 832K,   0% used [0x243c0000, 0x243c0000, 0x24490000)
 tenured generation   total 17228K, used 16512K [0x29240000, 0x2a313000, 0x33cf0000)
   the space 17228K,  95% used [0x29240000, 0x2a2600e8, 0x2a260200, 0x2a313000)
 compacting perm gen  total 12288K, used 3563K [0x33cf0000, 0x348f0000, 0x37cf0000)
   the space 12288K,  29% used [0x33cf0000, 0x3406ae88, 0x3406b000, 0x348f0000)
    ro space 10240K,  45% used [0x37cf0000, 0x38179b28, 0x38179c00, 0x386f0000)
    rw space 12288K,  54% used [0x386f0000, 0x38d7d0e8, 0x38d7d200, 0x392f0000)
}

