# JRE version: 7.0_25-b16
# Java VM: Java HotSpot(TM) Client VM (23.25-b01 mixed mode, sharing windows-x86 )
Heap
 def new generation   total 8960K, used 1288K [0x23cf0000, 0x246a0000, 0x29240000)
  eden space 8000K,  10% used [0x23cf0000, 0x23dbbf60, 0x244c0000)
  from space 960K,  49% used [0x244c0000, 0x24536310, 0x245b0000)
  to   space 960K,   0% used [0x245b0000, 0x245b0000, 0x246a0000)
 tenured generation   total 19804K, used 18636K [0x29240000, 0x2a597000, 0x33cf0000)
   the space 19804K,  94% used [0x29240000, 0x2a473270, 0x2a473400, 0x2a597000)
 compacting perm gen  total 12288K, used 3616K [0x33cf0000, 0x348f0000, 0x37cf0000)
   the space 12288K,  29% used [0x33cf0000, 0x34078300, 0x34078400, 0x348f0000)
    ro space 10240K,  45% used [0x37cf0000, 0x38179b28, 0x38179c00, 0x386f0000)
    rw space 12288K,  54% used [0x386f0000, 0x38d7d0e8, 0x38d7d200, 0x392f0000)
GC Heap History (10 events):
Event: 48.102 GC heap before
{Heap before GC invocations=668 (full 1):
 def new generation   total 8960K, used 8301K [0x23cf0000, 0x246a0000, 0x29240000)
  eden space 8000K, 100% used [0x23cf0000, 0x244c0000, 0x244c0000)
  from space 960K,  31% used [0x245b0000, 0x245fb4b8, 0x246a0000)
  to   space 960K,   0% used [0x244c0000, 0x244c0000, 0x245b0000)
 tenured generation   total 19804K, used 18554K [0x29240000, 0x2a597000, 0x33cf0000)
   the space 19804K,  93% used [0x29240000, 0x2a45e9b8, 0x2a45ea00, 0x2a597000)
 compacting perm gen  total 12288K, used 3592K [0x33cf0000, 0x348f0000, 0x37cf0000)
   the space 12288K,  29% used [0x33cf0000, 0x34072110, 0x34072200, 0x348f0000)
    ro space 10240K,  45% used [0x37cf0000, 0x38179b28, 0x38179c00, 0x386f0000)
    rw space 12288K,  54% used [0x386f0000, 0x38d7d0e8, 0x38d7d200, 0x392f0000)
Event: 48.103 GC heap after
Heap after GC invocations=669 (full 1):
 def new generation   total 8960K, used 315K [0x23cf0000, 0x246a0000, 0x29240000)
  eden space 8000K,   0% used [0x23cf0000, 0x23cf0000, 0x244c0000)
  from space 960K,  32% used [0x244c0000, 0x2450ee08, 0x245b0000)
  to   space 960K,   0% used [0x245b0000, 0x245b0000, 0x246a0000)
 tenured generation   total 19804K, used 18564K [0x29240000, 0x2a597000, 0x33cf0000)
   the space 19804K,  93% used [0x29240000, 0x2a4611a0, 0x2a461200, 0x2a597000)
 compacting perm gen  total 12288K, used 3592K [0x33cf0000, 0x348f0000, 0x37cf0000)
   the space 12288K,  29% used [0x33cf0000, 0x34072110, 0x34072200, 0x348f0000)
    ro space 10240K,  45% used [0x37cf0000, 0x38179b28, 0x38179c00, 0x386f0000)
    rw space 12288K,  54% used [0x386f0000, 0x38d7d0e8, 0x38d7d200, 0x392f0000)
}
Event: 48.176 GC heap before
{Heap before GC invocations=669 (full 1):
 def new generation   total 8960K, used 8315K [0x23cf0000, 0x246a0000, 0x29240000)
  eden space 8000K, 100% used [0x23cf0000, 0x244c0000, 0x244c0000)
  from space 960K,  32% used [0x244c0000, 0x2450ee08, 0x245b0000)
  to   space 960K,   0% used [0x245b0000, 0x245b0000, 0x246a0000)
 tenured generation   total 19804K, used 18564K [0x29240000, 0x2a597000, 0x33cf0000)
   the space 19804K,  93% used [0x29240000, 0x2a4611a0, 0x2a461200, 0x2a597000)
 compacting perm gen  total 12288K, used 3592K [0x33cf0000, 0x348f0000, 0x37cf0000)
   the space 12288K,  29% used [0x33cf0000, 0x34072110, 0x34072200, 0x348f0000)
    ro space 10240K,  45% used [0x37cf0000, 0x38179b28, 0x38179c00, 0x386f0000)
    rw space 12288K,  54% used [0x386f0000, 0x38d7d0e8, 0x38d7d200, 0x392f0000)
Event: 48.177 GC heap after
Heap after GC invocations=670 (full 1):
 def new generation   total 8960K, used 345K [0x23cf0000, 0x246a0000, 0x29240000)
  eden space 8000K,   0% used [0x23cf0000, 0x23cf0000, 0x244c0000)
  from space 960K,  35% used [0x245b0000, 0x246065a8, 0x246a0000)
  to   space 960K,   0% used [0x244c0000, 0x244c0000, 0x245b0000)
 tenured generation   total 19804K, used 18579K [0x29240000, 0x2a597000, 0x33cf0000)
   the space 19804K,  93% used [0x29240000, 0x2a464f50, 0x2a465000, 0x2a597000)
 compacting perm gen  total 12288K, used 3592K [0x33cf0000, 0x348f0000, 0x37cf0000)
   the space 12288K,  29% used [0x33cf0000, 0x34072110, 0x34072200, 0x348f0000)
    ro space 10240K,  45% used [0x37cf0000, 0x38179b28, 0x38179c00, 0x386f0000)
    rw space 12288K,  54% used [0x386f0000, 0x38d7d0e8, 0x38d7d200, 0x392f0000)
}
Event: 48.255 GC heap before
{Heap before GC invocations=670 (full 1):
 def new generation   total 8960K, used 8345K [0x23cf0000, 0x246a0000, 0x29240000)
  eden space 8000K, 100% used [0x23cf0000, 0x244c0000, 0x244c0000)
  from space 960K,  35% used [0x245b0000, 0x246065a8, 0x246a0000)
  to   space 960K,   0% used [0x244c0000, 0x244c0000, 0x245b0000)
 tenured generation   total 19804K, used 18579K [0x29240000, 0x2a597000, 0x33cf0000)
   the space 19804K,  93% used [0x29240000, 0x2a464f50, 0x2a465000, 0x2a597000)
 compacting perm gen  total 12288K, used 3592K [0x33cf0000, 0x348f0000, 0x37cf0000)
   the space 12288K,  29% used [0x33cf0000, 0x34072110, 0x34072200, 0x348f0000)
    ro space 10240K,  45% used [0x37cf0000, 0x38179b28, 0x38179c00, 0x386f0000)
    rw space 12288K,  54% used [0x386f0000, 0x38d7d0e8, 0x38d7d200, 0x392f0000)
Event: 48.258 GC heap after
Heap after GC invocations=671 (full 1):
 def new generation   total 8960K, used 418K [0x23cf0000, 0x246a0000, 0x29240000)
  eden space 8000K,   0% used [0x23cf0000, 0x23cf0000, 0x244c0000)
  from space 960K,  43% used [0x244c0000, 0x24528b48, 0x245b0000)
  to   space 960K,   0% used [0x245b0000, 0x245b0000, 0x246a0000)
 tenured generation   total 19804K, used 18595K [0x29240000, 0x2a597000, 0x33cf0000)
   the space 19804K,  93% used [0x29240000, 0x2a468cb0, 0x2a468e00, 0x2a597000)
 compacting perm gen  total 12288K, used 3592K [0x33cf0000, 0x348f0000, 0x37cf0000)
   the space 12288K,  29% used [0x33cf0000, 0x34072110, 0x34072200, 0x348f0000)
    ro space 10240K,  45% used [0x37cf0000, 0x38179b28, 0x38179c00, 0x386f0000)
    rw space 12288K,  54% used [0x386f0000, 0x38d7d0e8, 0x38d7d200, 0x392f0000)
}
Event: 48.332 GC heap before
{Heap before GC invocations=671 (full 1):
 def new generation   total 8960K, used 8443K [0x23cf0000, 0x246a0000, 0x29240000)
  eden space 8000K, 100% used [0x23cf0000, 0x244c0000, 0x244c0000)
  from space 960K,  46% used [0x244c0000, 0x2452ec98, 0x245b0000)
  to   space 960K,   0% used [0x245b0000, 0x245b0000, 0x246a0000)
 tenured generation   total 19804K, used 18595K [0x29240000, 0x2a597000, 0x33cf0000)
   the space 19804K,  93% used [0x29240000, 0x2a468cb0, 0x2a468e00, 0x2a597000)
 compacting perm gen  total 12288K, used 3592K [0x33cf0000, 0x348f0000, 0x37cf0000)
   the space 12288K,  29% used [0x33cf0000, 0x34072120, 0x34072200, 0x348f0000)
    ro space 10240K,  45% used [0x37cf0000, 0x38179b28, 0x38179c00, 0x386f0000)
    rw space 12288K,  54% used [0x386f0000, 0x38d7d0e8, 0x38d7d200, 0x392f0000)
Event: 48.334 GC heap after
Heap after GC invocations=672 (full 1):
 def new generation   total 8960K, used 503K [0x23cf0000, 0x246a0000, 0x29240000)
  eden space 8000K,   0% used [0x23cf0000, 0x23cf0000, 0x244c0000)
  from space 960K,  52% used [0x245b0000, 0x2462df40, 0x246a0000)
  to   space 960K,   0% used [0x244c0000, 0x244c0000, 0x245b0000)
 tenured generation   total 19804K, used 18605K [0x29240000, 0x2a597000, 0x33cf0000)
   the space 19804K,  93% used [0x29240000, 0x2a46b630, 0x2a46b800, 0x2a597000)
 compacting perm gen  total 12288K, used 3592K [0x33cf0000, 0x348f0000, 0x37cf0000)
   the space 12288K,  29% used [0x33cf0000, 0x34072120, 0x34072200, 0x348f0000)
    ro space 10240K,  45% used [0x37cf0000, 0x38179b28, 0x38179c00, 0x386f0000)
    rw space 12288K,  54% used [0x386f0000, 0x38d7d0e8, 0x38d7d200, 0x392f0000)
}
Event: 48.334 GC heap before
{Heap before GC invocations=672 (full 1):
 def new generation   total 8960K, used 1117K [0x23cf0000, 0x246a0000, 0x29240000)
  eden space 8000K,   7% used [0x23cf0000, 0x23d894c0, 0x244c0000)
  from space 960K,  52% used [0x245b0000, 0x2462df40, 0x246a0000)
  to   space 960K,   0% used [0x244c0000, 0x244c0000, 0x245b0000)
 tenured generation   total 19804K, used 18605K [0x29240000, 0x2a597000, 0x33cf0000)
   the space 19804K,  93% used [0x29240000, 0x2a46b630, 0x2a46b800, 0x2a597000)
 compacting perm gen  total 12288K, used 3592K [0x33cf0000, 0x348f0000, 0x37cf0000)
   the space 12288K,  29% used [0x33cf0000, 0x34072120, 0x34072200, 0x348f0000)
    ro space 10240K,  45% used [0x37cf0000, 0x38179b28, 0x38179c00, 0x386f0000)
    rw space 12288K,  54% used [0x386f0000, 0x38d7d0e8, 0x38d7d200, 0x392f0000)
Event: 48.336 GC heap after
Heap after GC invocations=673 (full 1):
 def new generation   total 8960K, used 472K [0x23cf0000, 0x246a0000, 0x29240000)
  eden space 8000K,   0% used [0x23cf0000, 0x23cf0000, 0x244c0000)
  from space 960K,  49% used [0x244c0000, 0x24536310, 0x245b0000)
  to   space 960K,   0% used [0x245b0000, 0x245b0000, 0x246a0000)
 tenured generation   total 19804K, used 18636K [0x29240000, 0x2a597000, 0x33cf0000)
   the space 19804K,  94% used [0x29240000, 0x2a473270, 0x2a473400, 0x2a597000)
 compacting perm gen  total 12288K, used 3592K [0x33cf0000, 0x348f0000, 0x37cf0000)
   the space 12288K,  29% used [0x33cf0000, 0x34072120, 0x34072200, 0x348f0000)
    ro space 10240K,  45% used [0x37cf0000, 0x38179b28, 0x38179c00, 0x386f0000)
    rw space 12288K,  54% used [0x386f0000, 0x38d7d0e8, 0x38d7d200, 0x392f0000)
}

